#
# There is insufficient memory for the Java Runtime Environment to continue.
# Native memory allocation (mmap) failed to map 536870912 bytes for committing reserved memory.
# Possible reasons:
#   The system is out of physical RAM or swap space
#   In 32 bit mode, the process size limit was hit
# Possible solutions:
#   Reduce memory load on the system
#   Increase physical memory or swap space
#   Check if swap backing store is full
#   Use 64 bit Java on a 64 bit OS
#   Decrease Java heap size (-Xmx/-Xms)
#   Decrease number of Java threads
#   Decrease Java thread stack sizes (-Xss)
#   Set larger code cache with -XX:ReservedCodeCacheSize=
# This output file may be truncated or incomplete.
#
#  Out of Memory Error (os_linux.cpp:2643), pid=23354, tid=0x00007f63d8f94700
#
# JRE version:  (8.0_131-b11) (build )
# Java VM: OpenJDK 64-Bit Server VM (25.131-b11 mixed mode linux-amd64 compressed oops)
# Failed to write core dump. Core dumps have been disabled. To enable core dumping, try "ulimit -c unlimited" before starting Java again
#

---------------  T H R E A D  ---------------

Current thread (0x00007f63d000a800):  JavaThread "Unknown thread" [_thread_in_vm, id=23355, stack(0x00007f63d8e94000,0x00007f63d8f95000)]

Stack: [0x00007f63d8e94000,0x00007f63d8f95000],  sp=0x00007f63d8f93500,  free space=1021k
Native frames: (J=compiled Java code, j=interpreted, Vv=VM code, C=native code)
V  [libjvm.so+0xa673eb]
V  [libjvm.so+0x4c3bec]
V  [libjvm.so+0x8b58a0]
V  [libjvm.so+0x8afd1e]
V  [libjvm.so+0xa63ce4]
V  [libjvm.so+0x5ca970]
V  [libjvm.so+0xa02b54]
V  [libjvm.so+0x5cb73a]
V  [libjvm.so+0x5b719f]
V  [libjvm.so+0xa2a8e9]
V  [libjvm.so+0xa2ab32]
V  [libjvm.so+0x60efff]
V  [libjvm.so+0xa0feda]
V  [libjvm.so+0x6891e2]  JNI_CreateJavaVM+0x62
C  [libjli.so+0x2f2e]
C  [libjli.so+0x73dd]
C  [libpthread.so.0+0x76ba]  start_thread+0xca


---------------  P R O C E S S  ---------------

Java Threads: ( => current thread )

Other Threads:

=>0x00007f63d000a800 (exited) JavaThread "Unknown thread" [_thread_in_vm, id=23355, stack(0x00007f63d8e94000,0x00007f63d8f95000)]

VM state:not at safepoint (not fully initialized)

VM Mutex/Monitor currently owned by a thread: None

GC Heap History (0 events):
No events

Deoptimization events (0 events):
No events

Internal exceptions (0 events):
No events

Events (0 events):
No events


Dynamic libraries:
00400000-00401000 r-xp 00000000 ca:01 256501                             /usr/lib/jvm/java-8-openjdk-amd64/jre/bin/java
00600000-00601000 r--p 00000000 ca:01 256501                             /usr/lib/jvm/java-8-openjdk-amd64/jre/bin/java
00601000-00602000 rw-p 00001000 ca:01 256501                             /usr/lib/jvm/java-8-openjdk-amd64/jre/bin/java
02082000-020a3000 rw-p 00000000 00:00 0                                  [heap]
d0000000-e0000000 rw-p 00000000 00:00 0 
7f63c1000000-7f63c1270000 rwxp 00000000 00:00 0 
7f63c1270000-7f63d0000000 ---p 00000000 00:00 0 
7f63d0000000-7f63d0033000 rw-p 00000000 00:00 0 
7f63d0033000-7f63d4000000 ---p 00000000 00:00 0 
7f63d53bb000-7f63d543b000 rw-p 00000000 00:00 0 
7f63d543b000-7f63d553b000 ---p 00000000 00:00 0 
7f63d553b000-7f63d5546000 rw-p 00000000 00:00 0 
7f63d5546000-7f63d58fc000 ---p 00000000 00:00 0 
7f63d58fc000-7f63d5904000 r-xp 00000000 ca:01 256441                     /usr/lib/jvm/java-8-openjdk-amd64/jre/lib/amd64/libzip.so
7f63d5904000-7f63d5b03000 ---p 00008000 ca:01 256441                     /usr/lib/jvm/java-8-openjdk-amd64/jre/lib/amd64/libzip.so
7f63d5b03000-7f63d5b04000 r--p 00007000 ca:01 256441                     /usr/lib/jvm/java-8-openjdk-amd64/jre/lib/amd64/libzip.so
7f63d5b04000-7f63d5b05000 rw-p 00008000 ca:01 256441                     /usr/lib/jvm/java-8-openjdk-amd64/jre/lib/amd64/libzip.so
7f63d5b05000-7f63d5b10000 r-xp 00000000 ca:01 2072                       /lib/x86_64-linux-gnu/libnss_files-2.23.so
7f63d5b10000-7f63d5d0f000 ---p 0000b000 ca:01 2072                       /lib/x86_64-linux-gnu/libnss_files-2.23.so
7f63d5d0f000-7f63d5d10000 r--p 0000a000 ca:01 2072                       /lib/x86_64-linux-gnu/libnss_files-2.23.so
7f63d5d10000-7f63d5d11000 rw-p 0000b000 ca:01 2072                       /lib/x86_64-linux-gnu/libnss_files-2.23.so
7f63d5d11000-7f63d5d17000 rw-p 00000000 00:00 0 
7f63d5d17000-7f63d5d22000 r-xp 00000000 ca:01 2061                       /lib/x86_64-linux-gnu/libnss_nis-2.23.so
7f63d5d22000-7f63d5f21000 ---p 0000b000 ca:01 2061                       /lib/x86_64-linux-gnu/libnss_nis-2.23.so
7f63d5f21000-7f63d5f22000 r--p 0000a000 ca:01 2061                       /lib/x86_64-linux-gnu/libnss_nis-2.23.so
7f63d5f22000-7f63d5f23000 rw-p 0000b000 ca:01 2061                       /lib/x86_64-linux-gnu/libnss_nis-2.23.so
7f63d5f23000-7f63d5f39000 r-xp 00000000 ca:01 2065                       /lib/x86_64-linux-gnu/libnsl-2.23.so
7f63d5f39000-7f63d6138000 ---p 00016000 ca:01 2065                       /lib/x86_64-linux-gnu/libnsl-2.23.so
7f63d6138000-7f63d6139000 r--p 00015000 ca:01 2065                       /lib/x86_64-linux-gnu/libnsl-2.23.so
7f63d6139000-7f63d613a000 rw-p 00016000 ca:01 2065                       /lib/x86_64-linux-gnu/libnsl-2.23.so
7f63d613a000-7f63d613c000 rw-p 00000000 00:00 0 
7f63d613c000-7f63d6144000 r-xp 00000000 ca:01 2074                       /lib/x86_64-linux-gnu/libnss_compat-2.23.so
7f63d6144000-7f63d6343000 ---p 00008000 ca:01 2074                       /lib/x86_64-linux-gnu/libnss_compat-2.23.so
7f63d6343000-7f63d6344000 r--p 00007000 ca:01 2074                       /lib/x86_64-linux-gnu/libnss_compat-2.23.so
7f63d6344000-7f63d6345000 rw-p 00008000 ca:01 2074                       /lib/x86_64-linux-gnu/libnss_compat-2.23.so
7f63d6345000-7f63d6372000 r-xp 00000000 ca:01 256436                     /usr/lib/jvm/java-8-openjdk-amd64/jre/lib/amd64/libjava.so
7f63d6372000-7f63d6571000 ---p 0002d000 ca:01 256436                     /usr/lib/jvm/java-8-openjdk-amd64/jre/lib/amd64/libjava.so
7f63d6571000-7f63d6572000 r--p 0002c000 ca:01 256436                     /usr/lib/jvm/java-8-openjdk-amd64/jre/lib/amd64/libjava.so
7f63d6572000-7f63d6574000 rw-p 0002d000 ca:01 256436                     /usr/lib/jvm/java-8-openjdk-amd64/jre/lib/amd64/libjava.so
7f63d6574000-7f63d6583000 r-xp 00000000 ca:01 256433                     /usr/lib/jvm/java-8-openjdk-amd64/jre/lib/amd64/libverify.so
7f63d6583000-7f63d6782000 ---p 0000f000 ca:01 256433                     /usr/lib/jvm/java-8-openjdk-amd64/jre/lib/amd64/libverify.so
7f63d6782000-7f63d6784000 r--p 0000e000 ca:01 256433                     /usr/lib/jvm/java-8-openjdk-amd64/jre/lib/amd64/libverify.so
7f63d6784000-7f63d6785000 rw-p 00010000 ca:01 256433                     /usr/lib/jvm/java-8-openjdk-amd64/jre/lib/amd64/libverify.so
7f63d6785000-7f63d678c000 r-xp 00000000 ca:01 2077                       /lib/x86_64-linux-gnu/librt-2.23.so
7f63d678c000-7f63d698b000 ---p 00007000 ca:01 2077                       /lib/x86_64-linux-gnu/librt-2.23.so
7f63d698b000-7f63d698c000 r--p 00006000 ca:01 2077                       /lib/x86_64-linux-gnu/librt-2.23.so
7f63d698c000-7f63d698d000 rw-p 00007000 ca:01 2077                       /lib/x86_64-linux-gnu/librt-2.23.so
7f63d698d000-7f63d69a3000 r-xp 00000000 ca:01 2038                       /lib/x86_64-linux-gnu/libgcc_s.so.1
7f63d69a3000-7f63d6ba2000 ---p 00016000 ca:01 2038                       /lib/x86_64-linux-gnu/libgcc_s.so.1
7f63d6ba2000-7f63d6ba3000 rw-p 00015000 ca:01 2038                       /lib/x86_64-linux-gnu/libgcc_s.so.1
7f63d6ba3000-7f63d6cab000 r-xp 00000000 ca:01 2064                       /lib/x86_64-linux-gnu/libm-2.23.so
7f63d6cab000-7f63d6eaa000 ---p 00108000 ca:01 2064                       /lib/x86_64-linux-gnu/libm-2.23.so
7f63d6eaa000-7f63d6eab000 r--p 00107000 ca:01 2064                       /lib/x86_64-linux-gnu/libm-2.23.so
7f63d6eab000-7f63d6eac000 rw-p 00108000 ca:01 2064                       /lib/x86_64-linux-gnu/libm-2.23.so
7f63d6eac000-7f63d701e000 r-xp 00000000 ca:01 25778                      /usr/lib/x86_64-linux-gnu/libstdc++.so.6.0.21
7f63d701e000-7f63d721e000 ---p 00172000 ca:01 25778                      /usr/lib/x86_64-linux-gnu/libstdc++.so.6.0.21
7f63d721e000-7f63d7228000 r--p 00172000 ca:01 25778                      /usr/lib/x86_64-linux-gnu/libstdc++.so.6.0.21
7f63d7228000-7f63d722a000 rw-p 0017c000 ca:01 25778                      /usr/lib/x86_64-linux-gnu/libstdc++.so.6.0.21
7f63d722a000-7f63d722e000 rw-p 00000000 00:00 0 
7f63d722e000-7f63d7e7f000 r-xp 00000000 ca:01 256432                     /usr/lib/jvm/java-8-openjdk-amd64/jre/lib/amd64/server/libjvm.so
7f63d7e7f000-7f63d807f000 ---p 00c51000 ca:01 256432                     /usr/lib/jvm/java-8-openjdk-amd64/jre/lib/amd64/server/libjvm.so
7f63d807f000-7f63d8112000 r--p 00c51000 ca:01 256432                     /usr/lib/jvm/java-8-openjdk-amd64/jre/lib/amd64/server/libjvm.so
7f63d8112000-7f63d813b000 rw-p 00ce4000 ca:01 256432                     /usr/lib/jvm/java-8-openjdk-amd64/jre/lib/amd64/server/libjvm.so
7f63d813b000-7f63d816b000 rw-p 00000000 00:00 0 
7f63d816b000-7f63d8183000 r-xp 00000000 ca:01 2082                       /lib/x86_64-linux-gnu/libpthread-2.23.so
7f63d8183000-7f63d8382000 ---p 00018000 ca:01 2082                       /lib/x86_64-linux-gnu/libpthread-2.23.so
7f63d8382000-7f63d8383000 r--p 00017000 ca:01 2082                       /lib/x86_64-linux-gnu/libpthread-2.23.so
7f63d8383000-7f63d8384000 rw-p 00018000 ca:01 2082                       /lib/x86_64-linux-gnu/libpthread-2.23.so
7f63d8384000-7f63d8388000 rw-p 00000000 00:00 0 
7f63d8388000-7f63d838b000 r-xp 00000000 ca:01 2060                       /lib/x86_64-linux-gnu/libdl-2.23.so
7f63d838b000-7f63d858a000 ---p 00003000 ca:01 2060                       /lib/x86_64-linux-gnu/libdl-2.23.so
7f63d858a000-7f63d858b000 r--p 00002000 ca:01 2060                       /lib/x86_64-linux-gnu/libdl-2.23.so
7f63d858b000-7f63d858c000 rw-p 00003000 ca:01 2060                       /lib/x86_64-linux-gnu/libdl-2.23.so
7f63d858c000-7f63d85a5000 r-xp 00000000 ca:01 2187                       /lib/x86_64-linux-gnu/libz.so.1.2.8
7f63d85a5000-7f63d87a4000 ---p 00019000 ca:01 2187                       /lib/x86_64-linux-gnu/libz.so.1.2.8
7f63d87a4000-7f63d87a5000 r--p 00018000 ca:01 2187                       /lib/x86_64-linux-gnu/libz.so.1.2.8
7f63d87a5000-7f63d87a6000 rw-p 00019000 ca:01 2187                       /lib/x86_64-linux-gnu/libz.so.1.2.8
7f63d87a6000-7f63d8965000 r-xp 00000000 ca:01 2066                       /lib/x86_64-linux-gnu/libc-2.23.so
7f63d8965000-7f63d8b65000 ---p 001bf000 ca:01 2066                       /lib/x86_64-linux-gnu/libc-2.23.so
7f63d8b65000-7f63d8b69000 r--p 001bf000 ca:01 2066                       /lib/x86_64-linux-gnu/libc-2.23.so
7f63d8b69000-7f63d8b6b000 rw-p 001c3000 ca:01 2066                       /lib/x86_64-linux-gnu/libc-2.23.so
7f63d8b6b000-7f63d8b6f000 rw-p 00000000 00:00 0 
7f63d8b6f000-7f63d8b7c000 r-xp 00000000 ca:01 256449                     /usr/lib/jvm/java-8-openjdk-amd64/jre/lib/amd64/jli/libjli.so
7f63d8b7c000-7f63d8d7c000 ---p 0000d000 ca:01 256449                     /usr/lib/jvm/java-8-openjdk-amd64/jre/lib/amd64/jli/libjli.so
7f63d8d7c000-7f63d8d7d000 r--p 0000d000 ca:01 256449                     /usr/lib/jvm/java-8-openjdk-amd64/jre/lib/amd64/jli/libjli.so
7f63d8d7d000-7f63d8d7e000 rw-p 0000e000 ca:01 256449                     /usr/lib/jvm/java-8-openjdk-amd64/jre/lib/amd64/jli/libjli.so
7f63d8d7e000-7f63d8da4000 r-xp 00000000 ca:01 2069                       /lib/x86_64-linux-gnu/ld-2.23.so
7f63d8e8c000-7f63d8e94000 rw-s 00000000 ca:01 274907                     /tmp/hsperfdata_ubuntu/23354
7f63d8e94000-7f63d8e97000 ---p 00000000 00:00 0 
7f63d8e97000-7f63d8f9a000 rw-p 00000000 00:00 0 
7f63d8f9f000-7f63d8fa0000 rw-p 00000000 00:00 0 
7f63d8fa0000-7f63d8fa1000 r--p 00000000 00:00 0 
7f63d8fa1000-7f63d8fa3000 rw-p 00000000 00:00 0 
7f63d8fa3000-7f63d8fa4000 r--p 00025000 ca:01 2069                       /lib/x86_64-linux-gnu/ld-2.23.so
7f63d8fa4000-7f63d8fa5000 rw-p 00026000 ca:01 2069                       /lib/x86_64-linux-gnu/ld-2.23.so
7f63d8fa5000-7f63d8fa6000 rw-p 00000000 00:00 0 
7ffda5464000-7ffda5485000 rw-p 00000000 00:00 0                          [stack]
7ffda54b7000-7ffda54b9000 r--p 00000000 00:00 0                          [vvar]
7ffda54b9000-7ffda54bb000 r-xp 00000000 00:00 0                          [vdso]
ffffffffff600000-ffffffffff601000 r-xp 00000000 00:00 0                  [vsyscall]

VM Arguments:
jvm_args: -Dgrails.env=test -Dgrails.full.stacktrace -Dinfo.app.grailsVersion=3.1.1 -Dinfo.app.name=Plantilla -Dinfo.app.version=0.1 -Djava.security.manager=jarjar.org.gradle.process.internal.child.BootstrapSecurityManager -XX:+TieredCompilation -XX:TieredStopAtLevel=1 -XX:CICompilerCount=3 -Xms768m -Xmx768m -Dfile.encoding=UTF-8 -Duser.country=US -Duser.language=en -Duser.variant -ea 
java_command: jarjar.org.gradle.process.internal.launcher.GradleWorkerMain 'Gradle Test Executor 21'
java_class_path (initial): /home/ubuntu/.gradle/caches/2.9/workerMain/gradle-worker.jar
Launcher Type: SUN_STANDARD

Environment Variables:
PATH=/home/ubuntu/bin:/home/ubuntu/.local/bin:/home/ubuntu/.sdkman/candidates/grails/current/bin:/home/ubuntu/.sdkman/candidates/gradle/current/bin:/usr/local/sbin:/usr/local/bin:/usr/sbin:/usr/bin:/sbin:/bin:/usr/games:/usr/local/games:/snap/bin
SHELL=/bin/bash

Signal Handlers:
SIGSEGV: [libjvm.so+0xa67f40], sa_mask[0]=11111111011111111101111111111110, sa_flags=SA_RESTART|SA_SIGINFO
SIGBUS: [libjvm.so+0xa67f40], sa_mask[0]=11111111011111111101111111111110, sa_flags=SA_RESTART|SA_SIGINFO
SIGFPE: [libjvm.so+0x8b0ec0], sa_mask[0]=11111111011111111101111111111110, sa_flags=SA_RESTART|SA_SIGINFO
SIGPIPE: [libjvm.so+0x8b0ec0], sa_mask[0]=11111111011111111101111111111110, sa_flags=SA_RESTART|SA_SIGINFO
SIGXFSZ: [libjvm.so+0x8b0ec0], sa_mask[0]=11111111011111111101111111111110, sa_flags=SA_RESTART|SA_SIGINFO
SIGILL: [libjvm.so+0x8b0ec0], sa_mask[0]=11111111011111111101111111111110, sa_flags=SA_RESTART|SA_SIGINFO
SIGUSR1: SIG_DFL, sa_mask[0]=00000000000000000000000000000000, sa_flags=none
SIGUSR2: [libjvm.so+0x8b0d70], sa_mask[0]=00100000000000000000000000000000, sa_flags=SA_RESTART|SA_SIGINFO
SIGHUP: SIG_DFL, sa_mask[0]=00000000000000000000000000000000, sa_flags=none
SIGINT: SIG_DFL, sa_mask[0]=00000000000000000000000000000000, sa_flags=none
SIGTERM: SIG_DFL, sa_mask[0]=00000000000000000000000000000000, sa_flags=none
SIGQUIT: SIG_DFL, sa_mask[0]=00000000000000000000000000000000, sa_flags=none


---------------  S Y S T E M  ---------------

OS:DISTRIB_ID=Ubuntu
DISTRIB_RELEASE=16.04
DISTRIB_CODENAME=xenial
DISTRIB_DESCRIPTION="Ubuntu 16.04.2 LTS"

uname:Linux 4.4.0-1013-aws #22-Ubuntu SMP Fri Mar 31 15:41:31 UTC 2017 x86_64
libc:glibc 2.23 NPTL 2.23 
rlimit: STACK 8192k, CORE 0k, NPROC 3902, NOFILE 65536, AS infinity
load average:1.29 0.87 2.09

/proc/meminfo:
MemTotal:        1014460 kB
MemFree:           61660 kB
MemAvailable:     393416 kB
Buffers:           11804 kB
Cached:           440576 kB
SwapCached:            0 kB
Active:           729096 kB
Inactive:         159332 kB
Active(anon):     439376 kB
Inactive(anon):     2308 kB
Active(file):     289720 kB
Inactive(file):   157024 kB
Unevictable:        3656 kB
Mlocked:            3656 kB
SwapTotal:             0 kB
SwapFree:              0 kB
Dirty:             31096 kB
Writeback:             0 kB
AnonPages:        439752 kB
Mapped:            29884 kB
Shmem:              3204 kB
Slab:              41996 kB
SReclaimable:      25476 kB
SUnreclaim:        16520 kB
KernelStack:        2768 kB
PageTables:         3988 kB
NFS_Unstable:          0 kB
Bounce:                0 kB
WritebackTmp:          0 kB
CommitLimit:      507228 kB
Committed_AS:     834796 kB
VmallocTotal:   34359738367 kB
VmallocUsed:           0 kB
VmallocChunk:          0 kB
HardwareCorrupted:     0 kB
AnonHugePages:    180224 kB
CmaTotal:              0 kB
CmaFree:               0 kB
HugePages_Total:       0
HugePages_Free:        0
HugePages_Rsvd:        0
HugePages_Surp:        0
Hugepagesize:       2048 kB
DirectMap4k:       45056 kB
DirectMap2M:     1003520 kB


CPU:total 1 (initial active 1) (1 cores per cpu, 1 threads per core) family 6 model 63 stepping 2, cmov, cx8, fxsr, mmx, sse, sse2, sse3, ssse3, sse4.1, sse4.2, popcnt, avx, avx2, aes, clmul, erms, lzcnt, tsc, bmi1, bmi2

/proc/cpuinfo:
processor	: 0
vendor_id	: GenuineIntel
cpu family	: 6
model		: 63
model name	: Intel(R) Xeon(R) CPU E5-2676 v3 @ 2.40GHz
stepping	: 2
microcode	: 0x25
cpu MHz		: 2400.056
cache size	: 30720 KB
physical id	: 0
siblings	: 1
core id		: 0
cpu cores	: 1
apicid		: 0
initial apicid	: 0
fpu		: yes
fpu_exception	: yes
cpuid level	: 13
wp		: yes
flags		: fpu vme de pse tsc msr pae mce cx8 apic sep mtrr pge mca cmov pat pse36 clflush mmx fxsr sse sse2 ht syscall nx rdtscp lm constant_tsc rep_good nopl xtopology eagerfpu pni pclmulqdq ssse3 fma cx16 pcid sse4_1 sse4_2 x2apic movbe popcnt tsc_deadline_timer aes xsave avx f16c rdrand hypervisor lahf_lm abm fsgsbase bmi1 avx2 smep bmi2 erms invpcid xsaveopt
bugs		:
bogomips	: 4800.11
clflush size	: 64
cache_alignment	: 64
address sizes	: 46 bits physical, 48 bits virtual
power management:



Memory: 4k page, physical 1014460k(61660k free), swap 0k(0k free)

vm_info: OpenJDK 64-Bit Server VM (25.131-b11) for linux-amd64 JRE (1.8.0_131-8u131-b11-0ubuntu1.16.04.2-b11), built on May  6 2017 02:45:27 by "buildd" with gcc 5.4.0 20160609

time: Mon May 15 00:19:07 2017
elapsed time: 0 seconds (0d 0h 0m 0s)

