#
# There is insufficient memory for the Java Runtime Environment to continue.
# Native memory allocation (mmap) failed to map 536870912 bytes for committing reserved memory.
# Possible reasons:
#   The system is out of physical RAM or swap space
#   In 32 bit mode, the process size limit was hit
# Possible solutions:
#   Reduce memory load on the system
#   Increase physical memory or swap space
#   Check if swap backing store is full
#   Use 64 bit Java on a 64 bit OS
#   Decrease Java heap size (-Xmx/-Xms)
#   Decrease number of Java threads
#   Decrease Java thread stack sizes (-Xss)
#   Set larger code cache with -XX:ReservedCodeCacheSize=
# This output file may be truncated or incomplete.
#
#  Out of Memory Error (os_linux.cpp:2643), pid=23282, tid=0x00007f401f77f700
#
# JRE version:  (8.0_131-b11) (build )
# Java VM: OpenJDK 64-Bit Server VM (25.131-b11 mixed mode linux-amd64 compressed oops)
# Failed to write core dump. Core dumps have been disabled. To enable core dumping, try "ulimit -c unlimited" before starting Java again
#

---------------  T H R E A D  ---------------

Current thread (0x00007f401800a800):  JavaThread "Unknown thread" [_thread_in_vm, id=23284, stack(0x00007f401f67f000,0x00007f401f780000)]

Stack: [0x00007f401f67f000,0x00007f401f780000],  sp=0x00007f401f77e500,  free space=1021k
Native frames: (J=compiled Java code, j=interpreted, Vv=VM code, C=native code)
V  [libjvm.so+0xa673eb]
V  [libjvm.so+0x4c3bec]
V  [libjvm.so+0x8b58a0]
V  [libjvm.so+0x8afd1e]
V  [libjvm.so+0xa63ce4]
V  [libjvm.so+0x5ca970]
V  [libjvm.so+0xa02b54]
V  [libjvm.so+0x5cb73a]
V  [libjvm.so+0x5b719f]
V  [libjvm.so+0xa2a8e9]
V  [libjvm.so+0xa2ab32]
V  [libjvm.so+0x60efff]
V  [libjvm.so+0xa0feda]
V  [libjvm.so+0x6891e2]  JNI_CreateJavaVM+0x62
C  [libjli.so+0x2f2e]
C  [libjli.so+0x73dd]
C  [libpthread.so.0+0x76ba]  start_thread+0xca


---------------  P R O C E S S  ---------------

Java Threads: ( => current thread )

Other Threads:

=>0x00007f401800a800 (exited) JavaThread "Unknown thread" [_thread_in_vm, id=23284, stack(0x00007f401f67f000,0x00007f401f780000)]

VM state:not at safepoint (not fully initialized)

VM Mutex/Monitor currently owned by a thread: None

GC Heap History (0 events):
No events

Deoptimization events (0 events):
No events

Internal exceptions (0 events):
No events

Events (0 events):
No events


Dynamic libraries:
00400000-00401000 r-xp 00000000 ca:01 256501                             /usr/lib/jvm/java-8-openjdk-amd64/jre/bin/java
00600000-00601000 r--p 00000000 ca:01 256501                             /usr/lib/jvm/java-8-openjdk-amd64/jre/bin/java
00601000-00602000 rw-p 00001000 ca:01 256501                             /usr/lib/jvm/java-8-openjdk-amd64/jre/bin/java
023f9000-0241a000 rw-p 00000000 00:00 0                                  [heap]
d0000000-e0000000 rw-p 00000000 00:00 0 
7f4008abf000-7f4008b3f000 rw-p 00000000 00:00 0 
7f4008b3f000-7f4008c3f000 ---p 00000000 00:00 0 
7f4008c3f000-7f4008c4a000 rw-p 00000000 00:00 0 
7f4008c4a000-7f4009000000 ---p 00000000 00:00 0 
7f4009000000-7f4009270000 rwxp 00000000 00:00 0 
7f4009270000-7f4018000000 ---p 00000000 00:00 0 
7f4018000000-7f4018033000 rw-p 00000000 00:00 0 
7f4018033000-7f401c000000 ---p 00000000 00:00 0 
7f401c0e7000-7f401c0ef000 r-xp 00000000 ca:01 256441                     /usr/lib/jvm/java-8-openjdk-amd64/jre/lib/amd64/libzip.so
7f401c0ef000-7f401c2ee000 ---p 00008000 ca:01 256441                     /usr/lib/jvm/java-8-openjdk-amd64/jre/lib/amd64/libzip.so
7f401c2ee000-7f401c2ef000 r--p 00007000 ca:01 256441                     /usr/lib/jvm/java-8-openjdk-amd64/jre/lib/amd64/libzip.so
7f401c2ef000-7f401c2f0000 rw-p 00008000 ca:01 256441                     /usr/lib/jvm/java-8-openjdk-amd64/jre/lib/amd64/libzip.so
7f401c2f0000-7f401c2fb000 r-xp 00000000 ca:01 2072                       /lib/x86_64-linux-gnu/libnss_files-2.23.so
7f401c2fb000-7f401c4fa000 ---p 0000b000 ca:01 2072                       /lib/x86_64-linux-gnu/libnss_files-2.23.so
7f401c4fa000-7f401c4fb000 r--p 0000a000 ca:01 2072                       /lib/x86_64-linux-gnu/libnss_files-2.23.so
7f401c4fb000-7f401c4fc000 rw-p 0000b000 ca:01 2072                       /lib/x86_64-linux-gnu/libnss_files-2.23.so
7f401c4fc000-7f401c502000 rw-p 00000000 00:00 0 
7f401c502000-7f401c50d000 r-xp 00000000 ca:01 2061                       /lib/x86_64-linux-gnu/libnss_nis-2.23.so
7f401c50d000-7f401c70c000 ---p 0000b000 ca:01 2061                       /lib/x86_64-linux-gnu/libnss_nis-2.23.so
7f401c70c000-7f401c70d000 r--p 0000a000 ca:01 2061                       /lib/x86_64-linux-gnu/libnss_nis-2.23.so
7f401c70d000-7f401c70e000 rw-p 0000b000 ca:01 2061                       /lib/x86_64-linux-gnu/libnss_nis-2.23.so
7f401c70e000-7f401c724000 r-xp 00000000 ca:01 2065                       /lib/x86_64-linux-gnu/libnsl-2.23.so
7f401c724000-7f401c923000 ---p 00016000 ca:01 2065                       /lib/x86_64-linux-gnu/libnsl-2.23.so
7f401c923000-7f401c924000 r--p 00015000 ca:01 2065                       /lib/x86_64-linux-gnu/libnsl-2.23.so
7f401c924000-7f401c925000 rw-p 00016000 ca:01 2065                       /lib/x86_64-linux-gnu/libnsl-2.23.so
7f401c925000-7f401c927000 rw-p 00000000 00:00 0 
7f401c927000-7f401c92f000 r-xp 00000000 ca:01 2074                       /lib/x86_64-linux-gnu/libnss_compat-2.23.so
7f401c92f000-7f401cb2e000 ---p 00008000 ca:01 2074                       /lib/x86_64-linux-gnu/libnss_compat-2.23.so
7f401cb2e000-7f401cb2f000 r--p 00007000 ca:01 2074                       /lib/x86_64-linux-gnu/libnss_compat-2.23.so
7f401cb2f000-7f401cb30000 rw-p 00008000 ca:01 2074                       /lib/x86_64-linux-gnu/libnss_compat-2.23.so
7f401cb30000-7f401cb5d000 r-xp 00000000 ca:01 256436                     /usr/lib/jvm/java-8-openjdk-amd64/jre/lib/amd64/libjava.so
7f401cb5d000-7f401cd5c000 ---p 0002d000 ca:01 256436                     /usr/lib/jvm/java-8-openjdk-amd64/jre/lib/amd64/libjava.so
7f401cd5c000-7f401cd5d000 r--p 0002c000 ca:01 256436                     /usr/lib/jvm/java-8-openjdk-amd64/jre/lib/amd64/libjava.so
7f401cd5d000-7f401cd5f000 rw-p 0002d000 ca:01 256436                     /usr/lib/jvm/java-8-openjdk-amd64/jre/lib/amd64/libjava.so
7f401cd5f000-7f401cd6e000 r-xp 00000000 ca:01 256433                     /usr/lib/jvm/java-8-openjdk-amd64/jre/lib/amd64/libverify.so
7f401cd6e000-7f401cf6d000 ---p 0000f000 ca:01 256433                     /usr/lib/jvm/java-8-openjdk-amd64/jre/lib/amd64/libverify.so
7f401cf6d000-7f401cf6f000 r--p 0000e000 ca:01 256433                     /usr/lib/jvm/java-8-openjdk-amd64/jre/lib/amd64/libverify.so
7f401cf6f000-7f401cf70000 rw-p 00010000 ca:01 256433                     /usr/lib/jvm/java-8-openjdk-amd64/jre/lib/amd64/libverify.so
7f401cf70000-7f401cf77000 r-xp 00000000 ca:01 2077                       /lib/x86_64-linux-gnu/librt-2.23.so
7f401cf77000-7f401d176000 ---p 00007000 ca:01 2077                       /lib/x86_64-linux-gnu/librt-2.23.so
7f401d176000-7f401d177000 r--p 00006000 ca:01 2077                       /lib/x86_64-linux-gnu/librt-2.23.so
7f401d177000-7f401d178000 rw-p 00007000 ca:01 2077                       /lib/x86_64-linux-gnu/librt-2.23.so
7f401d178000-7f401d18e000 r-xp 00000000 ca:01 2038                       /lib/x86_64-linux-gnu/libgcc_s.so.1
7f401d18e000-7f401d38d000 ---p 00016000 ca:01 2038                       /lib/x86_64-linux-gnu/libgcc_s.so.1
7f401d38d000-7f401d38e000 rw-p 00015000 ca:01 2038                       /lib/x86_64-linux-gnu/libgcc_s.so.1
7f401d38e000-7f401d496000 r-xp 00000000 ca:01 2064                       /lib/x86_64-linux-gnu/libm-2.23.so
7f401d496000-7f401d695000 ---p 00108000 ca:01 2064                       /lib/x86_64-linux-gnu/libm-2.23.so
7f401d695000-7f401d696000 r--p 00107000 ca:01 2064                       /lib/x86_64-linux-gnu/libm-2.23.so
7f401d696000-7f401d697000 rw-p 00108000 ca:01 2064                       /lib/x86_64-linux-gnu/libm-2.23.so
7f401d697000-7f401d809000 r-xp 00000000 ca:01 25778                      /usr/lib/x86_64-linux-gnu/libstdc++.so.6.0.21
7f401d809000-7f401da09000 ---p 00172000 ca:01 25778                      /usr/lib/x86_64-linux-gnu/libstdc++.so.6.0.21
7f401da09000-7f401da13000 r--p 00172000 ca:01 25778                      /usr/lib/x86_64-linux-gnu/libstdc++.so.6.0.21
7f401da13000-7f401da15000 rw-p 0017c000 ca:01 25778                      /usr/lib/x86_64-linux-gnu/libstdc++.so.6.0.21
7f401da15000-7f401da19000 rw-p 00000000 00:00 0 
7f401da19000-7f401e66a000 r-xp 00000000 ca:01 256432                     /usr/lib/jvm/java-8-openjdk-amd64/jre/lib/amd64/server/libjvm.so
7f401e66a000-7f401e86a000 ---p 00c51000 ca:01 256432                     /usr/lib/jvm/java-8-openjdk-amd64/jre/lib/amd64/server/libjvm.so
7f401e86a000-7f401e8fd000 r--p 00c51000 ca:01 256432                     /usr/lib/jvm/java-8-openjdk-amd64/jre/lib/amd64/server/libjvm.so
7f401e8fd000-7f401e926000 rw-p 00ce4000 ca:01 256432                     /usr/lib/jvm/java-8-openjdk-amd64/jre/lib/amd64/server/libjvm.so
7f401e926000-7f401e956000 rw-p 00000000 00:00 0 
7f401e956000-7f401e96e000 r-xp 00000000 ca:01 2082                       /lib/x86_64-linux-gnu/libpthread-2.23.so
7f401e96e000-7f401eb6d000 ---p 00018000 ca:01 2082                       /lib/x86_64-linux-gnu/libpthread-2.23.so
7f401eb6d000-7f401eb6e000 r--p 00017000 ca:01 2082                       /lib/x86_64-linux-gnu/libpthread-2.23.so
7f401eb6e000-7f401eb6f000 rw-p 00018000 ca:01 2082                       /lib/x86_64-linux-gnu/libpthread-2.23.so
7f401eb6f000-7f401eb73000 rw-p 00000000 00:00 0 
7f401eb73000-7f401eb76000 r-xp 00000000 ca:01 2060                       /lib/x86_64-linux-gnu/libdl-2.23.so
7f401eb76000-7f401ed75000 ---p 00003000 ca:01 2060                       /lib/x86_64-linux-gnu/libdl-2.23.so
7f401ed75000-7f401ed76000 r--p 00002000 ca:01 2060                       /lib/x86_64-linux-gnu/libdl-2.23.so
7f401ed76000-7f401ed77000 rw-p 00003000 ca:01 2060                       /lib/x86_64-linux-gnu/libdl-2.23.so
7f401ed77000-7f401ed90000 r-xp 00000000 ca:01 2187                       /lib/x86_64-linux-gnu/libz.so.1.2.8
7f401ed90000-7f401ef8f000 ---p 00019000 ca:01 2187                       /lib/x86_64-linux-gnu/libz.so.1.2.8
7f401ef8f000-7f401ef90000 r--p 00018000 ca:01 2187                       /lib/x86_64-linux-gnu/libz.so.1.2.8
7f401ef90000-7f401ef91000 rw-p 00019000 ca:01 2187                       /lib/x86_64-linux-gnu/libz.so.1.2.8
7f401ef91000-7f401f150000 r-xp 00000000 ca:01 2066                       /lib/x86_64-linux-gnu/libc-2.23.so
7f401f150000-7f401f350000 ---p 001bf000 ca:01 2066                       /lib/x86_64-linux-gnu/libc-2.23.so
7f401f350000-7f401f354000 r--p 001bf000 ca:01 2066                       /lib/x86_64-linux-gnu/libc-2.23.so
7f401f354000-7f401f356000 rw-p 001c3000 ca:01 2066                       /lib/x86_64-linux-gnu/libc-2.23.so
7f401f356000-7f401f35a000 rw-p 00000000 00:00 0 
7f401f35a000-7f401f367000 r-xp 00000000 ca:01 256449                     /usr/lib/jvm/java-8-openjdk-amd64/jre/lib/amd64/jli/libjli.so
7f401f367000-7f401f567000 ---p 0000d000 ca:01 256449                     /usr/lib/jvm/java-8-openjdk-amd64/jre/lib/amd64/jli/libjli.so
7f401f567000-7f401f568000 r--p 0000d000 ca:01 256449                     /usr/lib/jvm/java-8-openjdk-amd64/jre/lib/amd64/jli/libjli.so
7f401f568000-7f401f569000 rw-p 0000e000 ca:01 256449                     /usr/lib/jvm/java-8-openjdk-amd64/jre/lib/amd64/jli/libjli.so
7f401f569000-7f401f58f000 r-xp 00000000 ca:01 2069                       /lib/x86_64-linux-gnu/ld-2.23.so
7f401f677000-7f401f67f000 rw-s 00000000 ca:01 274907                     /tmp/hsperfdata_ubuntu/23282
7f401f67f000-7f401f682000 ---p 00000000 00:00 0 
7f401f682000-7f401f785000 rw-p 00000000 00:00 0 
7f401f78a000-7f401f78b000 rw-p 00000000 00:00 0 
7f401f78b000-7f401f78c000 r--p 00000000 00:00 0 
7f401f78c000-7f401f78e000 rw-p 00000000 00:00 0 
7f401f78e000-7f401f78f000 r--p 00025000 ca:01 2069                       /lib/x86_64-linux-gnu/ld-2.23.so
7f401f78f000-7f401f790000 rw-p 00026000 ca:01 2069                       /lib/x86_64-linux-gnu/ld-2.23.so
7f401f790000-7f401f791000 rw-p 00000000 00:00 0 
7ffe56602000-7ffe56623000 rw-p 00000000 00:00 0                          [stack]
7ffe56763000-7ffe56765000 r--p 00000000 00:00 0                          [vvar]
7ffe56765000-7ffe56767000 r-xp 00000000 00:00 0                          [vdso]
ffffffffff600000-ffffffffff601000 r-xp 00000000 00:00 0                  [vsyscall]

VM Arguments:
jvm_args: -Dgrails.env=test -Dgrails.full.stacktrace -Dinfo.app.grailsVersion=3.1.1 -Dinfo.app.name=Plantilla -Dinfo.app.version=0.1 -Djava.security.manager=jarjar.org.gradle.process.internal.child.BootstrapSecurityManager -XX:+TieredCompilation -XX:TieredStopAtLevel=1 -XX:CICompilerCount=3 -Xms768m -Xmx768m -Dfile.encoding=UTF-8 -Duser.country=US -Duser.language=en -Duser.variant -ea 
java_command: jarjar.org.gradle.process.internal.launcher.GradleWorkerMain 'Gradle Test Executor 12'
java_class_path (initial): /home/ubuntu/.gradle/caches/2.9/workerMain/gradle-worker.jar
Launcher Type: SUN_STANDARD

Environment Variables:
PATH=/home/ubuntu/bin:/home/ubuntu/.local/bin:/home/ubuntu/.sdkman/candidates/grails/current/bin:/home/ubuntu/.sdkman/candidates/gradle/current/bin:/usr/local/sbin:/usr/local/bin:/usr/sbin:/usr/bin:/sbin:/bin:/usr/games:/usr/local/games:/snap/bin
SHELL=/bin/bash

Signal Handlers:
SIGSEGV: [libjvm.so+0xa67f40], sa_mask[0]=11111111011111111101111111111110, sa_flags=SA_RESTART|SA_SIGINFO
SIGBUS: [libjvm.so+0xa67f40], sa_mask[0]=11111111011111111101111111111110, sa_flags=SA_RESTART|SA_SIGINFO
SIGFPE: [libjvm.so+0x8b0ec0], sa_mask[0]=11111111011111111101111111111110, sa_flags=SA_RESTART|SA_SIGINFO
SIGPIPE: [libjvm.so+0x8b0ec0], sa_mask[0]=11111111011111111101111111111110, sa_flags=SA_RESTART|SA_SIGINFO
SIGXFSZ: [libjvm.so+0x8b0ec0], sa_mask[0]=11111111011111111101111111111110, sa_flags=SA_RESTART|SA_SIGINFO
SIGILL: [libjvm.so+0x8b0ec0], sa_mask[0]=11111111011111111101111111111110, sa_flags=SA_RESTART|SA_SIGINFO
SIGUSR1: SIG_DFL, sa_mask[0]=00000000000000000000000000000000, sa_flags=none
SIGUSR2: [libjvm.so+0x8b0d70], sa_mask[0]=00100000000000000000000000000000, sa_flags=SA_RESTART|SA_SIGINFO
SIGHUP: SIG_DFL, sa_mask[0]=00000000000000000000000000000000, sa_flags=none
SIGINT: SIG_DFL, sa_mask[0]=00000000000000000000000000000000, sa_flags=none
SIGTERM: SIG_DFL, sa_mask[0]=00000000000000000000000000000000, sa_flags=none
SIGQUIT: SIG_DFL, sa_mask[0]=00000000000000000000000000000000, sa_flags=none


---------------  S Y S T E M  ---------------

OS:DISTRIB_ID=Ubuntu
DISTRIB_RELEASE=16.04
DISTRIB_CODENAME=xenial
DISTRIB_DESCRIPTION="Ubuntu 16.04.2 LTS"

uname:Linux 4.4.0-1013-aws #22-Ubuntu SMP Fri Mar 31 15:41:31 UTC 2017 x86_64
libc:glibc 2.23 NPTL 2.23 
rlimit: STACK 8192k, CORE 0k, NPROC 3902, NOFILE 65536, AS infinity
load average:1.29 0.87 2.09

/proc/meminfo:
MemTotal:        1014460 kB
MemFree:           61892 kB
MemAvailable:     393432 kB
Buffers:           11800 kB
Cached:           440376 kB
SwapCached:            0 kB
Active:           728952 kB
Inactive:         159368 kB
Active(anon):     439420 kB
Inactive(anon):     2308 kB
Active(file):     289532 kB
Inactive(file):   157060 kB
Unevictable:        3656 kB
Mlocked:            3656 kB
SwapTotal:             0 kB
SwapFree:              0 kB
Dirty:             30940 kB
Writeback:             0 kB
AnonPages:        439796 kB
Mapped:            29780 kB
Shmem:              3204 kB
Slab:              41868 kB
SReclaimable:      25352 kB
SUnreclaim:        16516 kB
KernelStack:        2832 kB
PageTables:         4024 kB
NFS_Unstable:          0 kB
Bounce:                0 kB
WritebackTmp:          0 kB
CommitLimit:      507228 kB
Committed_AS:     834564 kB
VmallocTotal:   34359738367 kB
VmallocUsed:           0 kB
VmallocChunk:          0 kB
HardwareCorrupted:     0 kB
AnonHugePages:    180224 kB
CmaTotal:              0 kB
CmaFree:               0 kB
HugePages_Total:       0
HugePages_Free:        0
HugePages_Rsvd:        0
HugePages_Surp:        0
Hugepagesize:       2048 kB
DirectMap4k:       45056 kB
DirectMap2M:     1003520 kB


CPU:total 1 (initial active 1) (1 cores per cpu, 1 threads per core) family 6 model 63 stepping 2, cmov, cx8, fxsr, mmx, sse, sse2, sse3, ssse3, sse4.1, sse4.2, popcnt, avx, avx2, aes, clmul, erms, lzcnt, tsc, bmi1, bmi2

/proc/cpuinfo:
processor	: 0
vendor_id	: GenuineIntel
cpu family	: 6
model		: 63
model name	: Intel(R) Xeon(R) CPU E5-2676 v3 @ 2.40GHz
stepping	: 2
microcode	: 0x25
cpu MHz		: 2400.056
cache size	: 30720 KB
physical id	: 0
siblings	: 1
core id		: 0
cpu cores	: 1
apicid		: 0
initial apicid	: 0
fpu		: yes
fpu_exception	: yes
cpuid level	: 13
wp		: yes
flags		: fpu vme de pse tsc msr pae mce cx8 apic sep mtrr pge mca cmov pat pse36 clflush mmx fxsr sse sse2 ht syscall nx rdtscp lm constant_tsc rep_good nopl xtopology eagerfpu pni pclmulqdq ssse3 fma cx16 pcid sse4_1 sse4_2 x2apic movbe popcnt tsc_deadline_timer aes xsave avx f16c rdrand hypervisor lahf_lm abm fsgsbase bmi1 avx2 smep bmi2 erms invpcid xsaveopt
bugs		:
bogomips	: 4800.11
clflush size	: 64
cache_alignment	: 64
address sizes	: 46 bits physical, 48 bits virtual
power management:



Memory: 4k page, physical 1014460k(61892k free), swap 0k(0k free)

vm_info: OpenJDK 64-Bit Server VM (25.131-b11) for linux-amd64 JRE (1.8.0_131-8u131-b11-0ubuntu1.16.04.2-b11), built on May  6 2017 02:45:27 by "buildd" with gcc 5.4.0 20160609

time: Mon May 15 00:19:06 2017
elapsed time: 0 seconds (0d 0h 0m 0s)

