#
# A fatal error has been detected by the Java Runtime Environment:
#
#  SIGFPE (0x8) at pc=0x00007fd1084b898b, pid=319, tid=0x00007fd1092db700
#
# JRE version: OpenJDK Runtime Environment (8.0_131-b11) (build 1.8.0_131-8u131-b11-0ubuntu1.16.04.2-b11)
# Java VM: OpenJDK 64-Bit Server VM (25.131-b11 mixed mode linux-amd64 compressed oops)
# Problematic frame:
# C  [libpthread.so.0+0x898b]  pthread_join+0xbb
#
# Failed to write core dump. Core dumps have been disabled. To enable core dumping, try "ulimit -c unlimited" before starting Java again
#
# If you would like to submit a bug report, please visit:
#   http://bugreport.java.com/bugreport/crash.jsp
#

---------------  T H R E A D  ---------------

Current thread is native thread

siginfo: si_signo: 8 (SIGFPE), si_code: 0 (SI_USER), sent from pid: 557 (uid: 1000)

Registers:
RAX=0x00000000000000ca, RBX=0x00007fd1092d9700, RCX=0x00007fd1084b898d, RDX=0x0000000000000143
RSP=0x00007fffc64a30f0, RBP=0x00007fffc64a3168, RSI=0x0000000000000000, RDI=0x00007fd1092d99d0
R8 =0x00000000000000ca, R9 =0x00007fd1092d99d0, R10=0x0000000000000000, R11=0x0000000000000246
R12=0x00007fffc64a3100, R13=0x0000000000000000, R14=0x00007fd1092db700, R15=0x00007fd1092d9d28
RIP=0x00007fd1084b898b, EFLAGS=0x0000000000000246, CSGSFS=0x0000000000000033, ERR=0x0000000000000004
  TRAPNO=0x000000000000000e

Top of Stack: (sp=0x00007fffc64a30f0)
0x00007fffc64a30f0:   00007fffc64a3210 0000000000100000
0x00007fffc64a3100:   00007fd1084b88b0 00007fd1092d9d28
0x00007fffc64a3110:   0000000000000000 0000000000000000
0x00007fffc64a3120:   00007fd1092d9700 00007fffc64a3180
0x00007fffc64a3130:   00007fffc64a31e0 00007fd108eb6ea0
0x00007fffc64a3140:   00007fffc64a3210 0000000000100000
0x00007fffc64a3150:   0000000000000001 00007fd108ebc45d
0x00007fffc64a3160:   00007fd1092d9700 00007fd108ead960
0x00007fffc64a3170:   00007fd108eb6ea0 00007fffc64a3210
0x00007fffc64a3180:   0000000000000000 0000000000000000
0x00007fffc64a3190:   0000000000001000 0000000000000000
0x00007fffc64a31a0:   0000000000100000 0000000000000000
0x00007fffc64a31b0:   0000000000000000 82d196d43af76800
0x00007fffc64a31c0:   0000000000000000 00007fffc64a3310
0x00007fffc64a31d0:   00007fffc64a3210 00000000025e51f8
0x00007fffc64a31e0:   00007fffc64a32a0 00007fd108eb8a44
0x00007fffc64a31f0:   0000000000000000 00007fffc64af286
0x00007fffc64a3200:   0000000000000001 0000000000000000
0x00007fffc64a3210:   0000000000000000 00000000025e51f8
0x00007fffc64a3220:   0000000000000001 00007fffc64af286
0x00007fffc64a3230:   00007fd107bfc180 00007fd107bfc130
0x00007fffc64a3240:   00007fd107bfc3f0 0000000000000000
0x00007fffc64a3250:   0000000000000000 0000000000000000
0x00007fffc64a3260:   0000000000000000 0000000000000000
0x00007fffc64a3270:   00007fffc64a32b0 82d196d43af76800
0x00007fffc64a3280:   00007fffc64af286 00000000025e51f8
0x00007fffc64a3290:   0000000000000000 0000000000000000
0x00007fffc64a32a0:   00007fffc64a73a0 00007fd108eb94e0
0x00007fffc64a32b0:   0000000000000000 00007fd108eb94b4
0x00007fffc64a32c0:   00000000025e5010 0000000000000000
0x00007fffc64a32d0:   0000000000000000 00007fffc64a3350
0x00007fffc64a32e0:   0000000000000000 0000000000000000 

Instructions: (pc=0x00007fd1084b898b)
0x00007fd1084b896b:   4c 8d 8b d0 02 00 00 41 b8 ca 00 00 00 0f 1f 84
0x00007fd1084b897b:   00 00 00 00 00 45 31 d2 31 f6 4c 89 cf 44 89 c0
0x00007fd1084b898b:   0f 05 48 63 93 d0 02 00 00 85 d2 75 e8 44 89 ef
0x00007fd1084b899b:   e8 20 78 00 00 31 f6 4c 89 e7 e8 06 74 00 00 48 

Register to memory mapping:

RAX=0x00000000000000ca is an unknown value
RBX=0x00007fd1092d9700 is pointing into the stack for thread: 0x00007fd100019800
RCX=0x00007fd1084b898d: pthread_join+0xbd in /lib/x86_64-linux-gnu/libpthread.so.0 at 0x00007fd1084b0000
RDX=0x0000000000000143 is an unknown value
RSP=0x00007fffc64a30f0 is an unknown value
RBP=0x00007fffc64a3168 is an unknown value
RSI=0x0000000000000000 is an unknown value
RDI=0x00007fd1092d99d0 is pointing into the stack for thread: 0x00007fd100019800
R8 =0x00000000000000ca is an unknown value
R9 =0x00007fd1092d99d0 is pointing into the stack for thread: 0x00007fd100019800
R10=0x0000000000000000 is an unknown value
R11=0x0000000000000246 is an unknown value
R12=0x00007fffc64a3100 is an unknown value
R13=0x0000000000000000 is an unknown value
R14=0x00007fd1092db700 is an unknown value
R15=0x00007fd1092d9d28 is pointing into the stack for thread: 0x00007fd100019800


Stack: [0x00007fffc63b0000,0x00007fffc64b0000],  sp=0x00007fffc64a30f0,  free space=972k
Native frames: (J=compiled Java code, j=interpreted, Vv=VM code, C=native code)
C  [libpthread.so.0+0x898b]  pthread_join+0xbb


---------------  P R O C E S S  ---------------

VM state:not at safepoint (normal execution)

VM Mutex/Monitor currently owned by a thread: None

Heap:
 def new generation   total 235968K, used 139497K [0x00000000d0000000, 0x00000000e0000000, 0x00000000e0000000)
  eden space 209792K,  58% used [0x00000000d0000000, 0x00000000d7872e28, 0x00000000dcce0000)
  from space 26176K,  61% used [0x00000000dcce0000, 0x00000000ddca75e8, 0x00000000de670000)
  to   space 26176K,   0% used [0x00000000de670000, 0x00000000de670000, 0x00000000e0000000)
 tenured generation   total 524288K, used 153054K [0x00000000e0000000, 0x0000000100000000, 0x0000000100000000)
   the space 524288K,  29% used [0x00000000e0000000, 0x00000000e9577858, 0x00000000e9577a00, 0x0000000100000000)
 Metaspace       used 78517K, capacity 82438K, committed 82520K, reserved 1120256K
  class space    used 10133K, capacity 11346K, committed 11352K, reserved 1048576K

Card table byte_map: [0x00007fd1054f5000,0x00007fd105676000] byte_map_base: 0x00007fd104e75000

Polling page: 0x00007fd1092e5000

CodeCache: size=245760Kb used=21316Kb max_used=21316Kb free=224443Kb
 bounds [0x00007fd0f1000000, 0x00007fd0f24e0000, 0x00007fd100000000]
 total_blobs=10666 nmethods=9824 adapters=755
 compilation: enabled

Compilation events (10 events):
Event: 1000.988 Thread 0x00007fd1009c4000 10030       1       java.util.concurrent.locks.AbstractQueuedSynchronizer$ConditionObject::doSignal (43 bytes)
Event: 1000.989 Thread 0x00007fd1009c4000 nmethod 10030 0x00007fd0f24d25d0 code [0x00007fd0f24d2740, 0x00007fd0f24d2900]
Event: 1000.989 Thread 0x00007fd1009c4000 10031       1       java.util.concurrent.locks.AbstractQueuedSynchronizer::transferForSignal (45 bytes)
Event: 1000.989 Thread 0x00007fd1009c4000 nmethod 10031 0x00007fd0f24d29d0 code [0x00007fd0f24d2b40, 0x00007fd0f24d2d30]
Event: 1146.407 Thread 0x00007fd1009c4000 10032       1       org.apache.tomcat.jdbc.pool.PoolProperties::getMinIdle (5 bytes)
Event: 1146.407 Thread 0x00007fd1009c4000 nmethod 10032 0x00007fd0f24d2e50 code [0x00007fd0f24d2fa0, 0x00007fd0f24d30b0]
Event: 1148.485 Thread 0x00007fd1009c4000 10033 % !   1       org.springsource.loaded.agent.Watcher::run @ 137 (343 bytes)
Event: 1148.487 Thread 0x00007fd1009c4000 nmethod 10033% 0x00007fd0f24d3110 code [0x00007fd0f24d34a0, 0x00007fd0f24d4680]
Event: 1161.407 Thread 0x00007fd1009c4000 10034       1       org.apache.tomcat.jdbc.pool.ConnectionPool::access$200 (5 bytes)
Event: 1161.407 Thread 0x00007fd1009c4000 nmethod 10034 0x00007fd0f24d5ed0 code [0x00007fd0f24d6020, 0x00007fd0f24d6110]

GC Heap History (10 events):
Event: 91.541 GC heap before
{Heap before GC invocations=28 (full 3):
 def new generation   total 235968K, used 223767K [0x00000000d0000000, 0x00000000e0000000, 0x00000000e0000000)
  eden space 209792K,  99% used [0x00000000d0000000, 0x00000000dcc30068, 0x00000000dcce0000)
  from space 26176K,  56% used [0x00000000de670000, 0x00000000df4c5ec8, 0x00000000e0000000)
  to   space 26176K,   0% used [0x00000000dcce0000, 0x00000000dcce0000, 0x00000000de670000)
 tenured generation   total 524288K, used 135222K [0x00000000e0000000, 0x0000000100000000, 0x0000000100000000)
   the space 524288K,  25% used [0x00000000e0000000, 0x00000000e840dad0, 0x00000000e840dc00, 0x0000000100000000)
 Metaspace       used 70497K, capacity 73328K, committed 73560K, reserved 1114112K
  class space    used 8902K, capacity 9757K, committed 9816K, reserved 1048576K
Event: 91.573 GC heap after
Heap after GC invocations=29 (full 3):
 def new generation   total 235968K, used 19666K [0x00000000d0000000, 0x00000000e0000000, 0x00000000e0000000)
  eden space 209792K,   0% used [0x00000000d0000000, 0x00000000d0000000, 0x00000000dcce0000)
  from space 26176K,  75% used [0x00000000dcce0000, 0x00000000de014920, 0x00000000de670000)
  to   space 26176K,   0% used [0x00000000de670000, 0x00000000de670000, 0x00000000e0000000)
 tenured generation   total 524288K, used 139710K [0x00000000e0000000, 0x0000000100000000, 0x0000000100000000)
   the space 524288K,  26% used [0x00000000e0000000, 0x00000000e886fa50, 0x00000000e886fc00, 0x0000000100000000)
 Metaspace       used 70497K, capacity 73328K, committed 73560K, reserved 1114112K
  class space    used 8902K, capacity 9757K, committed 9816K, reserved 1048576K
}
Event: 157.077 GC heap before
{Heap before GC invocations=29 (full 3):
 def new generation   total 235968K, used 229458K [0x00000000d0000000, 0x00000000e0000000, 0x00000000e0000000)
  eden space 209792K, 100% used [0x00000000d0000000, 0x00000000dcce0000, 0x00000000dcce0000)
  from space 26176K,  75% used [0x00000000dcce0000, 0x00000000de014920, 0x00000000de670000)
  to   space 26176K,   0% used [0x00000000de670000, 0x00000000de670000, 0x00000000e0000000)
 tenured generation   total 524288K, used 139710K [0x00000000e0000000, 0x0000000100000000, 0x0000000100000000)
   the space 524288K,  26% used [0x00000000e0000000, 0x00000000e886fa50, 0x00000000e886fc00, 0x0000000100000000)
 Metaspace       used 71325K, capacity 74374K, committed 74456K, reserved 1114112K
  class space    used 9040K, capacity 9938K, committed 9944K, reserved 1048576K
Event: 157.108 GC heap after
Heap after GC invocations=30 (full 3):
 def new generation   total 235968K, used 7800K [0x00000000d0000000, 0x00000000e0000000, 0x00000000e0000000)
  eden space 209792K,   0% used [0x00000000d0000000, 0x00000000d0000000, 0x00000000dcce0000)
  from space 26176K,  29% used [0x00000000de670000, 0x00000000dee0e058, 0x00000000e0000000)
  to   space 26176K,   0% used [0x00000000dcce0000, 0x00000000dcce0000, 0x00000000de670000)
 tenured generation   total 524288K, used 148635K [0x00000000e0000000, 0x0000000100000000, 0x0000000100000000)
   the space 524288K,  28% used [0x00000000e0000000, 0x00000000e9126f98, 0x00000000e9127000, 0x0000000100000000)
 Metaspace       used 71325K, capacity 74374K, committed 74456K, reserved 1114112K
  class space    used 9040K, capacity 9938K, committed 9944K, reserved 1048576K
}
Event: 158.934 GC heap before
{Heap before GC invocations=30 (full 3):
 def new generation   total 235968K, used 217592K [0x00000000d0000000, 0x00000000e0000000, 0x00000000e0000000)
  eden space 209792K, 100% used [0x00000000d0000000, 0x00000000dcce0000, 0x00000000dcce0000)
  from space 26176K,  29% used [0x00000000de670000, 0x00000000dee0e058, 0x00000000e0000000)
  to   space 26176K,   0% used [0x00000000dcce0000, 0x00000000dcce0000, 0x00000000de670000)
 tenured generation   total 524288K, used 148635K [0x00000000e0000000, 0x0000000100000000, 0x0000000100000000)
   the space 524288K,  28% used [0x00000000e0000000, 0x00000000e9126f98, 0x00000000e9127000, 0x0000000100000000)
 Metaspace       used 75107K, capacity 78422K, committed 78680K, reserved 1118208K
  class space    used 9477K, capacity 10505K, committed 10584K, reserved 1048576K
Event: 158.958 GC heap after
Heap after GC invocations=31 (full 3):
 def new generation   total 235968K, used 13941K [0x00000000d0000000, 0x00000000e0000000, 0x00000000e0000000)
  eden space 209792K,   0% used [0x00000000d0000000, 0x00000000d0000000, 0x00000000dcce0000)
  from space 26176K,  53% used [0x00000000dcce0000, 0x00000000dda7d630, 0x00000000de670000)
  to   space 26176K,   0% used [0x00000000de670000, 0x00000000de670000, 0x00000000e0000000)
 tenured generation   total 524288K, used 148635K [0x00000000e0000000, 0x0000000100000000, 0x0000000100000000)
   the space 524288K,  28% used [0x00000000e0000000, 0x00000000e9126f98, 0x00000000e9127000, 0x0000000100000000)
 Metaspace       used 75107K, capacity 78422K, committed 78680K, reserved 1118208K
  class space    used 9477K, capacity 10505K, committed 10584K, reserved 1048576K
}
Event: 642.299 GC heap before
{Heap before GC invocations=31 (full 3):
 def new generation   total 235968K, used 223733K [0x00000000d0000000, 0x00000000e0000000, 0x00000000e0000000)
  eden space 209792K, 100% used [0x00000000d0000000, 0x00000000dcce0000, 0x00000000dcce0000)
  from space 26176K,  53% used [0x00000000dcce0000, 0x00000000dda7d630, 0x00000000de670000)
  to   space 26176K,   0% used [0x00000000de670000, 0x00000000de670000, 0x00000000e0000000)
 tenured generation   total 524288K, used 148635K [0x00000000e0000000, 0x0000000100000000, 0x0000000100000000)
   the space 524288K,  28% used [0x00000000e0000000, 0x00000000e9126f98, 0x00000000e9127000, 0x0000000100000000)
 Metaspace       used 76501K, capacity 80096K, committed 80216K, reserved 1118208K
  class space    used 9717K, capacity 10828K, committed 10840K, reserved 1048576K
Event: 642.327 GC heap after
Heap after GC invocations=32 (full 3):
 def new generation   total 235968K, used 11888K [0x00000000d0000000, 0x00000000e0000000, 0x00000000e0000000)
  eden space 209792K,   0% used [0x00000000d0000000, 0x00000000d0000000, 0x00000000dcce0000)
  from space 26176K,  45% used [0x00000000de670000, 0x00000000df20c100, 0x00000000e0000000)
  to   space 26176K,   0% used [0x00000000dcce0000, 0x00000000dcce0000, 0x00000000de670000)
 tenured generation   total 524288K, used 153054K [0x00000000e0000000, 0x0000000100000000, 0x0000000100000000)
   the space 524288K,  29% used [0x00000000e0000000, 0x00000000e9577858, 0x00000000e9577a00, 0x0000000100000000)
 Metaspace       used 76501K, capacity 80096K, committed 80216K, reserved 1118208K
  class space    used 9717K, capacity 10828K, committed 10840K, reserved 1048576K
}
Event: 737.511 GC heap before
{Heap before GC invocations=32 (full 3):
 def new generation   total 235968K, used 221680K [0x00000000d0000000, 0x00000000e0000000, 0x00000000e0000000)
  eden space 209792K, 100% used [0x00000000d0000000, 0x00000000dcce0000, 0x00000000dcce0000)
  from space 26176K,  45% used [0x00000000de670000, 0x00000000df20c100, 0x00000000e0000000)
  to   space 26176K,   0% used [0x00000000dcce0000, 0x00000000dcce0000, 0x00000000de670000)
 tenured generation   total 524288K, used 153054K [0x00000000e0000000, 0x0000000100000000, 0x0000000100000000)
   the space 524288K,  29% used [0x00000000e0000000, 0x00000000e9577858, 0x00000000e9577a00, 0x0000000100000000)
 Metaspace       used 77911K, capacity 81734K, committed 81880K, reserved 1120256K
  class space    used 10032K, capacity 11220K, committed 11224K, reserved 1048576K
Event: 737.536 GC heap after
Heap after GC invocations=33 (full 3):
 def new generation   total 235968K, used 16157K [0x00000000d0000000, 0x00000000e0000000, 0x00000000e0000000)
  eden space 209792K,   0% used [0x00000000d0000000, 0x00000000d0000000, 0x00000000dcce0000)
  from space 26176K,  61% used [0x00000000dcce0000, 0x00000000ddca75e8, 0x00000000de670000)
  to   space 26176K,   0% used [0x00000000de670000, 0x00000000de670000, 0x00000000e0000000)
 tenured generation   total 524288K, used 153054K [0x00000000e0000000, 0x0000000100000000, 0x0000000100000000)
   the space 524288K,  29% used [0x00000000e0000000, 0x00000000e9577858, 0x00000000e9577a00, 0x0000000100000000)
 Metaspace       used 77911K, capacity 81734K, committed 81880K, reserved 1120256K
  class space    used 10032K, capacity 11220K, committed 11224K, reserved 1048576K
}

Deoptimization events (0 events):
No events

Internal exceptions (10 events):
Event: 774.311 Thread 0x00007fd101c9a800 Exception <a 'java/net/ConnectException'> (0x00000000d50c2bd0) thrown at [/build/openjdk-8-VTMhfL/openjdk-8-8u131-b11/src/hotspot/src/share/vm/prims/jni.cpp, line 709]
Event: 774.312 Thread 0x00007fd101c9a800 Exception <a 'java/lang/reflect/InvocationTargetException'> (0x00000000d50c56a8) thrown at [/build/openjdk-8-VTMhfL/openjdk-8-8u131-b11/src/hotspot/src/share/vm/runtime/reflection.cpp, line 1092]
Event: 774.313 Thread 0x00007fd101c9a800 Exception <a 'java/lang/ClassNotFoundException': com/hp/hpl/jena/shared/JenaExceptionBeanInfo> (0x00000000d51243b0) thrown at [/build/openjdk-8-VTMhfL/openjdk-8-8u131-b11/src/hotspot/src/share/vm/classfile/systemDictionary.cpp, line 210]
Event: 774.314 Thread 0x00007fd101c9a800 Exception <a 'java/lang/ClassNotFoundException': com/hp/hpl/jena/shared/JenaExceptionCustomizer> (0x00000000d5161cf8) thrown at [/build/openjdk-8-VTMhfL/openjdk-8-8u131-b11/src/hotspot/src/share/vm/classfile/systemDictionary.cpp, line 210]
Event: 774.333 Thread 0x00007fd101c9a800 Exception <a 'java/lang/ClassNotFoundException': java/net/ConnectExceptionBeanInfo> (0x00000000d551c520) thrown at [/build/openjdk-8-VTMhfL/openjdk-8-8u131-b11/src/hotspot/src/share/vm/classfile/systemDictionary.cpp, line 210]
Event: 774.333 Thread 0x00007fd101c9a800 Exception <a 'java/lang/ClassNotFoundException': java/net/SocketExceptionBeanInfo> (0x00000000d552f9f0) thrown at [/build/openjdk-8-VTMhfL/openjdk-8-8u131-b11/src/hotspot/src/share/vm/classfile/systemDictionary.cpp, line 210]
Event: 774.334 Thread 0x00007fd101c9a800 Exception <a 'java/lang/ClassNotFoundException': java/io/IOExceptionBeanInfo> (0x00000000d5541a68) thrown at [/build/openjdk-8-VTMhfL/openjdk-8-8u131-b11/src/hotspot/src/share/vm/classfile/systemDictionary.cpp, line 210]
Event: 774.334 Thread 0x00007fd101c9a800 Exception <a 'java/lang/ClassNotFoundException': java/io/IOExceptionCustomizer> (0x00000000d5554148) thrown at [/build/openjdk-8-VTMhfL/openjdk-8-8u131-b11/src/hotspot/src/share/vm/classfile/systemDictionary.cpp, line 210]
Event: 774.334 Thread 0x00007fd101c9a800 Exception <a 'java/lang/ClassNotFoundException': java/net/SocketExceptionCustomizer> (0x00000000d5569e30) thrown at [/build/openjdk-8-VTMhfL/openjdk-8-8u131-b11/src/hotspot/src/share/vm/classfile/systemDictionary.cpp, line 210]
Event: 774.335 Thread 0x00007fd101c9a800 Exception <a 'java/lang/ClassNotFoundException': java/net/ConnectExceptionCustomizer> (0x00000000d5581030) thrown at [/build/openjdk-8-VTMhfL/openjdk-8-8u131-b11/src/hotspot/src/share/vm/classfile/systemDictionary.cpp, line 210]

Events (10 events):
Event: 774.334 loading class java/io/IOExceptionCustomizer
Event: 774.334 loading class java/io/IOExceptionCustomizer done
Event: 774.334 loading class java/net/SocketExceptionCustomizer
Event: 774.334 loading class java/net/SocketExceptionCustomizer done
Event: 774.334 loading class java/net/SocketExceptionCustomizer
Event: 774.334 loading class java/net/SocketExceptionCustomizer done
Event: 774.334 loading class java/net/ConnectExceptionCustomizer
Event: 774.334 loading class java/net/ConnectExceptionCustomizer done
Event: 774.334 loading class java/net/ConnectExceptionCustomizer
Event: 774.334 loading class java/net/ConnectExceptionCustomizer done


Dynamic libraries:
00400000-00401000 r-xp 00000000 ca:01 256500                             /usr/lib/jvm/java-8-openjdk-amd64/jre/bin/java
00600000-00601000 r--p 00000000 ca:01 256500                             /usr/lib/jvm/java-8-openjdk-amd64/jre/bin/java
00601000-00602000 rw-p 00001000 ca:01 256500                             /usr/lib/jvm/java-8-openjdk-amd64/jre/bin/java
025e5000-026dd000 rw-p 00000000 00:00 0                                  [heap]
d0000000-100b16000 rw-p 00000000 00:00 0 
100b16000-140000000 ---p 00000000 00:00 0 
7fd0cde7c000-7fd0cdffc000 rw-p 00000000 00:00 0 
7fd0cdffc000-7fd0ce07c000 ---p 00000000 00:00 0 
7fd0ce07c000-7fd0ce27c000 rw-p 00000000 00:00 0 
7fd0ce27c000-7fd0ce2a4000 r-xp 00000000 ca:01 256425                     /usr/lib/jvm/java-8-openjdk-amd64/jre/lib/amd64/libsunec.so
7fd0ce2a4000-7fd0ce4a3000 ---p 00028000 ca:01 256425                     /usr/lib/jvm/java-8-openjdk-amd64/jre/lib/amd64/libsunec.so
7fd0ce4a3000-7fd0ce4a7000 r--p 00027000 ca:01 256425                     /usr/lib/jvm/java-8-openjdk-amd64/jre/lib/amd64/libsunec.so
7fd0ce4a7000-7fd0ce4a8000 rw-p 0002b000 ca:01 256425                     /usr/lib/jvm/java-8-openjdk-amd64/jre/lib/amd64/libsunec.so
7fd0ce4a8000-7fd0ce6a8000 rw-p 00000000 00:00 0 
7fd0ce6a8000-7fd0ce8a8000 rw-p 00000000 00:00 0 
7fd0ce8a8000-7fd0ce8ab000 ---p 00000000 00:00 0 
7fd0ce8ab000-7fd0ce9a9000 rw-p 00000000 00:00 0 
7fd0ce9a9000-7fd0ce9ac000 ---p 00000000 00:00 0 
7fd0ce9ac000-7fd0ceaaa000 rw-p 00000000 00:00 0 
7fd0ceaaa000-7fd0ceaad000 ---p 00000000 00:00 0 
7fd0ceaad000-7fd0cebab000 rw-p 00000000 00:00 0 
7fd0cebab000-7fd0cebae000 ---p 00000000 00:00 0 
7fd0cebae000-7fd0cecac000 rw-p 00000000 00:00 0 
7fd0cecac000-7fd0cecaf000 ---p 00000000 00:00 0 
7fd0cecaf000-7fd0cedad000 rw-p 00000000 00:00 0 
7fd0cedad000-7fd0cedb0000 ---p 00000000 00:00 0 
7fd0cedb0000-7fd0cf0ae000 rw-p 00000000 00:00 0 
7fd0cf0ae000-7fd0cf0b1000 ---p 00000000 00:00 0 
7fd0cf0b1000-7fd0cf1af000 rw-p 00000000 00:00 0 
7fd0cf1af000-7fd0cf1b2000 ---p 00000000 00:00 0 
7fd0cf1b2000-7fd0cf2b0000 rw-p 00000000 00:00 0 
7fd0cf2b0000-7fd0cf2b3000 ---p 00000000 00:00 0 
7fd0cf2b3000-7fd0cf5b1000 rw-p 00000000 00:00 0 
7fd0cf5b1000-7fd0cf5b4000 ---p 00000000 00:00 0 
7fd0cf5b4000-7fd0cf6b2000 rw-p 00000000 00:00 0 
7fd0cf6b2000-7fd0cf6b5000 ---p 00000000 00:00 0 
7fd0cf6b5000-7fd0cf7b3000 rw-p 00000000 00:00 0 
7fd0cf7b3000-7fd0cf7b6000 ---p 00000000 00:00 0 
7fd0cf7b6000-7fd0cf8b4000 rw-p 00000000 00:00 0 
7fd0cf8b4000-7fd0cf8b7000 ---p 00000000 00:00 0 
7fd0cf8b7000-7fd0cf9b5000 rw-p 00000000 00:00 0 
7fd0cf9b5000-7fd0cf9b8000 ---p 00000000 00:00 0 
7fd0cf9b8000-7fd0cfab6000 rw-p 00000000 00:00 0 
7fd0cfab6000-7fd0cfab9000 ---p 00000000 00:00 0 
7fd0cfab9000-7fd0cfdb7000 rw-p 00000000 00:00 0 
7fd0cfdb7000-7fd0cfdba000 ---p 00000000 00:00 0 
7fd0cfdba000-7fd0d00b8000 rw-p 00000000 00:00 0 
7fd0d00b8000-7fd0d00bb000 ---p 00000000 00:00 0 
7fd0d00bb000-7fd0d03b9000 rw-p 00000000 00:00 0 
7fd0d03b9000-7fd0d05b9000 rw-p 00000000 00:00 0 
7fd0d05b9000-7fd0d05bc000 ---p 00000000 00:00 0 
7fd0d05bc000-7fd0d06ba000 rw-p 00000000 00:00 0 
7fd0d06ba000-7fd0d06bd000 ---p 00000000 00:00 0 
7fd0d06bd000-7fd0d07bb000 rw-p 00000000 00:00 0 
7fd0d07bb000-7fd0d07be000 ---p 00000000 00:00 0 
7fd0d07be000-7fd0d08bc000 rw-p 00000000 00:00 0 
7fd0d08bc000-7fd0d08bf000 ---p 00000000 00:00 0 
7fd0d08bf000-7fd0d0bbd000 rw-p 00000000 00:00 0 
7fd0d0bbd000-7fd0d0dbd000 rw-p 00000000 00:00 0 
7fd0d0dbd000-7fd0d0fbd000 rw-p 00000000 00:00 0 
7fd0d0fbd000-7fd0d0fc0000 ---p 00000000 00:00 0 
7fd0d0fc0000-7fd0d12be000 rw-p 00000000 00:00 0 
7fd0d12be000-7fd0d12c1000 ---p 00000000 00:00 0 
7fd0d12c1000-7fd0d13bf000 rw-p 00000000 00:00 0 
7fd0d13bf000-7fd0d13c2000 ---p 00000000 00:00 0 
7fd0d13c2000-7fd0d16c0000 rw-p 00000000 00:00 0 
7fd0d16c0000-7fd0d18c0000 rw-p 00000000 00:00 0 
7fd0d18c0000-7fd0d18c3000 ---p 00000000 00:00 0 
7fd0d18c3000-7fd0d1bc1000 rw-p 00000000 00:00 0 
7fd0d1bc1000-7fd0d1dc1000 rw-p 00000000 00:00 0 
7fd0d1dc1000-7fd0d1fc1000 rw-p 00000000 00:00 0 
7fd0d1fc1000-7fd0d21c1000 rw-p 00000000 00:00 0 
7fd0d21c1000-7fd0d23c1000 rw-p 00000000 00:00 0 
7fd0d23c1000-7fd0d25c1000 rw-p 00000000 00:00 0 
7fd0d25c1000-7fd0d27c1000 rw-p 00000000 00:00 0 
7fd0d27c1000-7fd0d29c1000 rw-p 00000000 00:00 0 
7fd0d29c1000-7fd0d2bc1000 rw-p 00000000 00:00 0 
7fd0d2bc1000-7fd0d2bd2000 r-xp 00000000 ca:01 256461                     /usr/lib/jvm/java-8-openjdk-amd64/jre/lib/amd64/libnio.so
7fd0d2bd2000-7fd0d2dd2000 ---p 00011000 ca:01 256461                     /usr/lib/jvm/java-8-openjdk-amd64/jre/lib/amd64/libnio.so
7fd0d2dd2000-7fd0d2dd3000 r--p 00011000 ca:01 256461                     /usr/lib/jvm/java-8-openjdk-amd64/jre/lib/amd64/libnio.so
7fd0d2dd3000-7fd0d2dd4000 rw-p 00012000 ca:01 256461                     /usr/lib/jvm/java-8-openjdk-amd64/jre/lib/amd64/libnio.so
7fd0d2dd4000-7fd0d2fd4000 rw-p 00000000 00:00 0 
7fd0d2fd4000-7fd0d2fdd000 r-xp 00000000 ca:01 256426                     /usr/lib/jvm/java-8-openjdk-amd64/jre/lib/amd64/libmanagement.so
7fd0d2fdd000-7fd0d31dc000 ---p 00009000 ca:01 256426                     /usr/lib/jvm/java-8-openjdk-amd64/jre/lib/amd64/libmanagement.so
7fd0d31dc000-7fd0d31dd000 r--p 00008000 ca:01 256426                     /usr/lib/jvm/java-8-openjdk-amd64/jre/lib/amd64/libmanagement.so
7fd0d31dd000-7fd0d31de000 rw-p 00009000 ca:01 256426                     /usr/lib/jvm/java-8-openjdk-amd64/jre/lib/amd64/libmanagement.so
7fd0d31de000-7fd0d33de000 rw-p 00000000 00:00 0 
7fd0d33de000-7fd0d35de000 rw-p 00000000 00:00 0 
7fd0d35de000-7fd0d37de000 rw-p 00000000 00:00 0 
7fd0d37de000-7fd0d39de000 rw-p 00000000 00:00 0 
7fd0d39de000-7fd0d3bde000 rw-p 00000000 00:00 0 
7fd0d3bde000-7fd0d3bf5000 r-xp 00000000 ca:01 2130                       /lib/x86_64-linux-gnu/libresolv-2.23.so
7fd0d3bf5000-7fd0d3df5000 ---p 00017000 ca:01 2130                       /lib/x86_64-linux-gnu/libresolv-2.23.so
7fd0d3df5000-7fd0d3df6000 r--p 00017000 ca:01 2130                       /lib/x86_64-linux-gnu/libresolv-2.23.so
7fd0d3df6000-7fd0d3df7000 rw-p 00018000 ca:01 2130                       /lib/x86_64-linux-gnu/libresolv-2.23.so
7fd0d3df7000-7fd0d3df9000 rw-p 00000000 00:00 0 
7fd0d3df9000-7fd0d3dfe000 r-xp 00000000 ca:01 2133                       /lib/x86_64-linux-gnu/libnss_dns-2.23.so
7fd0d3dfe000-7fd0d3ffe000 ---p 00005000 ca:01 2133                       /lib/x86_64-linux-gnu/libnss_dns-2.23.so
7fd0d3ffe000-7fd0d3fff000 r--p 00005000 ca:01 2133                       /lib/x86_64-linux-gnu/libnss_dns-2.23.so
7fd0d3fff000-7fd0d4000000 rw-p 00006000 ca:01 2133                       /lib/x86_64-linux-gnu/libnss_dns-2.23.so
7fd0d4000000-7fd0d409e000 rw-p 00000000 00:00 0 
7fd0d409e000-7fd0d8000000 ---p 00000000 00:00 0 
7fd0d8000000-7fd0d8fb5000 rw-p 00000000 00:00 0 
7fd0d8fb5000-7fd0dc000000 ---p 00000000 00:00 0 
7fd0dc000000-7fd0dc06f000 rw-p 00000000 00:00 0 
7fd0dc06f000-7fd0e0000000 ---p 00000000 00:00 0 
7fd0e0000000-7fd0e0210000 rw-p 00000000 00:00 0 
7fd0e0210000-7fd0e4000000 ---p 00000000 00:00 0 
7fd0e4000000-7fd0e4076000 rw-p 00000000 00:00 0 
7fd0e4076000-7fd0e8000000 ---p 00000000 00:00 0 
7fd0e8000000-7fd0e8091000 rw-p 00000000 00:00 0 
7fd0e8091000-7fd0ec000000 ---p 00000000 00:00 0 
7fd0ec000000-7fd0ec1f7000 rw-p 00000000 00:00 0 
7fd0ec1f7000-7fd0f0000000 ---p 00000000 00:00 0 
7fd0f00d2000-7fd0f00d5000 r--s 00015000 ca:01 256489                     /usr/lib/jvm/java-8-openjdk-amd64/jre/lib/jce.jar
7fd0f00d5000-7fd0f00da000 r--s 0009a000 ca:01 256483                     /usr/lib/jvm/java-8-openjdk-amd64/jre/lib/jsse.jar
7fd0f00da000-7fd0f00df000 r--s 002f9000 ca:01 256464                     /usr/lib/jvm/java-8-openjdk-amd64/jre/lib/charsets.jar
7fd0f00df000-7fd0f00e2000 ---p 00000000 00:00 0 
7fd0f00e2000-7fd0f04e1000 rw-p 00000000 00:00 0 
7fd0f04e1000-7fd0f04f8000 r-xp 00000000 ca:01 256449                     /usr/lib/jvm/java-8-openjdk-amd64/jre/lib/amd64/libnet.so
7fd0f04f8000-7fd0f06f7000 ---p 00017000 ca:01 256449                     /usr/lib/jvm/java-8-openjdk-amd64/jre/lib/amd64/libnet.so
7fd0f06f7000-7fd0f06f8000 r--p 00016000 ca:01 256449                     /usr/lib/jvm/java-8-openjdk-amd64/jre/lib/amd64/libnet.so
7fd0f06f8000-7fd0f06f9000 rw-p 00017000 ca:01 256449                     /usr/lib/jvm/java-8-openjdk-amd64/jre/lib/amd64/libnet.so
7fd0f06f9000-7fd0f06fc000 ---p 00000000 00:00 0 
7fd0f06fc000-7fd0f07fa000 rw-p 00000000 00:00 0 
7fd0f07fa000-7fd0f080d000 r--s 00346000 ca:01 256482                     /usr/lib/jvm/java-8-openjdk-amd64/jre/lib/resources.jar
7fd0f080d000-7fd0f080e000 ---p 00000000 00:00 0 
7fd0f080e000-7fd0f090e000 rw-p 00000000 00:00 0 
7fd0f090e000-7fd0f0911000 ---p 00000000 00:00 0 
7fd0f0911000-7fd0f0a0f000 rw-p 00000000 00:00 0 
7fd0f0a0f000-7fd0f0a12000 ---p 00000000 00:00 0 
7fd0f0a12000-7fd0f0b10000 rw-p 00000000 00:00 0 
7fd0f0b10000-7fd0f0b13000 ---p 00000000 00:00 0 
7fd0f0b13000-7fd0f0c11000 rw-p 00000000 00:00 0 
7fd0f0c11000-7fd0f0c14000 ---p 00000000 00:00 0 
7fd0f0c14000-7fd0f0d12000 rw-p 00000000 00:00 0 
7fd0f0d12000-7fd0f0d19000 r--s 00062000 ca:01 52500                      /home/ubuntu/.gradle/caches/modules-2/files-2.1/org.springframework/springloaded/1.2.5.RELEASE/5286364198a1f41d028c1d758ef7e44d2b63d6b1/springloaded-1.2.5.RELEASE.jar
7fd0f0d19000-7fd0f0d1b000 r--s 0000e000 ca:01 52495                      /home/ubuntu/.gradle/caches/modules-2/files-2.1/commons-logging/commons-logging/1.2/4bfc12adfe4842bf07b657f0369c4cb522955686/commons-logging-1.2.jar
7fd0f0d1b000-7fd0f0d1f000 r--s 0002a000 ca:01 52865                      /home/ubuntu/.gradle/caches/modules-2/files-2.1/commons-io/commons-io/2.4/b1b6ea3b7e4aa4f492509a4952029cd8e48019ad/commons-io-2.4.jar
7fd0f0d1f000-7fd0f0d20000 r--s 0000a000 ca:01 52864                      /home/ubuntu/.gradle/caches/modules-2/files-2.1/asm/asm/3.3.1/1d5f20b4ea675e6fab6ab79f1cd60ec268ddc015/asm-3.3.1.jar
7fd0f0d20000-7fd0f0d22000 r--s 00010000 ca:01 52863                      /home/ubuntu/.gradle/caches/modules-2/files-2.1/net.minidev/asm/1.0.2/63900a15f524db0b8c4fb2d9e24c0cb179842ea5/asm-1.0.2.jar
7fd0f0d22000-7fd0f0d40000 r--s 0006d000 ca:01 52862                      /home/ubuntu/.gradle/caches/modules-2/files-2.1/com.goldmansachs/gs-collections-api/5.1.0/ea605cdf64cab5fc7b48c99f061d4c8db05b6ff1/gs-collections-api-5.1.0.jar
7fd0f0d40000-7fd0f0d43000 r--s 0001c000 ca:01 52861                      /home/ubuntu/.gradle/caches/modules-2/files-2.1/net.minidev/json-smart/2.1.1/922d12fb1f394e2b6999ae0f7936ab13f4dffb81/json-smart-2.1.1.jar
7fd0f0d43000-7fd0f0d44000 r--s 00000000 ca:01 52488                      /home/ubuntu/.gradle/caches/modules-2/files-2.1/org.reactivestreams/reactive-streams/1.0.0/14b8c877d98005ba3941c9257cfe09f6ed0e0d74/reactive-streams-1.0.0.jar
7fd0f0d44000-7fd0f0d45000 r--s 0000e000 ca:01 52487                      /home/ubuntu/.gradle/caches/modules-2/files-2.1/org.codehaus.jsr166-mirror/jsr166y/1.7.0/8547fcb1c29b4f8c745c3f49a536aca58fc30f54/jsr166y-1.7.0.jar
7fd0f0d45000-7fd0f0d52000 r--s 00083000 ca:01 52773                      /home/ubuntu/.gradle/caches/modules-2/files-2.1/commons-collections/commons-collections/3.2.2/8ad72fe39fa8c91eaaf12aadb21e0c3661fe26d5/commons-collections-3.2.2.jar
7fd0f0d52000-7fd0f0dd7000 r--s 00792000 ca:01 52860                      /home/ubuntu/.gradle/caches/modules-2/files-2.1/com.goldmansachs/gs-collections/5.1.0/7114c5349c816ea645b1ea3ffcc21fa073cbabc/gs-collections-5.1.0.jar
7fd0f0dd7000-7fd0f0dd8000 r--s 00007000 ca:01 52859                      /home/ubuntu/.gradle/caches/modules-2/files-2.1/io.projectreactor.spring/reactor-spring-core/2.0.7.RELEASE/b1045de1d670cb1b5885221954e8338bf3938ff5/reactor-spring-core-2.0.7.RELEASE.jar
7fd0f0dd8000-7fd0f0ddc000 r--s 0001e000 ca:01 52858                      /home/ubuntu/.gradle/caches/modules-2/files-2.1/com.jayway.jsonpath/json-path/2.0.0/26b8555596b3fb9652c1ffe193fa9123945b32cc/json-path-2.0.0.jar
7fd0f0ddc000-7fd0f0de2000 r--s 00033000 ca:01 52491                      /home/ubuntu/.gradle/caches/modules-2/files-2.1/commons-codec/commons-codec/1.6/b7f0fc8f61ecadeb3695f0b9464755eee44374d4/commons-codec-1.6.jar
7fd0f0de2000-7fd0f0de3000 r--s 00009000 ca:01 52857                      /home/ubuntu/.gradle/caches/modules-2/files-2.1/org.apache.tomcat/tomcat-juli/8.0.30/48258c438c681d1322ccb15f01d58238d14c1274/tomcat-juli-8.0.30.jar
7fd0f0de3000-7fd0f0deb000 r--s 00056000 ca:01 52856                      /home/ubuntu/.gradle/caches/modules-2/files-2.1/io.projectreactor/reactor-stream/2.0.7.RELEASE/5c8d4486a6f17177a5411ae195ba68ab02f75759/reactor-stream-2.0.7.RELEASE.jar
7fd0f0deb000-7fd0f0df4000 r--s 0004f000 ca:01 52855                      /home/ubuntu/.gradle/caches/modules-2/files-2.1/io.projectreactor/reactor-core/2.0.7.RELEASE/3f7190ff62e6d8cefa8a832f64140387e473fb41/reactor-core-2.0.7.RELEASE.jar
7fd0f0df4000-7fd0f0e10000 r--s 00136000 ca:01 52482                      /home/ubuntu/.gradle/caches/modules-2/files-2.1/org.codehaus.gpars/gpars/1.2.1/c3ea0fbcd67a163bd5e3a3efdaa3428262d0d437/gpars-1.2.1.jar
7fd0f0e10000-7fd0f0e16000 r--s 00027000 ca:01 52854                      /home/ubuntu/.gradle/caches/modules-2/files-2.1/opensymphony/sitemesh/2.4/fa84c82cce30a9a632c08dd2277d63993d972cf5/sitemesh-2.4.jar
7fd0f0e16000-7fd0f0e18000 r--s 00007000 ca:01 52853                      /home/ubuntu/.gradle/caches/modules-2/files-2.1/org.grails/grails-web-taglib/3.1.1/859128e3f16d20fe13811c2ab65b283dce35d6c7/grails-web-taglib-3.1.1.jar
7fd0f0e18000-7fd0f0e1a000 r--s 0000e000 ca:01 52851                      /home/ubuntu/.gradle/caches/modules-2/files-2.1/com.fasterxml/classmate/1.1.0/dbbd699a1486ad0f2ed6f5af6cfed66acacb9056/classmate-1.1.0.jar
7fd0f0e1a000-7fd0f0e1e000 r--s 0000c000 ca:01 52465                      /home/ubuntu/.gradle/caches/modules-2/files-2.1/javax.validation/validation-api/1.1.0.Final/8613ae82954779d518631e05daa73a6a954817d5/validation-api-1.1.0.Final.jar
7fd0f0e1e000-7fd0f0e28000 r--s 00068000 ca:01 52850                      /home/ubuntu/.gradle/caches/modules-2/files-2.1/org.springframework/spring-orm/4.2.4.RELEASE/f8cc11443ea62a189c4574e54116465960c490eb/spring-orm-4.2.4.RELEASE.jar
7fd0f0e28000-7fd0f0e2d000 r--s 00016000 ca:01 52872                      /home/ubuntu/.gradle/caches/modules-2/files-2.1/xml-apis/xml-apis/1.0.b2/3136ca936f64c9d68529f048c2618bd356bf85c9/xml-apis-1.0.b2.jar
7fd0f0e2d000-7fd0f0e2e000 r--s 00003000 ca:01 52454                      /home/ubuntu/.gradle/caches/modules-2/files-2.1/javax.transaction/jta/1.1/2ca09f0b36ca7d71b762e14ea2ff09d5eac57558/jta-1.1.jar
7fd0f0e2e000-7fd0f0e31000 r--s 00014000 ca:01 52849                      /home/ubuntu/.gradle/caches/modules-2/files-2.1/org.grails/grails-taglib/3.1.1/40a061666fec69ea468139eedf7edd7b994063e1/grails-taglib-3.1.1.jar
7fd0f0e31000-7fd0f0e34000 r--s 0001d000 ca:01 52401                      /home/ubuntu/.gradle/caches/modules-2/files-2.1/org.codehaus.groovy/groovy-json/2.4.5/ff21b54d65128ff46488286af056eed606481f97/groovy-json-2.4.5.jar
7fd0f0e34000-7fd0f0e38000 r--s 0002b000 ca:01 52481                      /home/ubuntu/.gradle/caches/modules-2/files-2.1/commons-validator/commons-validator/1.4.1/2231238e391057a53f92bde5bbc588622c1956c3/commons-validator-1.4.1.jar
7fd0f0e38000-7fd0f0e3e000 r--s 00048000 ca:01 52848                      /home/ubuntu/.gradle/caches/modules-2/files-2.1/io.projectreactor/reactor-bus/2.0.7.RELEASE/8b83ef6c665ae3499f23fbc7bca5cb8c321a71c4/reactor-bus-2.0.7.RELEASE.jar
7fd0f0e3e000-7fd0f0e40000 r--s 00005000 ca:01 52847                      /home/ubuntu/.gradle/caches/modules-2/files-2.1/io.projectreactor.spring/reactor-spring-context/2.0.7.RELEASE/ca4285a0a0ab9d1f39953c086bfcfc5883c06c32/reactor-spring-context-2.0.7.RELEASE.jar
7fd0f0e40000-7fd0f0e41000 r--s 00005000 ca:01 52846                      /home/ubuntu/.gradle/caches/modules-2/files-2.1/org.grails/grails-codecs/3.1.1/412ec870a6be7df41c870473193a9684c58ecc67/grails-codecs-3.1.1.jar
7fd0f0e41000-7fd0f0e44000 r--s 0001f000 ca:01 52845                      /home/ubuntu/.gradle/caches/modules-2/files-2.1/org.apache.tomcat/tomcat-jdbc/8.0.30/44765cbbe3ea864923c16f19e081522f8058a6a5/tomcat-jdbc-8.0.30.jar
7fd0f0e44000-7fd0f0e46000 r--s 00012000 ca:01 52844                      /home/ubuntu/.gradle/caches/modules-2/files-2.1/org.codehaus.groovy/groovy-sql/2.4.5/a8a1b9eb0a1282940b4d41a43ca5df5178d70fb3/groovy-sql-2.4.5.jar
7fd0f0e46000-7fd0f0e50000 r--s 0005e000 ca:01 52843                      /home/ubuntu/.gradle/caches/modules-2/files-2.1/org.springframework/spring-jdbc/4.2.4.RELEASE/7aa1c3c817b0a04796e6570a2c07ac23248c1ee0/spring-jdbc-4.2.4.RELEASE.jar
7fd0f0e50000-7fd0f0e52000 r--s 00014000 ca:01 52842                      /home/ubuntu/.gradle/caches/modules-2/files-2.1/org.apache.tomcat.embed/tomcat-embed-logging-log4j/8.0.26/e3e9dd7ff3f3f951dc1a262d44344c36fc6ab12d/tomcat-embed-logging-log4j-8.0.26.jar
7fd0f0e52000-7fd0f0e54000 r--s 00009000 ca:01 52841                      /home/ubuntu/.gradle/caches/modules-2/files-2.1/org.grails/grails-plugin-domain-class/3.1.1/4014b6a06833b6685117008a1699455b9a0040e5/grails-plugin-domain-class-3.1.1.jar
7fd0f0e54000-7fd0f0e56000 r--s 00003000 ca:01 52840                      /home/ubuntu/.gradle/caches/modules-2/files-2.1/org.grails/grails-plugin-validation/3.1.1/f44144856b2e5f519bd104777244c06dbcbb04a/grails-plugin-validation-3.1.1.jar
7fd0f0e56000-7fd0f0e58000 r--s 00009000 ca:01 52839                      /home/ubuntu/.gradle/caches/modules-2/files-2.1/org.grails/grails-plugin-mimetypes/3.1.1/282974406d6e928cbf7f0a9faaaed8a794af9143/grails-plugin-mimetypes-3.1.1.jar
7fd0f0e58000-7fd0f0e5b000 r--s 0001c000 ca:01 52838                      /home/ubuntu/.gradle/caches/modules-2/files-2.1/org.grails/grails-plugin-converters/3.1.1/4d017fe125901366c00b81e2e9afc6f4c52bd22a/grails-plugin-converters-3.1.1.jar
7fd0f0e5b000-7fd0f0e5d000 r--s 0000f000 ca:01 52837                      /home/ubuntu/.gradle/caches/modules-2/files-2.1/org.grails/grails-async/3.1.1/4f2f273cb8ac16b1eba15fbda915f820acc4a358/grails-async-3.1.1.jar
7fd0f0e5d000-7fd0f0e5e000 r--s 0000b000 ca:01 52836                      /home/ubuntu/.gradle/caches/modules-2/files-2.1/org.grails/grails-web-sitemesh/3.1.1/e1ad945a9e4ae44b709ff4e6faae3bf382b09ecb/grails-web-sitemesh-3.1.1.jar
7fd0f0e5e000-7fd0f0e60000 r--s 00004000 ca:01 52835                      /home/ubuntu/.gradle/caches/modules-2/files-2.1/org.grails/grails-web-mvc/3.1.1/1dbd64a0adecc440d3e0ab2d766742df19d0fb8e/grails-web-mvc-3.1.1.jar
7fd0f0e60000-7fd0f0e63000 r--s 0001e000 ca:01 52834                      /home/ubuntu/.gradle/caches/modules-2/files-2.1/org.grails/grails-web-jsp/3.1.1/12a10ea293688d8ecd3e810cb77a7133e164a88d/grails-web-jsp-3.1.1.jar
7fd0f0e63000-7fd0f0e67000 r--s 00027000 ca:01 52833                      /home/ubuntu/.gradle/caches/modules-2/files-2.1/org.grails/grails-web-url-mappings/3.1.1/1abe919f0c54ebb6d51cba7c02599278d45acd82/grails-web-url-mappings-3.1.1.jar
7fd0f0e67000-7fd0f0e69000 r--s 00013000 ca:01 52832                      /home/ubuntu/.gradle/caches/modules-2/files-2.1/org.grails/grails-web-databinding/3.1.1/5ff4ef2bc2f72099cc25c59461b6ba3b91283de6/grails-web-databinding-3.1.1.jar
7fd0f0e69000-7fd0f0e6b000 r--s 00011000 ca:01 52831                      /home/ubuntu/.gradle/caches/modules-2/files-2.1/org.grails/grails-web-gsp/3.1.1/42e18da7802bcd48703f3ec9c7f2a0ad2a6c0cb0/grails-web-gsp-3.1.1.jar
7fd0f0e6b000-7fd0f0e84000 r--s 001af000 ca:01 52830                      /home/ubuntu/.gradle/caches/modules-2/files-2.1/org.aspectj/aspectjweaver/1.8.8/969c8d3d3d56db1e1c8721a03ef07d0c9ac3a2e4/aspectjweaver-1.8.8.jar
7fd0f0e84000-7fd0f0e88000 r--s 00019000 ca:01 52829                      /home/ubuntu/.gradle/caches/modules-2/files-2.1/org.aspectj/aspectjrt/1.8.8/7c5b26f24375685e34a50c2d765ebc40a96a5280/aspectjrt-1.8.8.jar
7fd0f0e88000-7fd0f0e8b000 r--s 0000c000 ca:01 52828                      /home/ubuntu/.gradle/caches/modules-2/files-2.1/org.springframework/spring-aspects/4.2.4.RELEASE/f8b7fe22a4a1be320c9148499437c6347c1701f1/spring-aspects-4.2.4.RELEASE.jar
7fd0f0e8b000-7fd0f0e8f000 r--s 0003c000 ca:01 52827                      /home/ubuntu/.gradle/caches/modules-2/files-2.1/com.fasterxml.jackson.core/jackson-core/2.6.5/334369d7eff497f358b248c171dac0dd62c68f67/jackson-core-2.6.5.jar
7fd0f0e8f000-7fd0f0e92000 r--s 00009000 ca:01 52826                      /home/ubuntu/.gradle/caches/modules-2/files-2.1/com.fasterxml.jackson.core/jackson-annotations/2.6.5/65137ebf85056473b40c311f889601646a7612ba/jackson-annotations-2.6.5.jar
7fd0f0e92000-7fd0f0e94000 r--s 0001b000 ca:01 52427                      /home/ubuntu/.gradle/caches/modules-2/files-2.1/org.apache.ant/ant-junit/1.9.4/b063757dacaa716b643c2f9270e469183636ff11/ant-junit-1.9.4.jar
7fd0f0e94000-7fd0f0e95000 r--s 00004000 ca:01 52424                      /home/ubuntu/.gradle/caches/modules-2/files-2.1/org.apache.ant/ant-launcher/1.9.4/334b62cb4be0432769679e8b94e83f8fd5ed395c/ant-launcher-1.9.4.jar
7fd0f0e95000-7fd0f0e96000 r--s 00002000 ca:01 52426                      /home/ubuntu/.gradle/caches/modules-2/files-2.1/org.apache.ant/ant-antlr/1.9.4/4cf30025981dc2344324a0ef0e40063c3ef08f0a/ant-antlr-1.9.4.jar
7fd0f0e96000-7fd0f0e99000 r--s 00020000 ca:01 52825                      /home/ubuntu/.gradle/caches/modules-2/files-2.1/org.codehaus.groovy/groovy-groovydoc/2.4.4/9fdc0f6fc266e0d3a703629b855e59874869348e/groovy-groovydoc-2.4.4.jar
7fd0f0e99000-7fd0f0eb7000 r--s 001cf000 ca:01 52399                      /home/ubuntu/.gradle/caches/modules-2/files-2.1/org.apache.ant/ant/1.9.4/6d473e8653d952045f550f4ef225a9591b79094a/ant-1.9.4.jar
7fd0f0eb7000-7fd0f0eb9000 r--s 00009000 ca:01 52824                      /home/ubuntu/.gradle/caches/modules-2/files-2.1/org.hamcrest/hamcrest-core/1.3/42a25dc3219429f0e5d060061f71acb49bf010a0/hamcrest-core-1.3.jar
7fd0f0eb9000-7fd0f0ebc000 r--s 00006000 ca:01 52450                      /home/ubuntu/.gradle/caches/modules-2/files-2.1/com.google.code.findbugs/jsr305/1.3.9/40719ea6961c0cb6afaeb6a921eaa1f6afd4cfdf/jsr305-1.3.9.jar
7fd0f0ebc000-7fd0f0ee8000 r--s 00208000 ca:01 52447                      /home/ubuntu/.gradle/caches/modules-2/files-2.1/com.google.guava/guava/19.0/6ce200f6b23222af3d8abb6b6459e6c44f4bb0e9/guava-19.0.jar
7fd0f0ee8000-7fd0f0eeb000 r--s 00010000 ca:01 52446                      /home/ubuntu/.gradle/caches/modules-2/files-2.1/args4j/args4j/2.0.26/1ebb18ebb3b379a74207d5af4ea7c8338ebd78b/args4j-2.0.26.jar
7fd0f0eeb000-7fd0f0eec000 r--s 00024000 ca:01 52445                      /home/ubuntu/.gradle/caches/modules-2/files-2.1/com.google.javascript/closure-compiler-externs/v20160713/36c8fa2e53148f8f00070d1d5df6e065bd9ebfb3/closure-compiler-externs-v20160713.jar
7fd0f0eec000-7fd0f0eee000 r--s 00011000 ca:01 52464                      /home/ubuntu/.gradle/caches/modules-2/files-2.1/org.jboss/jandex/1.1.0.Final/e84a2122e76f0b6503be78094ddf2108057ac15f/jandex-1.1.0.Final.jar
7fd0f0eee000-7fd0f0ef3000 r--s 00068000 ca:01 52458                      /home/ubuntu/.gradle/caches/modules-2/files-2.1/antlr/antlr/2.7.7/83cd2cd674a217ade95a4bb83a8a14f351f48bd0/antlr-2.7.7.jar
7fd0f0ef3000-7fd0f0ef4000 r--s 00006000 ca:01 52463                      /home/ubuntu/.gradle/caches/modules-2/files-2.1/org.jboss.spec.javax.transaction/jboss-transaction-api_1.2_spec/1.0.0.Final/1f9fef7a9fcbb41cc390fc370a291cf30729e094/jboss-transaction-api_1.2_spec-1.0.0.Final.jar
7fd0f0ef4000-7fd0f0ef6000 r--s 0000e000 ca:01 52812                      /home/ubuntu/.gradle/caches/modules-2/files-2.1/javax.activation/activation/1.1/e6cb541461c2834bdea3eb920f1884d1eb508b50/activation-1.1.jar
7fd0f0ef6000-7fd0f0f07000 r--s 0009a000 ca:01 52811                      /home/ubuntu/.gradle/caches/modules-2/files-2.1/org.hibernate/hibernate-validator/5.2.2.Final/990905cd9184450c5f3e929ab2566305e3a67fa1/hibernate-validator-5.2.2.Final.jar
7fd0f0f07000-7fd0f0f0a000 r--s 00010000 ca:01 52420                      /home/ubuntu/.gradle/caches/modules-2/files-2.1/org.hibernate.common/hibernate-commons-annotations/4.0.5.Final/2a581b9edb8168e45060d8bad8b7f46712d2c52c/hibernate-commons-annotations-4.0.5.Final.jar
7fd0f0f0a000-7fd0f0f0f000 r--s 00043000 ca:01 52810                      /home/ubuntu/.gradle/caches/modules-2/files-2.1/org.grails/grails-datastore-gorm-hibernate-core/5.0.1.RELEASE/8cd3ecb3691b2022c6b19812304aa44072edbd85/grails-datastore-gorm-hibernate-core-5.0.1.RELEASE.jar
7fd0f0f0f000-7fd0f0f14000 r--s 00048000 ca:01 52417                      /home/ubuntu/.gradle/caches/modules-2/files-2.1/dom4j/dom4j/1.6.1/5d3ccc056b6f056dbf0dddfdf43894b9065a8f94/dom4j-1.6.1.jar
7fd0f0f14000-7fd0f0f1f000 r--s 0007e000 ca:01 52809                      /home/ubuntu/.gradle/caches/modules-2/files-2.1/org.grails/grails-datastore-gorm/5.0.1.RELEASE/607d4538bd69af68b97861aded9a0428ead9700a/grails-datastore-gorm-5.0.1.RELEASE.jar
7fd0f0f1f000-7fd0f0f2b000 r--s 0005e000 ca:01 52808                      /home/ubuntu/.gradle/caches/modules-2/files-2.1/org.grails/grails-datastore-core/5.0.1.RELEASE/8069a7fe96cc015e4940e4360426877bf8692509/grails-datastore-core-5.0.1.RELEASE.jar
7fd0f0f2b000-7fd0f0f30000 r--s 00027000 ca:01 52807                      /home/ubuntu/.gradle/caches/modules-2/files-2.1/org.springframework/spring-context-support/4.2.4.RELEASE/428f5d6ab3eba5ddd0b89474379ccfe867a42cc1/spring-context-support-4.2.4.RELEASE.jar
7fd0f0f30000-7fd0f0f41000 r--s 000c5000 ca:01 52806                      /home/ubuntu/.gradle/caches/modules-2/files-2.1/org.springframework/spring-webmvc/4.2.4.RELEASE/cf4317be9c83b4c1c65ce2d3bb96673ac546030a/spring-webmvc-4.2.4.RELEASE.jar
7fd0f0f41000-7fd0f0f43000 r--s 00016000 ca:01 52467                      /home/ubuntu/.gradle/caches/modules-2/files-2.1/org.codehaus.groovy/groovy-templates/2.4.5/7e125934b98430ba7a80ffea2150f59dfdf71978/groovy-templates-2.4.5.jar
7fd0f0f43000-7fd0f0f46000 r--s 0001f000 ca:01 52805                      /home/ubuntu/.gradle/caches/modules-2/files-2.1/org.grails/grails-gsp/3.1.1/dc559d25f65aba2c61ba8ab2ea5ac04fbaf05fd/grails-gsp-3.1.1.jar
7fd0f0f46000-7fd0f0f4a000 r--s 00029000 ca:01 52804                      /home/ubuntu/.gradle/caches/modules-2/files-2.1/org.grails/grails-encoder/3.1.1/e69cfee32f3858bc149b1edff4165e59d4c4f3c4/grails-encoder-3.1.1.jar
7fd0f0f4a000-7fd0f0f4c000 r--s 0000f000 ca:01 52803                      /home/ubuntu/.gradle/caches/modules-2/files-2.1/org.grails/grails-databinding/3.1.1/917bce7c9ee1f01f611a08af0d90e28183b4edb2/grails-databinding-3.1.1.jar
7fd0f0f4c000-7fd0f0f4f000 r--s 00014000 ca:01 52802                      /home/ubuntu/.gradle/caches/modules-2/files-2.1/org.grails/grails-validation/3.1.1/5642dd5ca0fe80f586b6312bebe355e9a948306/grails-validation-3.1.1.jar
7fd0f0f4f000-7fd0f0f51000 r--s 00005000 ca:01 52801                      /home/ubuntu/.gradle/caches/modules-2/files-2.1/org.grails/grails-plugin-events/3.1.1/8385e0c744a630728466f0f695f7bd725746c175/grails-plugin-events-3.1.1.jar
7fd0f0f51000-7fd0f0f53000 r--s 0000b000 ca:01 52800                      /home/ubuntu/.gradle/caches/modules-2/files-2.1/org.grails/grails-web-gsp-taglib/3.1.1/5c1c75faaa82de93185d171924bb1a419bc9d3fe/grails-web-gsp-taglib-3.1.1.jar
7fd0f0f53000-7fd0f0f55000 r--s 00004000 ca:01 52798                      /home/ubuntu/.gradle/caches/modules-2/files-2.1/org.grails/grails-plugin-codecs/3.1.1/752061d1bf10843d5f0224cfddc14940a20b09dc/grails-plugin-codecs-3.1.1.jar
7fd0f0f55000-7fd0f0f5a000 r--s 00041000 ca:01 52797                      /home/ubuntu/.gradle/caches/modules-2/files-2.1/commons-lang/commons-lang/2.6/ce1edb914c94ebc388f086c6827e8bdeec71ac2/commons-lang-2.6.jar
7fd0f0f5a000-7fd0f0f5c000 r--s 00007000 ca:01 52796                      /home/ubuntu/.gradle/caches/modules-2/files-2.1/org.grails/grails-plugin-datasource/3.1.1/a1c8c8dcfa9bf0915f084c4492b8f4652070b97f/grails-plugin-datasource-3.1.1.jar
7fd0f0f5c000-7fd0f0f5f000 r--s 00019000 ca:01 52795                      /home/ubuntu/.gradle/caches/modules-2/files-2.1/org.grails/grails-plugin-controllers/3.1.1/4de6401e03b2df180bb82b88fa567e05034fb8fa/grails-plugin-controllers-3.1.1.jar
7fd0f0f5f000-7fd0f0f61000 r--s 00006000 ca:01 52794                      /home/ubuntu/.gradle/caches/modules-2/files-2.1/org.grails/grails-web/3.1.1/1031d0541e3517c0616274b880e2e9ba1dd92915/grails-web-3.1.1.jar
7fd0f0f61000-7fd0f0f72000 r--s 0010d000 ca:01 52793                      /home/ubuntu/.gradle/caches/modules-2/files-2.1/com.fasterxml.jackson.core/jackson-databind/2.6.5/d50be1723a09befd903887099ff2014ea9020333/jackson-databind-2.6.5.jar
7fd0f0f72000-7fd0f0f83000 r--s 000ab000 ca:01 52792                      /home/ubuntu/.gradle/caches/modules-2/files-2.1/org.springframework/spring-web/4.2.4.RELEASE/d4bcc6f4d8b64d7af9b67bc17f0d5106dce97926/spring-web-4.2.4.RELEASE.jar
7fd0f0f83000-7fd0f0f85000 r--s 00010000 ca:01 52400                      /home/ubuntu/.gradle/caches/modules-2/files-2.1/org.codehaus.groovy/groovy-ant/2.4.5/da3bf324dd8480f6f94e6f6a6af3fdea7cc03af4/groovy-ant-2.4.5.jar
7fd0f0f85000-7fd0f0f8b000 r--s 0003c000 ca:01 52791                      /home/ubuntu/.gradle/caches/modules-2/files-2.1/org.yaml/snakeyaml/1.16/d64fb662c9e42789149f5078a62a22edda786c6a/snakeyaml-1.16.jar
7fd0f0f8b000-7fd0f0f94000 r--s 00052000 ca:01 52790                      /home/ubuntu/.gradle/caches/modules-2/files-2.1/org.springframework/spring-aop/4.2.4.RELEASE/3329cf71b4bc49c9767ca4f0704ed7b773f29fba/spring-aop-4.2.4.RELEASE.jar
7fd0f0f94000-7fd0f0f9f000 r--s 00065000 ca:01 52789                      /home/ubuntu/.gradle/caches/modules-2/files-2.1/ch.qos.logback/logback-core/1.1.3/e3c02049f2dbbc764681b40094ecf0dcbc99b157/logback-core-1.1.3.jar
7fd0f0f9f000-7fd0f1000000 r--s 00594000 ca:01 52413                      /home/ubuntu/.gradle/caches/modules-2/files-2.1/com.google.javascript/closure-compiler/v20160713/534e9057a5a2dc9bded7e47c5cbf1033b57df122/closure-compiler-v20160713.jar
7fd0f1000000-7fd0f24e0000 rwxp 00000000 00:00 0 
7fd0f24e0000-7fd100000000 ---p 00000000 00:00 0 
7fd100000000-7fd101d48000 rw-p 00000000 00:00 0 
7fd101d48000-7fd104000000 ---p 00000000 00:00 0 
7fd104000000-7fd104001000 r--s 00000000 ca:01 52799                      /home/ubuntu/.gradle/caches/modules-2/files-2.1/org.grails/grails-logging/3.1.1/521dd5923cbc47a94d021a6d4ad337c4abfa1152/grails-logging-3.1.1.jar
7fd104001000-7fd104005000 r--s 00031000 ca:01 52408                      /home/ubuntu/.gradle/caches/modules-2/files-2.1/org.codehaus.groovy/groovy-xml/2.4.5/bbbb0cdd8a566362454372adb1601f0c052e51c6/groovy-xml-2.4.5.jar
7fd104005000-7fd10400a000 r--s 0003c000 ca:01 52788                      /home/ubuntu/.gradle/caches/modules-2/files-2.1/org.springframework/spring-expression/4.2.4.RELEASE/15b6f6d61bc68fe2cc6cbd63e2329601afb8b39/spring-expression-4.2.4.RELEASE.jar
7fd10400a000-7fd10400c000 r--s 00000000 ca:01 52787                      /home/ubuntu/.gradle/caches/modules-2/files-2.1/aopalliance/aopalliance/1.0/235ba8b489512805ac13a8f9ea77a1ca5ebe3e8/aopalliance-1.0.jar
7fd10400c000-7fd104013000 r--s 00064000 ca:01 52774                      /home/ubuntu/.gradle/caches/modules-2/files-2.1/org.apache.commons/commons-lang3/3.4/5fe28b9518e58819180a43a850fbc0dd24b7c050/commons-lang3-3.4.jar
7fd104013000-7fd10401f000 r--s 000ea000 ca:01 52786                      /home/ubuntu/.gradle/caches/modules-2/files-2.1/ro.isdc.wro4j/rhino/1.7R5-20130223-1/83f4a63640881f9ac0d18eb6f17b94c090ccc8d/rhino-1.7R5-20130223-1.jar
7fd10401f000-7fd104027000 r--s 00045000 ca:01 52785                      /home/ubuntu/.gradle/caches/modules-2/files-2.1/junit/junit/4.12/2973d150c0dc1fefe998f834810d68f278ea58ec/junit-4.12.jar
7fd104027000-7fd10402f000 r--s 0007b000 ca:01 52448                      /home/ubuntu/.gradle/caches/modules-2/files-2.1/com.google.protobuf/protobuf-java/2.5.0/a10732c76bfacdbd633a7eb0f7968b1059a65dfa/protobuf-java-2.5.0.jar
7fd10402f000-7fd104034000 r--s 0002f000 ca:01 52784                      /home/ubuntu/.gradle/caches/modules-2/files-2.1/com.google.code.gson/gson/2.3.1/ecb6e1f8e4b0e84c4b886c2f14a1500caf309757/gson-2.3.1.jar
7fd104034000-7fd104039000 r--s 00035000 ca:01 52783                      /home/ubuntu/.gradle/caches/modules-2/files-2.1/commons-beanutils/commons-beanutils/1.9.2/7a87d845ad3a155297e8f67d9008f4c1e5656b71/commons-beanutils-1.9.2.jar
7fd104039000-7fd10403c000 r--s 00026000 ca:01 52782                      /home/ubuntu/.gradle/caches/modules-2/files-2.1/org.antlr/antlr-runtime/3.5.2/cd9cd41361c155f3af0f653009dcecb08d8b4afd/antlr-runtime-3.5.2.jar
7fd10403c000-7fd104051000 r--s 000e1000 ca:01 52769                      /home/ubuntu/.gradle/caches/modules-2/files-2.1/net.sf.ehcache/ehcache-core/2.4.3/fd258ef6959f27fb678b04f90139ded4588e2d15/ehcache-core-2.4.3.jar
7fd104051000-7fd1040af000 r--s 004ac000 ca:01 52768                      /home/ubuntu/.gradle/caches/modules-2/files-2.1/org.hibernate/hibernate-core/4.3.11.Final/536ac0021240d97db99c7d2983067cef1a6f3af5/hibernate-core-4.3.11.Final.jar
7fd1040af000-7fd1040b0000 r--s 00002000 ca:01 52462                      /home/ubuntu/.gradle/caches/modules-2/files-2.1/org.jboss.logging/jboss-logging-annotations/1.2.0.Beta1/2f437f37bb265d9f8f1392823dbca12d2bec06d6/jboss-logging-annotations-1.2.0.Beta1.jar
7fd1040b0000-7fd1040b2000 r--s 0000f000 ca:01 52767                      /home/ubuntu/.gradle/caches/modules-2/files-2.1/org.jboss.logging/jboss-logging/3.3.0.Final/3616bb87707910296e2c195dc016287080bba5af/jboss-logging-3.3.0.Final.jar
7fd1040b2000-7fd1040bb000 r--s 0008b000 ca:01 52766                      /home/ubuntu/.gradle/caches/modules-2/files-2.1/com.sun.mail/javax.mail/1.5.5/ffcd34b5de820f35bcc9303649cf6ab2c65ad44e/javax.mail-1.5.5.jar
7fd1040bb000-7fd1040bf000 r--s 0002e000 ca:01 52765                      /home/ubuntu/.gradle/caches/modules-2/files-2.1/javax.mail/javax.mail-api/1.5.5/c21af4475b2873b39b0d7b5d08cf4a7547eb37f8/javax.mail-api-1.5.5.jar
7fd1040bf000-7fd1040c3000 r--s 00036000 ca:01 52764                      /home/ubuntu/.gradle/caches/modules-2/files-2.1/org.grails/grails-datastore-gorm-hibernate4/5.0.1.RELEASE/6908da1f4e55537a7816a02be20be99fa14477a3/grails-datastore-gorm-hibernate4-5.0.1.RELEASE.jar
7fd1040c3000-7fd1040c6000 r--s 00014000 ca:01 52763                      /home/ubuntu/.gradle/caches/modules-2/files-2.1/org.grails/grails-datastore-gorm-support/5.0.1.RELEASE/6a32495623cd37d38e877c9ec2625260e486d9df/grails-datastore-gorm-support-5.0.1.RELEASE.jar
7fd1040c6000-7fd1040cd000 r--s 00044000 ca:01 52762                      /home/ubuntu/.gradle/caches/modules-2/files-2.1/org.grails/grails-datastore-simple/5.0.1.RELEASE/7441503aef2d9f9283623980ea2f1e0beaa1143a/grails-datastore-simple-5.0.1.RELEASE.jar
7fd1040cd000-7fd1040d0000 r--s 0001d000 ca:01 52761                      /home/ubuntu/.gradle/caches/modules-2/files-2.1/org.grails.plugins/fields/2.1.2/45019a9e6ad24418ad4c92b948b018ea613293e/fields-2.1.2.jar
7fd1040d0000-7fd1040da000 r--s 000a5000 ca:01 52493                      /home/ubuntu/.gradle/caches/modules-2/files-2.1/org.javassist/javassist/3.18.1-GA/d9a09f7732226af26bf99f19e2cffe0ae219db5b/javassist-3.18.1-GA.jar
7fd1040da000-7fd1040de000 r--s 0002b000 ca:01 52760                      /home/ubuntu/.gradle/caches/modules-2/files-2.1/org.grails/grails-web-common/3.1.1/43a040ffd9d6dca2d120791fd53afb9fafc57c47/grails-web-common-3.1.1.jar
7fd1040de000-7fd1040e1000 r--s 0000a000 ca:01 52759                      /home/ubuntu/.gradle/caches/modules-2/files-2.1/org.grails/grails-plugin-async/3.1.1/2fcdf8fc3aa4fb3fdc642af13b2acf0e9d9ce6a6/grails-plugin-async-3.1.1.jar
7fd1040e1000-7fd1040e2000 r--s 00008000 ca:01 52758                      /home/ubuntu/.gradle/caches/modules-2/files-2.1/org.grails/grails-plugin-interceptors/3.1.1/5b62b945e167afb1717d68f52bdfe86ef02ccc0f/grails-plugin-interceptors-3.1.1.jar
7fd1040e2000-7fd1040e3000 r--s 00004000 ca:01 52757                      /home/ubuntu/.gradle/caches/modules-2/files-2.1/org.grails/grails-plugin-url-mappings/3.1.1/276bce7a2af1e20b059d66b2a991388e631ff841/grails-plugin-url-mappings-3.1.1.jar
7fd1040e3000-7fd1040e4000 r--s 00009000 ca:01 52756                      /home/ubuntu/.gradle/caches/modules-2/files-2.1/org.grails/grails-plugin-services/3.1.1/4006753a107426d0d245fdb6f88a0edea64e0992/grails-plugin-services-3.1.1.jar
7fd1040e4000-7fd1040e8000 r--s 0004a000 ca:01 52755                      /home/ubuntu/.gradle/caches/modules-2/files-2.1/org.grails/grails-plugin-gsp/3.1.1/21b7cb5d81dfacf951622682f77adb5eee7dc9ab/grails-plugin-gsp-3.1.1.jar
7fd1040e8000-7fd1040ea000 r--s 00003000 ca:01 52754                      /home/ubuntu/.gradle/caches/modules-2/files-2.1/org.grails/grails-plugin-i18n/3.1.1/d55b9a0203ff74fdb88c34ccaad8ee73ca99e79/grails-plugin-i18n-3.1.1.jar
7fd1040ea000-7fd1040eb000 r--s 00004000 ca:01 52753                      /home/ubuntu/.gradle/caches/modules-2/files-2.1/org.grails/grails-plugin-databinding/3.1.1/930e4898f1cf07504b629e5ace32fb7dadbefc87/grails-plugin-databinding-3.1.1.jar
7fd1040eb000-7fd1040ef000 r--s 00031000 ca:01 52752                      /home/ubuntu/.gradle/caches/modules-2/files-2.1/org.grails/grails-plugin-rest/3.1.1/b9cef54403c40140fbf1c0326c697ddce48ed0da/grails-plugin-rest-3.1.1.jar
7fd1040ef000-7fd1040f5000 r--s 00037000 ca:01 52751                      /home/ubuntu/.gradle/caches/modules-2/files-2.1/org.apache.tomcat.embed/tomcat-embed-websocket/8.0.30/84cf6feff7ed4f73689b4fa076cc6ec33851e075/tomcat-embed-websocket-8.0.30.jar
7fd1040f5000-7fd1040f6000 r--s 00009000 ca:01 52750                      /home/ubuntu/.gradle/caches/modules-2/files-2.1/org.apache.tomcat.embed/tomcat-embed-logging-juli/8.0.30/c19b5c37e1f67bf58f9726b438d5323411cd43c6/tomcat-embed-logging-juli-8.0.30.jar
7fd1040f6000-7fd1040fb000 r--s 00036000 ca:01 52749                      /home/ubuntu/.gradle/caches/modules-2/files-2.1/org.apache.tomcat.embed/tomcat-embed-el/8.0.30/b97d5ff750126d7fdaf412aeec219306bd157e50/tomcat-embed-el-8.0.30.jar
7fd1040fb000-7fd104120000 r--s 0028e000 ca:01 52748                      /home/ubuntu/.gradle/caches/modules-2/files-2.1/org.apache.tomcat.embed/tomcat-embed-core/8.0.30/87b12667b258d0135f7cf4234030a5ccbb55193f/tomcat-embed-core-8.0.30.jar
7fd104120000-7fd10412d000 r--s 00060000 ca:01 52747                      /home/ubuntu/.gradle/caches/modules-2/files-2.1/org.springframework.boot/spring-boot-actuator/1.3.2.RELEASE/45b1026dc7256472b8553f030bbad72a8966c393/spring-boot-actuator-1.3.2.RELEASE.jar
7fd10412d000-7fd10412e000 r--s 00000000 ca:01 52746                      /home/ubuntu/.gradle/caches/modules-2/files-2.1/org.springframework.boot/spring-boot-starter/1.3.2.RELEASE/bf98e5da17df2f2c1a7b099631de0f53b663e57f/spring-boot-starter-1.3.2.RELEASE.jar
7fd10412e000-7fd10412f000 r--s 00009000 ca:01 52745                      /home/ubuntu/.gradle/caches/modules-2/files-2.1/org.grails/grails-spring/3.1.1/b6e6bf906b1ef1e1e6706178a5182e14b95a2205/grails-spring-3.1.1.jar
7fd10412f000-7fd104133000 r--s 00037000 ca:01 52388                      /home/ubuntu/.gradle/caches/modules-2/files-2.1/org.grails/grails-bootstrap/3.1.1/90c1a235097b80d4ebfa804875ec9d032af2329/grails-bootstrap-3.1.1.jar
7fd104133000-7fd10414c000 r--s 000f3000 ca:01 52744                      /home/ubuntu/.gradle/caches/modules-2/files-2.1/org.springframework/spring-context/4.2.4.RELEASE/23cd0109e4eafc5629547e3680b0c4031e82efdd/spring-context-4.2.4.RELEASE.jar
7fd10414c000-7fd104159000 r--s 000a6000 ca:01 52743                      /home/ubuntu/.gradle/caches/modules-2/files-2.1/org.springframework/spring-beans/4.2.4.RELEASE/dc8e0874b53435f3e277d9da5aebd8b93cc7cf64/spring-beans-4.2.4.RELEASE.jar
7fd104159000-7fd104160000 r--s 0003a000 ca:01 52742                      /home/ubuntu/.gradle/caches/modules-2/files-2.1/org.springframework/spring-tx/4.2.4.RELEASE/66e1a131263f5f9ba95943061b22ff2666930ca6/spring-tx-4.2.4.RELEASE.jar
7fd104160000-7fd104176000 r--s 000f2000 ca:01 52431                      /home/ubuntu/.gradle/caches/modules-2/files-2.1/org.springframework/spring-core/4.2.4.RELEASE/160ccd89230753d4f49477a967f5876b034d9745/spring-core-4.2.4.RELEASE.jar
7fd104176000-7fd10417a000 r--s 00019000 ca:01 52741                      /home/ubuntu/.gradle/caches/modules-2/files-2.1/com.googlecode.concurrentlinkedhashmap/concurrentlinkedhashmap-lru/1.4.2/2eaf3d3c9746d526ff7e5b93931d482c3887e6ac/concurrentlinkedhashmap-lru-1.4.2.jar
7fd10417a000-7fd10417f000 r--s 00017000 ca:01 52453                      /home/ubuntu/.gradle/caches/modules-2/files-2.1/org.hibernate.javax.persistence/hibernate-jpa-2.1-api/1.0.0.Final/5e731d961297e5a07290bfaf3db1fbc8bbbf405a/hibernate-jpa-2.1-api-1.0.0.Final.jar
7fd10417f000-7fd104181000 r--s 00007000 ca:01 52740                      /home/ubuntu/.gradle/caches/modules-2/files-2.1/org.slf4j/slf4j-api/1.7.13/7fcf30c25b8f4a9379b9dad0d3f487b25272c026/slf4j-api-1.7.13.jar
7fd104181000-7fd1041ce000 r--s 0040b000 ca:01 52384                      /home/ubuntu/.gradle/caches/modules-2/files-2.1/org.codehaus.groovy/groovy/2.4.5/4c7cd3b294af0a32609402c9d12ccc4218890e12/groovy-2.4.5.jar
7fd1041ce000-7fd1041d2000 r--s 00040000 ca:01 52739                      /home/ubuntu/.gradle/caches/modules-2/files-2.1/xalan/serializer/2.7.2/24247f3bb052ee068971393bdb83e04512bb1c3c/serializer-2.7.2.jar
7fd1041d2000-7fd1041e0000 r--s 00078000 ca:01 52738                      /home/ubuntu/.gradle/caches/modules-2/files-2.1/org.springframework.boot/spring-boot/1.3.2.RELEASE/62d0b690a08be593bb0288e0ec93f5bda52be6a/spring-boot-1.3.2.RELEASE.jar
7fd1041e0000-7fd1041e1000 r--s 00005000 ca:01 52737                      /home/ubuntu/.gradle/caches/modules-2/files-2.1/org.slf4j/log4j-over-slf4j/1.7.13/b5f4685073a6ffba6bf7e1d51e2b5fb83bdfa953/log4j-over-slf4j-1.7.13.jar
7fd1041e1000-7fd1041e3000 r--s 00000000 ca:01 52736                      /home/ubuntu/.gradle/caches/modules-2/files-2.1/org.slf4j/jul-to-slf4j/1.7.13/43759e986de5fec7045e35e9533e5ad2f6cd1b05/jul-to-slf4j-1.7.13.jar
7fd1041e3000-7fd1041e5000 r--s 00003000 ca:01 52735                      /home/ubuntu/.gradle/caches/modules-2/files-2.1/org.slf4j/jcl-over-slf4j/1.7.13/d78d2242e14e4182625152d225f76ae52b43491d/jcl-over-slf4j-1.7.13.jar
7fd1041e5000-7fd1041eb000 r--s 0003f000 ca:01 52734                      /home/ubuntu/.gradle/caches/modules-2/files-2.1/ch.qos.logback/logback-classic/1.1.3/d90276fff414f06cb375f2057f6778cd63c6082f/logback-classic-1.1.3.jar
7fd1041eb000-7fd1041f4000 r--s 00047000 ca:01 52733                      /home/ubuntu/.gradle/caches/modules-2/files-2.1/org.springframework.security/spring-security-web/4.0.3.RELEASE/5f0233d94ca53ac8710780b43791f633f970480a/spring-security-web-4.0.3.RELEASE.jar
7fd1041f4000-7fd104200000 r--s 0004c000 ca:01 52732                      /home/ubuntu/.gradle/caches/modules-2/files-2.1/org.springframework.security/spring-security-core/4.0.3.RELEASE/9f420c5742ad063970c5d33f60680a1cee777aa5/spring-security-core-4.0.3.RELEASE.jar
7fd104200000-7fd1042d7000 r--s 007aa000 ca:01 52731                      /home/ubuntu/.gradle/caches/modules-2/files-2.1/net.sf.ehcache/ehcache/2.10.1/a507a1302b631d0718fe29ae95d4e52e646ecc5a/ehcache-2.10.1.jar
7fd1042d7000-7fd1042da000 r--s 00339000 ca:01 52730                      /home/ubuntu/.gradle/caches/modules-2/files-2.1/io.bit3/jsass/5.1.0/3be42026d29f2caba38527cb80490e1bffe8d319/jsass-5.1.0.jar
7fd1042da000-7fd1042db000 r--s 00002000 ca:01 52729                      /home/ubuntu/.gradle/caches/modules-2/files-2.1/com.github.sommeri/less4j-javascript/0.0.1/33331ee5198840394bd7ff02a8a7ef506c0f4975/less4j-javascript-0.0.1.jar
7fd1042db000-7fd1042f1000 r--s 00129000 ca:01 52728                      /home/ubuntu/.gradle/caches/modules-2/files-2.1/com.github.sommeri/less4j/1.17.2/fc3ebef050a46839593b2e6f22ab43850f189923/less4j-1.17.2.jar
7fd1042f1000-7fd1042fa000 r--s 0006f000 ca:01 52727                      /home/ubuntu/.gradle/caches/modules-2/files-2.1/log4j/log4j/1.2.17/5af35056b4d257e4b64b9e8069c0746e8b08629f/log4j-1.2.17.jar
7fd1042fa000-7fd104307000 r--s 00109000 ca:01 52412                      /home/ubuntu/.gradle/caches/modules-2/files-2.1/org.mozilla/rhino/1.7R4/e982f2136574b9a423186fbaeaaa98dc3e5a5288/rhino-1.7R4.jar
7fd104307000-7fd10430b000 r--s 0003c000 ca:01 52393                      /home/ubuntu/.gradle/caches/modules-2/files-2.1/com.bertramlabs.plugins/asset-pipeline-core/2.10.1/635d6292c1b848fa65895d18f2d1d3adcc0adb67/asset-pipeline-core-2.10.1.jar
7fd10430b000-7fd104315000 r--s 000e4000 ca:01 52724                      /home/ubuntu/.gradle/caches/modules-2/files-2.1/mysql/mysql-connector-java/5.1.36/6bb5861f44c21c775ee713a438e5bc493c095f7a/mysql-connector-java-5.1.36.jar
7fd104315000-7fd104317000 r--s 00012000 ca:01 52723                      /home/ubuntu/.gradle/caches/modules-2/files-2.1/org.grails.plugins/ajax-tags/1.0.0.RC1/b866c0e58015d9854b52b990c3ce3a3069795e2b/ajax-tags-1.0.0.RC1.jar
7fd104317000-7fd104325000 r--s 00194000 ca:01 52722                      /home/ubuntu/.gradle/caches/modules-2/files-2.1/com.h2database/h2/1.4.190/df71536d44e3b07f0c15bb632cac51956c55fc3e/h2-1.4.190.jar
7fd104325000-7fd104327000 r--s 0001e000 ca:01 52721                      /home/ubuntu/.gradle/caches/modules-2/files-2.1/com.bertramlabs.plugins/asset-pipeline-grails/2.10.1/f7298b2f271e5cbbfa9e9b0190a40f0f99d2a510/asset-pipeline-grails-2.10.1.jar
7fd104327000-7fd10432b000 r--s 0001e000 ca:01 52720                      /home/ubuntu/.gradle/caches/modules-2/files-2.1/org.hibernate/hibernate-ehcache/4.3.11.Final/cea0e6aba102c00cf899bd547c338fcf54468433/hibernate-ehcache-4.3.11.Final.jar
7fd10432b000-7fd10432d000 r--s 00016000 ca:01 52719                      /home/ubuntu/.gradle/caches/modules-2/files-2.1/org.grails.plugins/mail/2.0.0.RC6/d410eb8cda394dcf894291db5c0e7f94e600c21e/mail-2.0.0.RC6.jar
7fd10432d000-7fd10432e000 r--s 00004000 ca:01 52718                      /home/ubuntu/.gradle/caches/modules-2/files-2.1/org.grails.plugins/hibernate4/5.0.1/7b3c808493a4cde1bafeaf41fa70eb1096fb245d/hibernate4-5.0.1.jar
7fd10432e000-7fd10432f000 r--s 00004000 ca:01 52717                      /home/ubuntu/.gradle/caches/modules-2/files-2.1/org.grails.plugins/scaffolding/3.2.0/fce5425afc23f3121ce28fa15d2318ceadd4c16f/scaffolding-3.2.0.jar
7fd10432f000-7fd104333000 r--s 00026000 ca:01 52716                      /home/ubuntu/.gradle/caches/modules-2/files-2.1/org.grails.plugins/cache/3.0.2/519bc1bffb2afa10c93b92e872d49a5238e96558/cache-3.0.2.jar
7fd104333000-7fd104334000 r--s 00001000 ca:01 52715                      /home/ubuntu/.gradle/caches/modules-2/files-2.1/org.grails/grails-web-boot/3.1.1/c324ff29d2846a761f19922ca402443f3726088b/grails-web-boot-3.1.1.jar
7fd104334000-7fd104335000 r--s 00000000 ca:01 52714                      /home/ubuntu/.gradle/caches/modules-2/files-2.1/org.springframework.boot/spring-boot-starter-tomcat/1.3.2.RELEASE/cd57af767a29484de124b8ed46ae82d974cc6901/spring-boot-starter-tomcat-1.3.2.RELEASE.jar
7fd104335000-7fd104336000 r--s 00000000 ca:01 52713                      /home/ubuntu/.gradle/caches/modules-2/files-2.1/org.springframework.boot/spring-boot-starter-actuator/1.3.2.RELEASE/3b15d341263824d27b2f5377832027bef8f5c016/spring-boot-starter-actuator-1.3.2.RELEASE.jar
7fd104336000-7fd104343000 r--s 000b0000 ca:01 52712                      /home/ubuntu/.gradle/caches/modules-2/files-2.1/org.grails/grails-core/3.1.1/dd69cfad3e84608d7f914b2f931513ebb06accc3/grails-core-3.1.1.jar
7fd104343000-7fd10435a000 r--s 000a1000 ca:01 52711                      /home/ubuntu/.gradle/caches/modules-2/files-2.1/org.springframework.boot/spring-boot-autoconfigure/1.3.2.RELEASE/dbd3d19d62e588b7fd495e8a3071ff076d0f74d5/spring-boot-autoconfigure-1.3.2.RELEASE.jar
7fd10435a000-7fd10435b000 r--s 00000000 ca:01 52710                      /home/ubuntu/.gradle/caches/modules-2/files-2.1/org.springframework.boot/spring-boot-starter-logging/1.3.2.RELEASE/f45580c295d3d340b6af23562fa034d48cef085a/spring-boot-starter-logging-1.3.2.RELEASE.jar
7fd10435b000-7fd10435e000 r--s 0000f000 ca:01 52709                      /home/ubuntu/.gradle/caches/modules-2/files-2.1/commons-fileupload/commons-fileupload/1.3.2/5d7491ed6ebd02b6a8d2305f8e6b7fe5dbd95f72/commons-fileupload-1.3.2.jar
7fd10435e000-7fd104367000 r--s 0007b000 ca:01 52708                      /home/ubuntu/.gradle/caches/modules-2/files-2.1/org.grails.plugins/spring-security-core/3.1.2/ca54acbad681d79bd545373db6dac234a637009f/spring-security-core-3.1.2.jar
7fd104367000-7fd104368000 r--s 00002000 ca:01 52707                      /home/ubuntu/.gradle/caches/modules-2/files-2.1/com.bertramlabs.plugins/sass-asset-pipeline/2.10.1/54b8a9854b1ab272e85472c39a99066f2a85f71c/sass-asset-pipeline-2.10.1.jar
7fd104368000-7fd104369000 r--s 00040000 ca:01 52706                      /home/ubuntu/.gradle/caches/modules-2/files-2.1/com.bertramlabs.plugins/less-asset-pipeline/2.10.1/935fff38d534dc624fd6cf1cd18f949a14243e26/less-asset-pipeline-2.10.1.jar
7fd104369000-7fd10436d000 r--s 00021000 ca:01 259596                     /home/ubuntu/books/lib/arq-extra.jar
7fd10436d000-7fd104383000 r--s 00110000 ca:01 259607                     /home/ubuntu/books/lib/xercesImpl.jar
7fd104383000-7fd1043ac000 r--s 001f5000 ca:01 259603                     /home/ubuntu/books/lib/jena.jar
7fd1043ac000-7fd1043c4000 r--s 002e9000 ca:01 259601                     /home/ubuntu/books/lib/icu4j_3_4.jar
7fd1043c4000-7fd1043ca000 r--s 0007e000 ca:01 259604                     /home/ubuntu/books/lib/mysql-connector-java-5.0.7-bin.jar
7fd1043ca000-7fd1043d6000 r--s 000ee000 ca:01 259605                     /home/ubuntu/books/lib/pellet.jar
7fd1043d6000-7fd1043da000 r--s 0001e000 ca:01 259598                     /home/ubuntu/books/lib/aterm-java-1.6.jar
7fd1043da000-7fd1043df000 r--s 00076000 ca:01 259608                     /home/ubuntu/books/lib/xsdlib.jar
7fd1043df000-7fd1043f8000 r--s 00136000 ca:01 259597                     /home/ubuntu/books/lib/arq.jar
7fd1043f8000-7fd1043fc000 r--s 0001b000 ca:01 259600                     /home/ubuntu/books/lib/concurrent.jar
7fd1043fc000-7fd1043fe000 r--s 0000d000 ca:01 259599                     /home/ubuntu/books/lib/commons-logging-1.1.1.jar
7fd1043fe000-7fd104403000 r--s 00066000 ca:01 259595                     /home/ubuntu/books/lib/antlr-2.7.5.jar
7fd104403000-7fd104406000 r--s 0000f000 ca:01 256415                     /usr/lib/jvm/java-8-openjdk-amd64/jre/lib/ext/icedtea-sound.jar
7fd104406000-7fd104421000 r--s 00394000 ca:01 256416                     /usr/lib/jvm/java-8-openjdk-amd64/jre/lib/ext/cldrdata.jar
7fd104421000-7fd10443c000 r--s 001d6000 ca:01 256418                     /usr/lib/jvm/java-8-openjdk-amd64/jre/lib/ext/nashorn.jar
7fd10443c000-7fd10443f000 ---p 00000000 00:00 0 
7fd10443f000-7fd10453d000 rw-p 00000000 00:00 0 
7fd10453d000-7fd1046d5000 r--p 00000000 ca:01 28937                      /usr/lib/locale/locale-archive
7fd1046d5000-7fd1046d8000 ---p 00000000 00:00 0 
7fd1046d8000-7fd1047d6000 rw-p 00000000 00:00 0 
7fd1047d6000-7fd1047d9000 ---p 00000000 00:00 0 
7fd1047d9000-7fd1048d7000 rw-p 00000000 00:00 0 
7fd1048d7000-7fd1048d8000 ---p 00000000 00:00 0 
7fd1048d8000-7fd104a25000 rw-p 00000000 00:00 0 
7fd104a25000-7fd104bf4000 r--s 03c07000 ca:01 256463                     /usr/lib/jvm/java-8-openjdk-amd64/jre/lib/rt.jar
7fd104bf4000-7fd1053f4000 rw-p 00000000 00:00 0 
7fd1053f4000-7fd105675000 rw-p 00000000 00:00 0 
7fd105675000-7fd1056ca000 rw-p 00000000 00:00 0 
7fd1056ca000-7fd105a36000 ---p 00000000 00:00 0 
7fd105a36000-7fd105a3e000 r-xp 00000000 ca:01 256440                     /usr/lib/jvm/java-8-openjdk-amd64/jre/lib/amd64/libzip.so
7fd105a3e000-7fd105c3d000 ---p 00008000 ca:01 256440                     /usr/lib/jvm/java-8-openjdk-amd64/jre/lib/amd64/libzip.so
7fd105c3d000-7fd105c3e000 r--p 00007000 ca:01 256440                     /usr/lib/jvm/java-8-openjdk-amd64/jre/lib/amd64/libzip.so
7fd105c3e000-7fd105c3f000 rw-p 00008000 ca:01 256440                     /usr/lib/jvm/java-8-openjdk-amd64/jre/lib/amd64/libzip.so
7fd105c3f000-7fd105c4a000 r-xp 00000000 ca:01 2072                       /lib/x86_64-linux-gnu/libnss_files-2.23.so
7fd105c4a000-7fd105e49000 ---p 0000b000 ca:01 2072                       /lib/x86_64-linux-gnu/libnss_files-2.23.so
7fd105e49000-7fd105e4a000 r--p 0000a000 ca:01 2072                       /lib/x86_64-linux-gnu/libnss_files-2.23.so
7fd105e4a000-7fd105e4b000 rw-p 0000b000 ca:01 2072                       /lib/x86_64-linux-gnu/libnss_files-2.23.so
7fd105e4b000-7fd105e51000 rw-p 00000000 00:00 0 
7fd105e51000-7fd105e5c000 r-xp 00000000 ca:01 2061                       /lib/x86_64-linux-gnu/libnss_nis-2.23.so
7fd105e5c000-7fd10605b000 ---p 0000b000 ca:01 2061                       /lib/x86_64-linux-gnu/libnss_nis-2.23.so
7fd10605b000-7fd10605c000 r--p 0000a000 ca:01 2061                       /lib/x86_64-linux-gnu/libnss_nis-2.23.so
7fd10605c000-7fd10605d000 rw-p 0000b000 ca:01 2061                       /lib/x86_64-linux-gnu/libnss_nis-2.23.so
7fd10605d000-7fd106073000 r-xp 00000000 ca:01 2065                       /lib/x86_64-linux-gnu/libnsl-2.23.so
7fd106073000-7fd106272000 ---p 00016000 ca:01 2065                       /lib/x86_64-linux-gnu/libnsl-2.23.so
7fd106272000-7fd106273000 r--p 00015000 ca:01 2065                       /lib/x86_64-linux-gnu/libnsl-2.23.so
7fd106273000-7fd106274000 rw-p 00016000 ca:01 2065                       /lib/x86_64-linux-gnu/libnsl-2.23.so
7fd106274000-7fd106276000 rw-p 00000000 00:00 0 
7fd106276000-7fd10627e000 r-xp 00000000 ca:01 2074                       /lib/x86_64-linux-gnu/libnss_compat-2.23.so
7fd10627e000-7fd10647d000 ---p 00008000 ca:01 2074                       /lib/x86_64-linux-gnu/libnss_compat-2.23.so
7fd10647d000-7fd10647e000 r--p 00007000 ca:01 2074                       /lib/x86_64-linux-gnu/libnss_compat-2.23.so
7fd10647e000-7fd10647f000 rw-p 00008000 ca:01 2074                       /lib/x86_64-linux-gnu/libnss_compat-2.23.so
7fd10647f000-7fd106489000 r-xp 00000000 ca:01 256454                     /usr/lib/jvm/java-8-openjdk-amd64/jre/lib/amd64/libinstrument.so
7fd106489000-7fd106688000 ---p 0000a000 ca:01 256454                     /usr/lib/jvm/java-8-openjdk-amd64/jre/lib/amd64/libinstrument.so
7fd106688000-7fd106689000 r--p 00009000 ca:01 256454                     /usr/lib/jvm/java-8-openjdk-amd64/jre/lib/amd64/libinstrument.so
7fd106689000-7fd10668a000 rw-p 0000a000 ca:01 256454                     /usr/lib/jvm/java-8-openjdk-amd64/jre/lib/amd64/libinstrument.so
7fd10668a000-7fd1066b7000 r-xp 00000000 ca:01 256435                     /usr/lib/jvm/java-8-openjdk-amd64/jre/lib/amd64/libjava.so
7fd1066b7000-7fd1068b6000 ---p 0002d000 ca:01 256435                     /usr/lib/jvm/java-8-openjdk-amd64/jre/lib/amd64/libjava.so
7fd1068b6000-7fd1068b7000 r--p 0002c000 ca:01 256435                     /usr/lib/jvm/java-8-openjdk-amd64/jre/lib/amd64/libjava.so
7fd1068b7000-7fd1068b9000 rw-p 0002d000 ca:01 256435                     /usr/lib/jvm/java-8-openjdk-amd64/jre/lib/amd64/libjava.so
7fd1068b9000-7fd1068c8000 r-xp 00000000 ca:01 256432                     /usr/lib/jvm/java-8-openjdk-amd64/jre/lib/amd64/libverify.so
7fd1068c8000-7fd106ac7000 ---p 0000f000 ca:01 256432                     /usr/lib/jvm/java-8-openjdk-amd64/jre/lib/amd64/libverify.so
7fd106ac7000-7fd106ac9000 r--p 0000e000 ca:01 256432                     /usr/lib/jvm/java-8-openjdk-amd64/jre/lib/amd64/libverify.so
7fd106ac9000-7fd106aca000 rw-p 00010000 ca:01 256432                     /usr/lib/jvm/java-8-openjdk-amd64/jre/lib/amd64/libverify.so
7fd106aca000-7fd106ad1000 r-xp 00000000 ca:01 2077                       /lib/x86_64-linux-gnu/librt-2.23.so
7fd106ad1000-7fd106cd0000 ---p 00007000 ca:01 2077                       /lib/x86_64-linux-gnu/librt-2.23.so
7fd106cd0000-7fd106cd1000 r--p 00006000 ca:01 2077                       /lib/x86_64-linux-gnu/librt-2.23.so
7fd106cd1000-7fd106cd2000 rw-p 00007000 ca:01 2077                       /lib/x86_64-linux-gnu/librt-2.23.so
7fd106cd2000-7fd106ce8000 r-xp 00000000 ca:01 2038                       /lib/x86_64-linux-gnu/libgcc_s.so.1
7fd106ce8000-7fd106ee7000 ---p 00016000 ca:01 2038                       /lib/x86_64-linux-gnu/libgcc_s.so.1
7fd106ee7000-7fd106ee8000 rw-p 00015000 ca:01 2038                       /lib/x86_64-linux-gnu/libgcc_s.so.1
7fd106ee8000-7fd106ff0000 r-xp 00000000 ca:01 2064                       /lib/x86_64-linux-gnu/libm-2.23.so
7fd106ff0000-7fd1071ef000 ---p 00108000 ca:01 2064                       /lib/x86_64-linux-gnu/libm-2.23.so
7fd1071ef000-7fd1071f0000 r--p 00107000 ca:01 2064                       /lib/x86_64-linux-gnu/libm-2.23.so
7fd1071f0000-7fd1071f1000 rw-p 00108000 ca:01 2064                       /lib/x86_64-linux-gnu/libm-2.23.so
7fd1071f1000-7fd107363000 r-xp 00000000 ca:01 25778                      /usr/lib/x86_64-linux-gnu/libstdc++.so.6.0.21
7fd107363000-7fd107563000 ---p 00172000 ca:01 25778                      /usr/lib/x86_64-linux-gnu/libstdc++.so.6.0.21
7fd107563000-7fd10756d000 r--p 00172000 ca:01 25778                      /usr/lib/x86_64-linux-gnu/libstdc++.so.6.0.21
7fd10756d000-7fd10756f000 rw-p 0017c000 ca:01 25778                      /usr/lib/x86_64-linux-gnu/libstdc++.so.6.0.21
7fd10756f000-7fd107573000 rw-p 00000000 00:00 0 
7fd107573000-7fd1081c4000 r-xp 00000000 ca:01 256431                     /usr/lib/jvm/java-8-openjdk-amd64/jre/lib/amd64/server/libjvm.so
7fd1081c4000-7fd1083c4000 ---p 00c51000 ca:01 256431                     /usr/lib/jvm/java-8-openjdk-amd64/jre/lib/amd64/server/libjvm.so
7fd1083c4000-7fd108457000 r--p 00c51000 ca:01 256431                     /usr/lib/jvm/java-8-openjdk-amd64/jre/lib/amd64/server/libjvm.so
7fd108457000-7fd108480000 rw-p 00ce4000 ca:01 256431                     /usr/lib/jvm/java-8-openjdk-amd64/jre/lib/amd64/server/libjvm.so
7fd108480000-7fd1084b0000 rw-p 00000000 00:00 0 
7fd1084b0000-7fd1084c8000 r-xp 00000000 ca:01 2082                       /lib/x86_64-linux-gnu/libpthread-2.23.so
7fd1084c8000-7fd1086c7000 ---p 00018000 ca:01 2082                       /lib/x86_64-linux-gnu/libpthread-2.23.so
7fd1086c7000-7fd1086c8000 r--p 00017000 ca:01 2082                       /lib/x86_64-linux-gnu/libpthread-2.23.so
7fd1086c8000-7fd1086c9000 rw-p 00018000 ca:01 2082                       /lib/x86_64-linux-gnu/libpthread-2.23.so
7fd1086c9000-7fd1086cd000 rw-p 00000000 00:00 0 
7fd1086cd000-7fd1086d0000 r-xp 00000000 ca:01 2060                       /lib/x86_64-linux-gnu/libdl-2.23.so
7fd1086d0000-7fd1088cf000 ---p 00003000 ca:01 2060                       /lib/x86_64-linux-gnu/libdl-2.23.so
7fd1088cf000-7fd1088d0000 r--p 00002000 ca:01 2060                       /lib/x86_64-linux-gnu/libdl-2.23.so
7fd1088d0000-7fd1088d1000 rw-p 00003000 ca:01 2060                       /lib/x86_64-linux-gnu/libdl-2.23.so
7fd1088d1000-7fd1088ea000 r-xp 00000000 ca:01 2187                       /lib/x86_64-linux-gnu/libz.so.1.2.8
7fd1088ea000-7fd108ae9000 ---p 00019000 ca:01 2187                       /lib/x86_64-linux-gnu/libz.so.1.2.8
7fd108ae9000-7fd108aea000 r--p 00018000 ca:01 2187                       /lib/x86_64-linux-gnu/libz.so.1.2.8
7fd108aea000-7fd108aeb000 rw-p 00019000 ca:01 2187                       /lib/x86_64-linux-gnu/libz.so.1.2.8
7fd108aeb000-7fd108caa000 r-xp 00000000 ca:01 2066                       /lib/x86_64-linux-gnu/libc-2.23.so
7fd108caa000-7fd108eaa000 ---p 001bf000 ca:01 2066                       /lib/x86_64-linux-gnu/libc-2.23.so
7fd108eaa000-7fd108eae000 r--p 001bf000 ca:01 2066                       /lib/x86_64-linux-gnu/libc-2.23.so
7fd108eae000-7fd108eb0000 rw-p 001c3000 ca:01 2066                       /lib/x86_64-linux-gnu/libc-2.23.so
7fd108eb0000-7fd108eb4000 rw-p 00000000 00:00 0 
7fd108eb4000-7fd108ec1000 r-xp 00000000 ca:01 256448                     /usr/lib/jvm/java-8-openjdk-amd64/jre/lib/amd64/jli/libjli.so
7fd108ec1000-7fd1090c1000 ---p 0000d000 ca:01 256448                     /usr/lib/jvm/java-8-openjdk-amd64/jre/lib/amd64/jli/libjli.so
7fd1090c1000-7fd1090c2000 r--p 0000d000 ca:01 256448                     /usr/lib/jvm/java-8-openjdk-amd64/jre/lib/amd64/jli/libjli.so
7fd1090c2000-7fd1090c3000 rw-p 0000e000 ca:01 256448                     /usr/lib/jvm/java-8-openjdk-amd64/jre/lib/amd64/jli/libjli.so
7fd1090c3000-7fd1090e9000 r-xp 00000000 ca:01 2069                       /lib/x86_64-linux-gnu/ld-2.23.so
7fd1090e9000-7fd1090eb000 r--s 00023000 ca:01 259602                     /home/ubuntu/books/lib/iri.jar
7fd1090eb000-7fd1090ed000 r--s 00001000 ca:01 256409                     /usr/lib/jvm/java-8-openjdk-amd64/jre/lib/ext/dnsns.jar
7fd1090ed000-7fd1090f2000 r--s 0003b000 ca:01 256414                     /usr/lib/jvm/java-8-openjdk-amd64/jre/lib/ext/sunjce_provider.jar
7fd1090f2000-7fd1090f6000 r--s 00037000 ca:01 256411                     /usr/lib/jvm/java-8-openjdk-amd64/jre/lib/ext/sunpkcs11.jar
7fd1090f6000-7fd109100000 r--s 00116000 ca:01 256417                     /usr/lib/jvm/java-8-openjdk-amd64/jre/lib/ext/localedata.jar
7fd109100000-7fd1091d1000 rw-p 00000000 00:00 0 
7fd1091d1000-7fd1091d9000 rw-s 00000000 ca:01 280426                     /tmp/hsperfdata_ubuntu/319
7fd1091d9000-7fd1091dc000 ---p 00000000 00:00 0 
7fd1091dc000-7fd1092df000 rw-p 00000000 00:00 0 
7fd1092df000-7fd1092e0000 r--s 00004000 ca:01 259606                     /home/ubuntu/books/lib/relaxngDatatype.jar
7fd1092e0000-7fd1092e1000 r--s 00010000 ca:01 256412                     /usr/lib/jvm/java-8-openjdk-amd64/jre/lib/ext/zipfs.jar
7fd1092e1000-7fd1092e2000 r--s 0000a000 ca:01 256410                     /usr/lib/jvm/java-8-openjdk-amd64/jre/lib/ext/jaccess.jar
7fd1092e2000-7fd1092e4000 r--s 00008000 ca:01 256413                     /usr/lib/jvm/java-8-openjdk-amd64/jre/lib/ext/sunec.jar
7fd1092e4000-7fd1092e5000 rw-p 00000000 00:00 0 
7fd1092e5000-7fd1092e6000 r--p 00000000 00:00 0 
7fd1092e6000-7fd1092e8000 rw-p 00000000 00:00 0 
7fd1092e8000-7fd1092e9000 r--p 00025000 ca:01 2069                       /lib/x86_64-linux-gnu/ld-2.23.so
7fd1092e9000-7fd1092ea000 rw-p 00026000 ca:01 2069                       /lib/x86_64-linux-gnu/ld-2.23.so
7fd1092ea000-7fd1092eb000 rw-p 00000000 00:00 0 
7fffc6488000-7fffc64b0000 rw-p 00000000 00:00 0                          [stack]
7fffc65c7000-7fffc65c9000 r--p 00000000 00:00 0                          [vvar]
7fffc65c9000-7fffc65cb000 r-xp 00000000 00:00 0                          [vdso]
ffffffffff600000-ffffffffff601000 r-xp 00000000 00:00 0                  [vsyscall]

VM Arguments:
jvm_args: -Dendpoints.shutdown.enabled=true -Denv=development -Dgrails.env=development -Dgrails.full.stacktrace -Dinfo.app.grailsVersion=3.1.1 -Dinfo.app.name=Plantilla -Dinfo.app.version=0.1 -Djdk.reflect.allowGetCallerClass=true -Drun.active=true -Dspringloaded=inclusions=grails.plugins..*;synchronize=true;allowSplitPackages=true;cacheDir=/home/ubuntu/books/build/springloaded -XX:+TieredCompilation -XX:TieredStopAtLevel=1 -XX:CICompilerCount=3 -javaagent:/home/ubuntu/.gradle/caches/modules-2/files-2.1/org.springframework/springloaded/1.2.5.RELEASE/5286364198a1f41d028c1d758ef7e44d2b63d6b1/springloaded-1.2.5.RELEASE.jar -Xverify:none -Xms768m -Xmx768m -Dfile.encoding=UTF-8 -Duser.country=US -Duser.language=en -Duser.variant 
java_command: Plantilla.Application
java_class_path (initial): /home/ubuntu/books/build/classes/main:/home/ubuntu/books/build/resources/main:/home/ubuntu/books/gsp-classes:/home/ubuntu/books/lib/iri.jar:/home/ubuntu/books/lib/antlr-2.7.5.jar:/home/ubuntu/books/lib/commons-logging-1.1.1.jar:/home/ubuntu/books/lib/concurrent.jar:/home/ubuntu/books/lib/arq.jar:/home/ubuntu/books/lib/relaxngDatatype.jar:/home/ubuntu/books/lib/xsdlib.jar:/home/ubuntu/books/lib/aterm-java-1.6.jar:/home/ubuntu/books/lib/pellet.jar:/home/ubuntu/books/lib/mysql-connector-java-5.0.7-bin.jar:/home/ubuntu/books/lib/icu4j_3_4.jar:/home/ubuntu/books/lib/jena.jar:/home/ubuntu/books/lib/xercesImpl.jar:/home/ubuntu/books/lib/arq-extra.jar:/home/ubuntu/.gradle/caches/modules-2/files-2.1/com.bertramlabs.plugins/less-asset-pipeline/2.10.1/935fff38d534dc624fd6cf1cd18f949a14243e26/less-asset-pipeline-2.10.1.jar:/home/ubuntu/.gradle/caches/modules-2/files-2.1/com.bertramlabs.plugins/sass-asset-pipeline/2.10.1/54b8a9854b1ab272e85472c39a99066f2a85f71c/sass-asset-pipeline-2.10.1.jar:/home/ubuntu/.gradle/caches/modules-2/files-2.1/org.grails.plugins/spring-security-core/3.1.2/ca54acbad681d79bd545373db6dac234a637009f/spring-security-core-3.1.2.jar:/home/ubuntu/.gradle/caches/modules-2/files-2.1/commons-fileupload/commons-fileupload/1.3.2/5d7491ed6ebd02b6a8d2305f8e6b7fe5dbd95f72/commons-fileupload-1.3.2.jar:/home/ubuntu/.gradle/caches/modules-2/files-2.1/org.springframework.boot/spring-boot-starter-logging/1.3.2.RELEASE/f45580c295d3d340b6af23562fa034d48cef085a/spring-boot-starter-logging-1.3.2.RELEASE.jar:/home/ubuntu/.gradle/caches/modules-2/files-2.1/org.springframework.boot/spring-boot-autoconfigure/1.3.2.RELEASE/dbd3d19d62e588b7fd495e8a3071ff076d0f74d5/spring-boot-autoconfigure-1.3.2.RELEASE.jar:/home/ubuntu/.gradle/caches/modules-2/files-2.1/org.grails/grails-core/3.1.1/dd69cfad3e84608d7f914b2f931513ebb06accc3/grails-core-3.1.1.jar:/home/ubuntu/.gradle/caches/modules-2/files-2.1/org.springframework.boot/spring-boot-starter-actuator/1.3.2.R
Launcher Type: SUN_STANDARD

Environment Variables:
PATH=/home/ubuntu/bin:/home/ubuntu/.local/bin:/home/ubuntu/.sdkman/candidates/grails/current/bin:/usr/local/sbin:/usr/local/bin:/usr/sbin:/usr/bin:/sbin:/bin:/usr/games:/usr/local/games:/snap/bin
SHELL=/bin/bash

Signal Handlers:
SIGSEGV: [libjvm.so+0xa67f40], sa_mask[0]=11111111011111111101111111111110, sa_flags=SA_RESTART|SA_SIGINFO
SIGBUS: [libjvm.so+0xa67f40], sa_mask[0]=11111111011111111101111111111110, sa_flags=SA_RESTART|SA_SIGINFO
SIGFPE: [libjvm.so+0x8b0ec0], sa_mask[0]=11111111011111111101111111111110, sa_flags=SA_RESTART|SA_SIGINFO
SIGPIPE: [libjvm.so+0x8b0ec0], sa_mask[0]=11111111011111111101111111111110, sa_flags=SA_RESTART|SA_SIGINFO
SIGXFSZ: [libjvm.so+0x8b0ec0], sa_mask[0]=11111111011111111101111111111110, sa_flags=SA_RESTART|SA_SIGINFO
SIGILL: [libjvm.so+0x8b0ec0], sa_mask[0]=11111111011111111101111111111110, sa_flags=SA_RESTART|SA_SIGINFO
SIGUSR1: SIG_DFL, sa_mask[0]=00000000000000000000000000000000, sa_flags=none
SIGUSR2: [libjvm.so+0x8b0d70], sa_mask[0]=00100000000000000000000000000000, sa_flags=SA_RESTART|SA_SIGINFO
SIGHUP: [libjvm.so+0x8b1240], sa_mask[0]=11111111011111111101111111111110, sa_flags=SA_RESTART|SA_SIGINFO
SIGINT: [libjvm.so+0x8b1240], sa_mask[0]=11111111011111111101111111111110, sa_flags=SA_RESTART|SA_SIGINFO
SIGTERM: [libjvm.so+0x8b1240], sa_mask[0]=11111111011111111101111111111110, sa_flags=SA_RESTART|SA_SIGINFO
SIGQUIT: [libjvm.so+0x8b1240], sa_mask[0]=11111111011111111101111111111110, sa_flags=SA_RESTART|SA_SIGINFO


---------------  S Y S T E M  ---------------

OS:DISTRIB_ID=Ubuntu
DISTRIB_RELEASE=16.04
DISTRIB_CODENAME=xenial
DISTRIB_DESCRIPTION="Ubuntu 16.04.2 LTS"

uname:Linux 4.4.0-1013-aws #22-Ubuntu SMP Fri Mar 31 15:41:31 UTC 2017 x86_64
libc:glibc 2.23 NPTL 2.23 
rlimit: STACK 8192k, CORE 0k, NPROC 7934, NOFILE 65536, AS infinity
load average:0.00 0.01 0.06

/proc/meminfo:
MemTotal:        2046652 kB
MemFree:           99632 kB
MemAvailable:     682800 kB
Buffers:           59896 kB
Cached:           610932 kB
SwapCached:            0 kB
Active:          1485968 kB
Inactive:         300312 kB
Active(anon):    1118404 kB
Inactive(anon):     5316 kB
Active(file):     367564 kB
Inactive(file):   294996 kB
Unevictable:        3656 kB
Mlocked:            3656 kB
SwapTotal:             0 kB
SwapFree:              0 kB
Dirty:               180 kB
Writeback:             0 kB
AnonPages:       1119104 kB
Mapped:            56476 kB
Shmem:              5864 kB
Slab:             129080 kB
SReclaimable:     104736 kB
SUnreclaim:        24344 kB
KernelStack:        4224 kB
PageTables:         7696 kB
NFS_Unstable:          0 kB
Bounce:                0 kB
WritebackTmp:          0 kB
CommitLimit:     1023324 kB
Committed_AS:    1765336 kB
VmallocTotal:   34359738367 kB
VmallocUsed:           0 kB
VmallocChunk:          0 kB
HardwareCorrupted:     0 kB
AnonHugePages:    696320 kB
CmaTotal:              0 kB
CmaFree:               0 kB
HugePages_Total:       0
HugePages_Free:        0
HugePages_Rsvd:        0
HugePages_Surp:        0
Hugepagesize:       2048 kB
DirectMap4k:       71680 kB
DirectMap2M:     2025472 kB


CPU:total 1 (initial active 1) (1 cores per cpu, 1 threads per core) family 6 model 63 stepping 2, cmov, cx8, fxsr, mmx, sse, sse2, sse3, ssse3, sse4.1, sse4.2, popcnt, avx, avx2, aes, clmul, erms, lzcnt, tsc, bmi1, bmi2

/proc/cpuinfo:
processor	: 0
vendor_id	: GenuineIntel
cpu family	: 6
model		: 63
model name	: Intel(R) Xeon(R) CPU E5-2676 v3 @ 2.40GHz
stepping	: 2
microcode	: 0x36
cpu MHz		: 2400.092
cache size	: 30720 KB
physical id	: 0
siblings	: 1
core id		: 0
cpu cores	: 1
apicid		: 0
initial apicid	: 0
fpu		: yes
fpu_exception	: yes
cpuid level	: 13
wp		: yes
flags		: fpu vme de pse tsc msr pae mce cx8 apic sep mtrr pge mca cmov pat pse36 clflush mmx fxsr sse sse2 ht syscall nx rdtscp lm constant_tsc rep_good nopl xtopology eagerfpu pni pclmulqdq ssse3 fma cx16 pcid sse4_1 sse4_2 x2apic movbe popcnt tsc_deadline_timer aes xsave avx f16c rdrand hypervisor lahf_lm abm fsgsbase bmi1 avx2 smep bmi2 erms invpcid xsaveopt
bugs		:
bogomips	: 4800.18
clflush size	: 64
cache_alignment	: 64
address sizes	: 46 bits physical, 48 bits virtual
power management:



Memory: 4k page, physical 2046652k(99632k free), swap 0k(0k free)

vm_info: OpenJDK 64-Bit Server VM (25.131-b11) for linux-amd64 JRE (1.8.0_131-8u131-b11-0ubuntu1.16.04.2-b11), built on May  6 2017 02:45:27 by "buildd" with gcc 5.4.0 20160609

time: Wed May 24 03:20:32 2017
elapsed time: 1162 seconds (0d 0h 19m 22s)

