#
# There is insufficient memory for the Java Runtime Environment to continue.
# Native memory allocation (mmap) failed to map 536870912 bytes for committing reserved memory.
# Possible reasons:
#   The system is out of physical RAM or swap space
#   In 32 bit mode, the process size limit was hit
# Possible solutions:
#   Reduce memory load on the system
#   Increase physical memory or swap space
#   Check if swap backing store is full
#   Use 64 bit Java on a 64 bit OS
#   Decrease Java heap size (-Xmx/-Xms)
#   Decrease number of Java threads
#   Decrease Java thread stack sizes (-Xss)
#   Set larger code cache with -XX:ReservedCodeCacheSize=
# This output file may be truncated or incomplete.
#
#  Out of Memory Error (os_linux.cpp:2643), pid=19340, tid=0x00007f7fa5831700
#
# JRE version:  (8.0_131-b11) (build )
# Java VM: OpenJDK 64-Bit Server VM (25.131-b11 mixed mode linux-amd64 compressed oops)
# Failed to write core dump. Core dumps have been disabled. To enable core dumping, try "ulimit -c unlimited" before starting Java again
#

---------------  T H R E A D  ---------------

Current thread (0x00007f7f9c018800):  JavaThread "Unknown thread" [_thread_in_vm, id=19345, stack(0x00007f7fa5731000,0x00007f7fa5832000)]

Stack: [0x00007f7fa5731000,0x00007f7fa5832000],  sp=0x00007f7fa5830500,  free space=1021k
Native frames: (J=compiled Java code, j=interpreted, Vv=VM code, C=native code)
V  [libjvm.so+0xa673eb]
V  [libjvm.so+0x4c3bec]
V  [libjvm.so+0x8b58a0]
V  [libjvm.so+0x8afd1e]
V  [libjvm.so+0xa63ce4]
V  [libjvm.so+0x5ca970]
V  [libjvm.so+0xa02b54]
V  [libjvm.so+0x5cb73a]
V  [libjvm.so+0x5b719f]
V  [libjvm.so+0xa2a8e9]
V  [libjvm.so+0xa2ab32]
V  [libjvm.so+0x60efff]
V  [libjvm.so+0xa0feda]
V  [libjvm.so+0x6891e2]  JNI_CreateJavaVM+0x62
C  [libjli.so+0x2f2e]
C  [libjli.so+0x73dd]
C  [libpthread.so.0+0x76ba]  start_thread+0xca


---------------  P R O C E S S  ---------------

Java Threads: ( => current thread )

Other Threads:

=>0x00007f7f9c018800 (exited) JavaThread "Unknown thread" [_thread_in_vm, id=19345, stack(0x00007f7fa5731000,0x00007f7fa5832000)]

VM state:not at safepoint (not fully initialized)

VM Mutex/Monitor currently owned by a thread: None

GC Heap History (0 events):
No events

Deoptimization events (0 events):
No events

Internal exceptions (0 events):
No events

Events (0 events):
No events


Dynamic libraries:
00400000-00401000 r-xp 00000000 ca:01 256501                             /usr/lib/jvm/java-8-openjdk-amd64/jre/bin/java
00600000-00601000 r--p 00000000 ca:01 256501                             /usr/lib/jvm/java-8-openjdk-amd64/jre/bin/java
00601000-00602000 rw-p 00001000 ca:01 256501                             /usr/lib/jvm/java-8-openjdk-amd64/jre/bin/java
00e40000-00e61000 rw-p 00000000 00:00 0                                  [heap]
d0000000-e0000000 rw-p 00000000 00:00 0 
7f7f8d000000-7f7f8d270000 rwxp 00000000 00:00 0 
7f7f8d270000-7f7f9c000000 ---p 00000000 00:00 0 
7f7f9c000000-7f7f9c041000 rw-p 00000000 00:00 0 
7f7f9c041000-7f7fa0000000 ---p 00000000 00:00 0 
7f7fa1a4d000-7f7fa1acd000 rw-p 00000000 00:00 0 
7f7fa1acd000-7f7fa1bcd000 ---p 00000000 00:00 0 
7f7fa1bcd000-7f7fa1bd8000 rw-p 00000000 00:00 0 
7f7fa1bd8000-7f7fa1f8e000 ---p 00000000 00:00 0 
7f7fa1f8e000-7f7fa1f96000 r-xp 00000000 ca:01 256441                     /usr/lib/jvm/java-8-openjdk-amd64/jre/lib/amd64/libzip.so
7f7fa1f96000-7f7fa2195000 ---p 00008000 ca:01 256441                     /usr/lib/jvm/java-8-openjdk-amd64/jre/lib/amd64/libzip.so
7f7fa2195000-7f7fa2196000 r--p 00007000 ca:01 256441                     /usr/lib/jvm/java-8-openjdk-amd64/jre/lib/amd64/libzip.so
7f7fa2196000-7f7fa2197000 rw-p 00008000 ca:01 256441                     /usr/lib/jvm/java-8-openjdk-amd64/jre/lib/amd64/libzip.so
7f7fa2197000-7f7fa21a2000 r-xp 00000000 ca:01 2072                       /lib/x86_64-linux-gnu/libnss_files-2.23.so
7f7fa21a2000-7f7fa23a1000 ---p 0000b000 ca:01 2072                       /lib/x86_64-linux-gnu/libnss_files-2.23.so
7f7fa23a1000-7f7fa23a2000 r--p 0000a000 ca:01 2072                       /lib/x86_64-linux-gnu/libnss_files-2.23.so
7f7fa23a2000-7f7fa23a3000 rw-p 0000b000 ca:01 2072                       /lib/x86_64-linux-gnu/libnss_files-2.23.so
7f7fa23a3000-7f7fa23a9000 rw-p 00000000 00:00 0 
7f7fa23a9000-7f7fa23b4000 r-xp 00000000 ca:01 2061                       /lib/x86_64-linux-gnu/libnss_nis-2.23.so
7f7fa23b4000-7f7fa25b3000 ---p 0000b000 ca:01 2061                       /lib/x86_64-linux-gnu/libnss_nis-2.23.so
7f7fa25b3000-7f7fa25b4000 r--p 0000a000 ca:01 2061                       /lib/x86_64-linux-gnu/libnss_nis-2.23.so
7f7fa25b4000-7f7fa25b5000 rw-p 0000b000 ca:01 2061                       /lib/x86_64-linux-gnu/libnss_nis-2.23.so
7f7fa25b5000-7f7fa25cb000 r-xp 00000000 ca:01 2065                       /lib/x86_64-linux-gnu/libnsl-2.23.so
7f7fa25cb000-7f7fa27ca000 ---p 00016000 ca:01 2065                       /lib/x86_64-linux-gnu/libnsl-2.23.so
7f7fa27ca000-7f7fa27cb000 r--p 00015000 ca:01 2065                       /lib/x86_64-linux-gnu/libnsl-2.23.so
7f7fa27cb000-7f7fa27cc000 rw-p 00016000 ca:01 2065                       /lib/x86_64-linux-gnu/libnsl-2.23.so
7f7fa27cc000-7f7fa27ce000 rw-p 00000000 00:00 0 
7f7fa27ce000-7f7fa27d6000 r-xp 00000000 ca:01 2074                       /lib/x86_64-linux-gnu/libnss_compat-2.23.so
7f7fa27d6000-7f7fa29d5000 ---p 00008000 ca:01 2074                       /lib/x86_64-linux-gnu/libnss_compat-2.23.so
7f7fa29d5000-7f7fa29d6000 r--p 00007000 ca:01 2074                       /lib/x86_64-linux-gnu/libnss_compat-2.23.so
7f7fa29d6000-7f7fa29d7000 rw-p 00008000 ca:01 2074                       /lib/x86_64-linux-gnu/libnss_compat-2.23.so
7f7fa29d7000-7f7fa29e1000 r-xp 00000000 ca:01 256455                     /usr/lib/jvm/java-8-openjdk-amd64/jre/lib/amd64/libinstrument.so
7f7fa29e1000-7f7fa2be0000 ---p 0000a000 ca:01 256455                     /usr/lib/jvm/java-8-openjdk-amd64/jre/lib/amd64/libinstrument.so
7f7fa2be0000-7f7fa2be1000 r--p 00009000 ca:01 256455                     /usr/lib/jvm/java-8-openjdk-amd64/jre/lib/amd64/libinstrument.so
7f7fa2be1000-7f7fa2be2000 rw-p 0000a000 ca:01 256455                     /usr/lib/jvm/java-8-openjdk-amd64/jre/lib/amd64/libinstrument.so
7f7fa2be2000-7f7fa2c0f000 r-xp 00000000 ca:01 256436                     /usr/lib/jvm/java-8-openjdk-amd64/jre/lib/amd64/libjava.so
7f7fa2c0f000-7f7fa2e0e000 ---p 0002d000 ca:01 256436                     /usr/lib/jvm/java-8-openjdk-amd64/jre/lib/amd64/libjava.so
7f7fa2e0e000-7f7fa2e0f000 r--p 0002c000 ca:01 256436                     /usr/lib/jvm/java-8-openjdk-amd64/jre/lib/amd64/libjava.so
7f7fa2e0f000-7f7fa2e11000 rw-p 0002d000 ca:01 256436                     /usr/lib/jvm/java-8-openjdk-amd64/jre/lib/amd64/libjava.so
7f7fa2e11000-7f7fa2e20000 r-xp 00000000 ca:01 256433                     /usr/lib/jvm/java-8-openjdk-amd64/jre/lib/amd64/libverify.so
7f7fa2e20000-7f7fa301f000 ---p 0000f000 ca:01 256433                     /usr/lib/jvm/java-8-openjdk-amd64/jre/lib/amd64/libverify.so
7f7fa301f000-7f7fa3021000 r--p 0000e000 ca:01 256433                     /usr/lib/jvm/java-8-openjdk-amd64/jre/lib/amd64/libverify.so
7f7fa3021000-7f7fa3022000 rw-p 00010000 ca:01 256433                     /usr/lib/jvm/java-8-openjdk-amd64/jre/lib/amd64/libverify.so
7f7fa3022000-7f7fa3029000 r-xp 00000000 ca:01 2077                       /lib/x86_64-linux-gnu/librt-2.23.so
7f7fa3029000-7f7fa3228000 ---p 00007000 ca:01 2077                       /lib/x86_64-linux-gnu/librt-2.23.so
7f7fa3228000-7f7fa3229000 r--p 00006000 ca:01 2077                       /lib/x86_64-linux-gnu/librt-2.23.so
7f7fa3229000-7f7fa322a000 rw-p 00007000 ca:01 2077                       /lib/x86_64-linux-gnu/librt-2.23.so
7f7fa322a000-7f7fa3240000 r-xp 00000000 ca:01 2038                       /lib/x86_64-linux-gnu/libgcc_s.so.1
7f7fa3240000-7f7fa343f000 ---p 00016000 ca:01 2038                       /lib/x86_64-linux-gnu/libgcc_s.so.1
7f7fa343f000-7f7fa3440000 rw-p 00015000 ca:01 2038                       /lib/x86_64-linux-gnu/libgcc_s.so.1
7f7fa3440000-7f7fa3548000 r-xp 00000000 ca:01 2064                       /lib/x86_64-linux-gnu/libm-2.23.so
7f7fa3548000-7f7fa3747000 ---p 00108000 ca:01 2064                       /lib/x86_64-linux-gnu/libm-2.23.so
7f7fa3747000-7f7fa3748000 r--p 00107000 ca:01 2064                       /lib/x86_64-linux-gnu/libm-2.23.so
7f7fa3748000-7f7fa3749000 rw-p 00108000 ca:01 2064                       /lib/x86_64-linux-gnu/libm-2.23.so
7f7fa3749000-7f7fa38bb000 r-xp 00000000 ca:01 25778                      /usr/lib/x86_64-linux-gnu/libstdc++.so.6.0.21
7f7fa38bb000-7f7fa3abb000 ---p 00172000 ca:01 25778                      /usr/lib/x86_64-linux-gnu/libstdc++.so.6.0.21
7f7fa3abb000-7f7fa3ac5000 r--p 00172000 ca:01 25778                      /usr/lib/x86_64-linux-gnu/libstdc++.so.6.0.21
7f7fa3ac5000-7f7fa3ac7000 rw-p 0017c000 ca:01 25778                      /usr/lib/x86_64-linux-gnu/libstdc++.so.6.0.21
7f7fa3ac7000-7f7fa3acb000 rw-p 00000000 00:00 0 
7f7fa3acb000-7f7fa471c000 r-xp 00000000 ca:01 256432                     /usr/lib/jvm/java-8-openjdk-amd64/jre/lib/amd64/server/libjvm.so
7f7fa471c000-7f7fa491c000 ---p 00c51000 ca:01 256432                     /usr/lib/jvm/java-8-openjdk-amd64/jre/lib/amd64/server/libjvm.so
7f7fa491c000-7f7fa49af000 r--p 00c51000 ca:01 256432                     /usr/lib/jvm/java-8-openjdk-amd64/jre/lib/amd64/server/libjvm.so
7f7fa49af000-7f7fa49d8000 rw-p 00ce4000 ca:01 256432                     /usr/lib/jvm/java-8-openjdk-amd64/jre/lib/amd64/server/libjvm.so
7f7fa49d8000-7f7fa4a08000 rw-p 00000000 00:00 0 
7f7fa4a08000-7f7fa4a20000 r-xp 00000000 ca:01 2082                       /lib/x86_64-linux-gnu/libpthread-2.23.so
7f7fa4a20000-7f7fa4c1f000 ---p 00018000 ca:01 2082                       /lib/x86_64-linux-gnu/libpthread-2.23.so
7f7fa4c1f000-7f7fa4c20000 r--p 00017000 ca:01 2082                       /lib/x86_64-linux-gnu/libpthread-2.23.so
7f7fa4c20000-7f7fa4c21000 rw-p 00018000 ca:01 2082                       /lib/x86_64-linux-gnu/libpthread-2.23.so
7f7fa4c21000-7f7fa4c25000 rw-p 00000000 00:00 0 
7f7fa4c25000-7f7fa4c28000 r-xp 00000000 ca:01 2060                       /lib/x86_64-linux-gnu/libdl-2.23.so
7f7fa4c28000-7f7fa4e27000 ---p 00003000 ca:01 2060                       /lib/x86_64-linux-gnu/libdl-2.23.so
7f7fa4e27000-7f7fa4e28000 r--p 00002000 ca:01 2060                       /lib/x86_64-linux-gnu/libdl-2.23.so
7f7fa4e28000-7f7fa4e29000 rw-p 00003000 ca:01 2060                       /lib/x86_64-linux-gnu/libdl-2.23.so
7f7fa4e29000-7f7fa4e42000 r-xp 00000000 ca:01 2187                       /lib/x86_64-linux-gnu/libz.so.1.2.8
7f7fa4e42000-7f7fa5041000 ---p 00019000 ca:01 2187                       /lib/x86_64-linux-gnu/libz.so.1.2.8
7f7fa5041000-7f7fa5042000 r--p 00018000 ca:01 2187                       /lib/x86_64-linux-gnu/libz.so.1.2.8
7f7fa5042000-7f7fa5043000 rw-p 00019000 ca:01 2187                       /lib/x86_64-linux-gnu/libz.so.1.2.8
7f7fa5043000-7f7fa5202000 r-xp 00000000 ca:01 2066                       /lib/x86_64-linux-gnu/libc-2.23.so
7f7fa5202000-7f7fa5402000 ---p 001bf000 ca:01 2066                       /lib/x86_64-linux-gnu/libc-2.23.so
7f7fa5402000-7f7fa5406000 r--p 001bf000 ca:01 2066                       /lib/x86_64-linux-gnu/libc-2.23.so
7f7fa5406000-7f7fa5408000 rw-p 001c3000 ca:01 2066                       /lib/x86_64-linux-gnu/libc-2.23.so
7f7fa5408000-7f7fa540c000 rw-p 00000000 00:00 0 
7f7fa540c000-7f7fa5419000 r-xp 00000000 ca:01 256449                     /usr/lib/jvm/java-8-openjdk-amd64/jre/lib/amd64/jli/libjli.so
7f7fa5419000-7f7fa5619000 ---p 0000d000 ca:01 256449                     /usr/lib/jvm/java-8-openjdk-amd64/jre/lib/amd64/jli/libjli.so
7f7fa5619000-7f7fa561a000 r--p 0000d000 ca:01 256449                     /usr/lib/jvm/java-8-openjdk-amd64/jre/lib/amd64/jli/libjli.so
7f7fa561a000-7f7fa561b000 rw-p 0000e000 ca:01 256449                     /usr/lib/jvm/java-8-openjdk-amd64/jre/lib/amd64/jli/libjli.so
7f7fa561b000-7f7fa5641000 r-xp 00000000 ca:01 2069                       /lib/x86_64-linux-gnu/ld-2.23.so
7f7fa5729000-7f7fa5731000 rw-s 00000000 ca:01 272693                     /tmp/hsperfdata_ubuntu/19340
7f7fa5731000-7f7fa5734000 ---p 00000000 00:00 0 
7f7fa5734000-7f7fa5837000 rw-p 00000000 00:00 0 
7f7fa583c000-7f7fa583d000 rw-p 00000000 00:00 0 
7f7fa583d000-7f7fa583e000 r--p 00000000 00:00 0 
7f7fa583e000-7f7fa5840000 rw-p 00000000 00:00 0 
7f7fa5840000-7f7fa5841000 r--p 00025000 ca:01 2069                       /lib/x86_64-linux-gnu/ld-2.23.so
7f7fa5841000-7f7fa5842000 rw-p 00026000 ca:01 2069                       /lib/x86_64-linux-gnu/ld-2.23.so
7f7fa5842000-7f7fa5843000 rw-p 00000000 00:00 0 
7fffce900000-7fffce928000 rw-p 00000000 00:00 0                          [stack]
7fffce9b1000-7fffce9b3000 r--p 00000000 00:00 0                          [vvar]
7fffce9b3000-7fffce9b5000 r-xp 00000000 00:00 0                          [vdso]
ffffffffff600000-ffffffffff601000 r-xp 00000000 00:00 0                  [vsyscall]

VM Arguments:
jvm_args: -Dendpoints.shutdown.enabled=true -Denv=development -Dgrails.env=development -Dgrails.full.stacktrace -Dinfo.app.grailsVersion=3.1.1 -Dinfo.app.name=Plantilla -Dinfo.app.version=0.1 -Dinteractive.mode.enabled=true -Djdk.reflect.allowGetCallerClass=true -Drun.active=true -Dspringloaded=inclusions=grails.plugins..*;synchronize=true;allowSplitPackages=true;cacheDir=/home/ubuntu/TT/books/build/springloaded -XX:+TieredCompilation -XX:TieredStopAtLevel=1 -XX:CICompilerCount=3 -javaagent:/home/ubuntu/.gradle/caches/modules-2/files-2.1/org.springframework/springloaded/1.2.5.RELEASE/5286364198a1f41d028c1d758ef7e44d2b63d6b1/springloaded-1.2.5.RELEASE.jar -Xverify:none -Xms768m -Xmx768m -Dfile.encoding=UTF-8 -Duser.country=US -Duser.language=en -Duser.variant 
java_command: Plantilla.Application
java_class_path (initial): /home/ubuntu/TT/books/build/classes/main:/home/ubuntu/TT/books/build/resources/main:/home/ubuntu/TT/books/gsp-classes:/home/ubuntu/TT/books/lib/iri.jar:/home/ubuntu/TT/books/lib/antlr-2.7.5.jar:/home/ubuntu/TT/books/lib/commons-logging-1.1.1.jar:/home/ubuntu/TT/books/lib/concurrent.jar:/home/ubuntu/TT/books/lib/arq.jar:/home/ubuntu/TT/books/lib/relaxngDatatype.jar:/home/ubuntu/TT/books/lib/xsdlib.jar:/home/ubuntu/TT/books/lib/aterm-java-1.6.jar:/home/ubuntu/TT/books/lib/pellet.jar:/home/ubuntu/TT/books/lib/mysql-connector-java-5.0.7-bin.jar:/home/ubuntu/TT/books/lib/icu4j_3_4.jar:/home/ubuntu/TT/books/lib/jena.jar:/home/ubuntu/TT/books/lib/xercesImpl.jar:/home/ubuntu/TT/books/lib/arq-extra.jar:/home/ubuntu/.gradle/caches/modules-2/files-2.1/org.grails.plugins/spring-security-core/3.1.2/ca54acbad681d79bd545373db6dac234a637009f/spring-security-core-3.1.2.jar:/home/ubuntu/.gradle/caches/modules-2/files-2.1/commons-fileupload/commons-fileupload/1.3.2/5d7491ed6ebd02b6a8d2305f8e6b7fe5dbd95f72/commons-fileupload-1.3.2.jar:/home/ubuntu/.gradle/caches/modules-2/files-2.1/org.springframework.boot/spring-boot-starter-logging/1.3.2.RELEASE/f45580c295d3d340b6af23562fa034d48cef085a/spring-boot-starter-logging-1.3.2.RELEASE.jar:/home/ubuntu/.gradle/caches/modules-2/files-2.1/org.springframework.boot/spring-boot-autoconfigure/1.3.2.RELEASE/dbd3d19d62e588b7fd495e8a3071ff076d0f74d5/spring-boot-autoconfigure-1.3.2.RELEASE.jar:/home/ubuntu/.gradle/caches/modules-2/files-2.1/org.grails/grails-core/3.1.1/dd69cfad3e84608d7f914b2f931513ebb06accc3/grails-core-3.1.1.jar:/home/ubuntu/.gradle/caches/modules-2/files-2.1/org.springframework.boot/spring-boot-starter-actuator/1.3.2.RELEASE/3b15d341263824d27b2f5377832027bef8f5c016/spring-boot-starter-actuator-1.3.2.RELEASE.jar:/home/ubuntu/.gradle/caches/modules-2/files-2.1/org.springframework.boot/spring-boot-starter-tomcat/1.3.2.RELEASE/cd57af767a29484de124b8ed46ae82d974cc6901/spring-boot-starter-tomcat-1.3.2.RELEASE.
Launcher Type: SUN_STANDARD

Environment Variables:
PATH=/home/ubuntu/.sdkman/candidates/grails/current/bin:/home/ubuntu/bin:/home/ubuntu/.local/bin:/usr/local/sbin:/usr/local/bin:/usr/sbin:/usr/bin:/sbin:/bin:/usr/games:/usr/local/games:/snap/bin
SHELL=/bin/bash

Signal Handlers:
SIGSEGV: [libjvm.so+0xa67f40], sa_mask[0]=11111111011111111101111111111110, sa_flags=SA_RESTART|SA_SIGINFO
SIGBUS: [libjvm.so+0xa67f40], sa_mask[0]=11111111011111111101111111111110, sa_flags=SA_RESTART|SA_SIGINFO
SIGFPE: [libjvm.so+0x8b0ec0], sa_mask[0]=11111111011111111101111111111110, sa_flags=SA_RESTART|SA_SIGINFO
SIGPIPE: [libjvm.so+0x8b0ec0], sa_mask[0]=11111111011111111101111111111110, sa_flags=SA_RESTART|SA_SIGINFO
SIGXFSZ: [libjvm.so+0x8b0ec0], sa_mask[0]=11111111011111111101111111111110, sa_flags=SA_RESTART|SA_SIGINFO
SIGILL: [libjvm.so+0x8b0ec0], sa_mask[0]=11111111011111111101111111111110, sa_flags=SA_RESTART|SA_SIGINFO
SIGUSR1: SIG_DFL, sa_mask[0]=00000000000000000000000000000000, sa_flags=none
SIGUSR2: [libjvm.so+0x8b0d70], sa_mask[0]=00100000000000000000000000000000, sa_flags=SA_RESTART|SA_SIGINFO
SIGHUP: SIG_DFL, sa_mask[0]=00000000000000000000000000000000, sa_flags=none
SIGINT: SIG_DFL, sa_mask[0]=00000000000000000000000000000000, sa_flags=none
SIGTERM: SIG_DFL, sa_mask[0]=00000000000000000000000000000000, sa_flags=none
SIGQUIT: SIG_DFL, sa_mask[0]=00000000000000000000000000000000, sa_flags=none


---------------  S Y S T E M  ---------------

OS:DISTRIB_ID=Ubuntu
DISTRIB_RELEASE=16.04
DISTRIB_CODENAME=xenial
DISTRIB_DESCRIPTION="Ubuntu 16.04.2 LTS"

uname:Linux 4.4.0-1013-aws #22-Ubuntu SMP Fri Mar 31 15:41:31 UTC 2017 x86_64
libc:glibc 2.23 NPTL 2.23 
rlimit: STACK 8192k, CORE 0k, NPROC 3902, NOFILE 65536, AS infinity
load average:0.84 0.19 0.06

/proc/meminfo:
MemTotal:        1014460 kB
MemFree:           86360 kB
MemAvailable:     228844 kB
Buffers:           17888 kB
Cached:           233164 kB
SwapCached:            0 kB
Active:           713320 kB
Inactive:         125552 kB
Active(anon):     590692 kB
Inactive(anon):     2712 kB
Active(file):     122628 kB
Inactive(file):   122840 kB
Unevictable:        3656 kB
Mlocked:            3656 kB
SwapTotal:             0 kB
SwapFree:              0 kB
Dirty:              2908 kB
Writeback:             0 kB
AnonPages:        591492 kB
Mapped:            46080 kB
Shmem:              3148 kB
Slab:              66628 kB
SReclaimable:      49488 kB
SUnreclaim:        17140 kB
KernelStack:        3184 kB
PageTables:         4496 kB
NFS_Unstable:          0 kB
Bounce:                0 kB
WritebackTmp:          0 kB
CommitLimit:      507228 kB
Committed_AS:     957340 kB
VmallocTotal:   34359738367 kB
VmallocUsed:           0 kB
VmallocChunk:          0 kB
HardwareCorrupted:     0 kB
AnonHugePages:    227328 kB
CmaTotal:              0 kB
CmaFree:               0 kB
HugePages_Total:       0
HugePages_Free:        0
HugePages_Rsvd:        0
HugePages_Surp:        0
Hugepagesize:       2048 kB
DirectMap4k:       40960 kB
DirectMap2M:     1007616 kB


CPU:total 1 (initial active 1) (1 cores per cpu, 1 threads per core) family 6 model 63 stepping 2, cmov, cx8, fxsr, mmx, sse, sse2, sse3, ssse3, sse4.1, sse4.2, popcnt, avx, avx2, aes, clmul, erms, lzcnt, tsc, bmi1, bmi2

/proc/cpuinfo:
processor	: 0
vendor_id	: GenuineIntel
cpu family	: 6
model		: 63
model name	: Intel(R) Xeon(R) CPU E5-2676 v3 @ 2.40GHz
stepping	: 2
microcode	: 0x25
cpu MHz		: 2400.056
cache size	: 30720 KB
physical id	: 0
siblings	: 1
core id		: 0
cpu cores	: 1
apicid		: 0
initial apicid	: 0
fpu		: yes
fpu_exception	: yes
cpuid level	: 13
wp		: yes
flags		: fpu vme de pse tsc msr pae mce cx8 apic sep mtrr pge mca cmov pat pse36 clflush mmx fxsr sse sse2 ht syscall nx rdtscp lm constant_tsc rep_good nopl xtopology eagerfpu pni pclmulqdq ssse3 fma cx16 pcid sse4_1 sse4_2 x2apic movbe popcnt tsc_deadline_timer aes xsave avx f16c rdrand hypervisor lahf_lm abm fsgsbase bmi1 avx2 smep bmi2 erms invpcid xsaveopt
bugs		:
bogomips	: 4800.11
clflush size	: 64
cache_alignment	: 64
address sizes	: 46 bits physical, 48 bits virtual
power management:



Memory: 4k page, physical 1014460k(86360k free), swap 0k(0k free)

vm_info: OpenJDK 64-Bit Server VM (25.131-b11) for linux-amd64 JRE (1.8.0_131-8u131-b11-0ubuntu1.16.04.2-b11), built on May  6 2017 02:45:27 by "buildd" with gcc 5.4.0 20160609

time: Sun May 14 21:20:33 2017
elapsed time: 0 seconds (0d 0h 0m 0s)

