#
# There is insufficient memory for the Java Runtime Environment to continue.
# Native memory allocation (mmap) failed to map 268435456 bytes for committing reserved memory.
# Possible reasons:
#   The system is out of physical RAM or swap space
#   In 32 bit mode, the process size limit was hit
# Possible solutions:
#   Reduce memory load on the system
#   Increase physical memory or swap space
#   Check if swap backing store is full
#   Use 64 bit Java on a 64 bit OS
#   Decrease Java heap size (-Xmx/-Xms)
#   Decrease number of Java threads
#   Decrease Java thread stack sizes (-Xss)
#   Set larger code cache with -XX:ReservedCodeCacheSize=
# This output file may be truncated or incomplete.
#
#  Out of Memory Error (os_linux.cpp:2643), pid=23136, tid=0x00007f8c7bc90700
#
# JRE version:  (8.0_131-b11) (build )
# Java VM: OpenJDK 64-Bit Server VM (25.131-b11 mixed mode linux-amd64 compressed oops)
# Failed to write core dump. Core dumps have been disabled. To enable core dumping, try "ulimit -c unlimited" before starting Java again
#

---------------  T H R E A D  ---------------

Current thread (0x00007f8c7400a800):  JavaThread "Unknown thread" [_thread_in_vm, id=23138, stack(0x00007f8c7bb90000,0x00007f8c7bc91000)]

Stack: [0x00007f8c7bb90000,0x00007f8c7bc91000],  sp=0x00007f8c7bc8f5d0,  free space=1021k
Native frames: (J=compiled Java code, j=interpreted, Vv=VM code, C=native code)
V  [libjvm.so+0xa673eb]
V  [libjvm.so+0x4c3bec]
V  [libjvm.so+0x8b58a0]
V  [libjvm.so+0x8afd1e]
V  [libjvm.so+0xa63ce4]
V  [libjvm.so+0x5ca5f6]
V  [libjvm.so+0x4cd14f]
V  [libjvm.so+0x5cb9f2]
V  [libjvm.so+0x5b719f]
V  [libjvm.so+0xa2a8e9]
V  [libjvm.so+0xa2ab32]
V  [libjvm.so+0x60efff]
V  [libjvm.so+0xa0feda]
V  [libjvm.so+0x6891e2]  JNI_CreateJavaVM+0x62
C  [libjli.so+0x2f2e]
C  [libjli.so+0x73dd]
C  [libpthread.so.0+0x76ba]  start_thread+0xca


---------------  P R O C E S S  ---------------

Java Threads: ( => current thread )

Other Threads:

=>0x00007f8c7400a800 (exited) JavaThread "Unknown thread" [_thread_in_vm, id=23138, stack(0x00007f8c7bb90000,0x00007f8c7bc91000)]

VM state:not at safepoint (not fully initialized)

VM Mutex/Monitor currently owned by a thread: None

GC Heap History (0 events):
No events

Deoptimization events (0 events):
No events

Internal exceptions (0 events):
No events

Events (0 events):
No events


Dynamic libraries:
00400000-00401000 r-xp 00000000 ca:01 256501                             /usr/lib/jvm/java-8-openjdk-amd64/jre/bin/java
00600000-00601000 r--p 00000000 ca:01 256501                             /usr/lib/jvm/java-8-openjdk-amd64/jre/bin/java
00601000-00602000 rw-p 00001000 ca:01 256501                             /usr/lib/jvm/java-8-openjdk-amd64/jre/bin/java
00df0000-00e11000 rw-p 00000000 00:00 0                                  [heap]
e0000000-100000000 ---p 00000000 00:00 0 
7f8c65000000-7f8c65270000 rwxp 00000000 00:00 0 
7f8c65270000-7f8c74000000 ---p 00000000 00:00 0 
7f8c74000000-7f8c74031000 rw-p 00000000 00:00 0 
7f8c74031000-7f8c78000000 ---p 00000000 00:00 0 
7f8c780b7000-7f8c78237000 ---p 00000000 00:00 0 
7f8c78237000-7f8c78242000 rw-p 00000000 00:00 0 
7f8c78242000-7f8c785f8000 ---p 00000000 00:00 0 
7f8c785f8000-7f8c78600000 r-xp 00000000 ca:01 256441                     /usr/lib/jvm/java-8-openjdk-amd64/jre/lib/amd64/libzip.so
7f8c78600000-7f8c787ff000 ---p 00008000 ca:01 256441                     /usr/lib/jvm/java-8-openjdk-amd64/jre/lib/amd64/libzip.so
7f8c787ff000-7f8c78800000 r--p 00007000 ca:01 256441                     /usr/lib/jvm/java-8-openjdk-amd64/jre/lib/amd64/libzip.so
7f8c78800000-7f8c78801000 rw-p 00008000 ca:01 256441                     /usr/lib/jvm/java-8-openjdk-amd64/jre/lib/amd64/libzip.so
7f8c78801000-7f8c7880c000 r-xp 00000000 ca:01 2072                       /lib/x86_64-linux-gnu/libnss_files-2.23.so
7f8c7880c000-7f8c78a0b000 ---p 0000b000 ca:01 2072                       /lib/x86_64-linux-gnu/libnss_files-2.23.so
7f8c78a0b000-7f8c78a0c000 r--p 0000a000 ca:01 2072                       /lib/x86_64-linux-gnu/libnss_files-2.23.so
7f8c78a0c000-7f8c78a0d000 rw-p 0000b000 ca:01 2072                       /lib/x86_64-linux-gnu/libnss_files-2.23.so
7f8c78a0d000-7f8c78a13000 rw-p 00000000 00:00 0 
7f8c78a13000-7f8c78a1e000 r-xp 00000000 ca:01 2061                       /lib/x86_64-linux-gnu/libnss_nis-2.23.so
7f8c78a1e000-7f8c78c1d000 ---p 0000b000 ca:01 2061                       /lib/x86_64-linux-gnu/libnss_nis-2.23.so
7f8c78c1d000-7f8c78c1e000 r--p 0000a000 ca:01 2061                       /lib/x86_64-linux-gnu/libnss_nis-2.23.so
7f8c78c1e000-7f8c78c1f000 rw-p 0000b000 ca:01 2061                       /lib/x86_64-linux-gnu/libnss_nis-2.23.so
7f8c78c1f000-7f8c78c35000 r-xp 00000000 ca:01 2065                       /lib/x86_64-linux-gnu/libnsl-2.23.so
7f8c78c35000-7f8c78e34000 ---p 00016000 ca:01 2065                       /lib/x86_64-linux-gnu/libnsl-2.23.so
7f8c78e34000-7f8c78e35000 r--p 00015000 ca:01 2065                       /lib/x86_64-linux-gnu/libnsl-2.23.so
7f8c78e35000-7f8c78e36000 rw-p 00016000 ca:01 2065                       /lib/x86_64-linux-gnu/libnsl-2.23.so
7f8c78e36000-7f8c78e38000 rw-p 00000000 00:00 0 
7f8c78e38000-7f8c78e40000 r-xp 00000000 ca:01 2074                       /lib/x86_64-linux-gnu/libnss_compat-2.23.so
7f8c78e40000-7f8c7903f000 ---p 00008000 ca:01 2074                       /lib/x86_64-linux-gnu/libnss_compat-2.23.so
7f8c7903f000-7f8c79040000 r--p 00007000 ca:01 2074                       /lib/x86_64-linux-gnu/libnss_compat-2.23.so
7f8c79040000-7f8c79041000 rw-p 00008000 ca:01 2074                       /lib/x86_64-linux-gnu/libnss_compat-2.23.so
7f8c79041000-7f8c7906e000 r-xp 00000000 ca:01 256436                     /usr/lib/jvm/java-8-openjdk-amd64/jre/lib/amd64/libjava.so
7f8c7906e000-7f8c7926d000 ---p 0002d000 ca:01 256436                     /usr/lib/jvm/java-8-openjdk-amd64/jre/lib/amd64/libjava.so
7f8c7926d000-7f8c7926e000 r--p 0002c000 ca:01 256436                     /usr/lib/jvm/java-8-openjdk-amd64/jre/lib/amd64/libjava.so
7f8c7926e000-7f8c79270000 rw-p 0002d000 ca:01 256436                     /usr/lib/jvm/java-8-openjdk-amd64/jre/lib/amd64/libjava.so
7f8c79270000-7f8c7927f000 r-xp 00000000 ca:01 256433                     /usr/lib/jvm/java-8-openjdk-amd64/jre/lib/amd64/libverify.so
7f8c7927f000-7f8c7947e000 ---p 0000f000 ca:01 256433                     /usr/lib/jvm/java-8-openjdk-amd64/jre/lib/amd64/libverify.so
7f8c7947e000-7f8c79480000 r--p 0000e000 ca:01 256433                     /usr/lib/jvm/java-8-openjdk-amd64/jre/lib/amd64/libverify.so
7f8c79480000-7f8c79481000 rw-p 00010000 ca:01 256433                     /usr/lib/jvm/java-8-openjdk-amd64/jre/lib/amd64/libverify.so
7f8c79481000-7f8c79488000 r-xp 00000000 ca:01 2077                       /lib/x86_64-linux-gnu/librt-2.23.so
7f8c79488000-7f8c79687000 ---p 00007000 ca:01 2077                       /lib/x86_64-linux-gnu/librt-2.23.so
7f8c79687000-7f8c79688000 r--p 00006000 ca:01 2077                       /lib/x86_64-linux-gnu/librt-2.23.so
7f8c79688000-7f8c79689000 rw-p 00007000 ca:01 2077                       /lib/x86_64-linux-gnu/librt-2.23.so
7f8c79689000-7f8c7969f000 r-xp 00000000 ca:01 2038                       /lib/x86_64-linux-gnu/libgcc_s.so.1
7f8c7969f000-7f8c7989e000 ---p 00016000 ca:01 2038                       /lib/x86_64-linux-gnu/libgcc_s.so.1
7f8c7989e000-7f8c7989f000 rw-p 00015000 ca:01 2038                       /lib/x86_64-linux-gnu/libgcc_s.so.1
7f8c7989f000-7f8c799a7000 r-xp 00000000 ca:01 2064                       /lib/x86_64-linux-gnu/libm-2.23.so
7f8c799a7000-7f8c79ba6000 ---p 00108000 ca:01 2064                       /lib/x86_64-linux-gnu/libm-2.23.so
7f8c79ba6000-7f8c79ba7000 r--p 00107000 ca:01 2064                       /lib/x86_64-linux-gnu/libm-2.23.so
7f8c79ba7000-7f8c79ba8000 rw-p 00108000 ca:01 2064                       /lib/x86_64-linux-gnu/libm-2.23.so
7f8c79ba8000-7f8c79d1a000 r-xp 00000000 ca:01 25778                      /usr/lib/x86_64-linux-gnu/libstdc++.so.6.0.21
7f8c79d1a000-7f8c79f1a000 ---p 00172000 ca:01 25778                      /usr/lib/x86_64-linux-gnu/libstdc++.so.6.0.21
7f8c79f1a000-7f8c79f24000 r--p 00172000 ca:01 25778                      /usr/lib/x86_64-linux-gnu/libstdc++.so.6.0.21
7f8c79f24000-7f8c79f26000 rw-p 0017c000 ca:01 25778                      /usr/lib/x86_64-linux-gnu/libstdc++.so.6.0.21
7f8c79f26000-7f8c79f2a000 rw-p 00000000 00:00 0 
7f8c79f2a000-7f8c7ab7b000 r-xp 00000000 ca:01 256432                     /usr/lib/jvm/java-8-openjdk-amd64/jre/lib/amd64/server/libjvm.so
7f8c7ab7b000-7f8c7ad7b000 ---p 00c51000 ca:01 256432                     /usr/lib/jvm/java-8-openjdk-amd64/jre/lib/amd64/server/libjvm.so
7f8c7ad7b000-7f8c7ae0e000 r--p 00c51000 ca:01 256432                     /usr/lib/jvm/java-8-openjdk-amd64/jre/lib/amd64/server/libjvm.so
7f8c7ae0e000-7f8c7ae37000 rw-p 00ce4000 ca:01 256432                     /usr/lib/jvm/java-8-openjdk-amd64/jre/lib/amd64/server/libjvm.so
7f8c7ae37000-7f8c7ae67000 rw-p 00000000 00:00 0 
7f8c7ae67000-7f8c7ae7f000 r-xp 00000000 ca:01 2082                       /lib/x86_64-linux-gnu/libpthread-2.23.so
7f8c7ae7f000-7f8c7b07e000 ---p 00018000 ca:01 2082                       /lib/x86_64-linux-gnu/libpthread-2.23.so
7f8c7b07e000-7f8c7b07f000 r--p 00017000 ca:01 2082                       /lib/x86_64-linux-gnu/libpthread-2.23.so
7f8c7b07f000-7f8c7b080000 rw-p 00018000 ca:01 2082                       /lib/x86_64-linux-gnu/libpthread-2.23.so
7f8c7b080000-7f8c7b084000 rw-p 00000000 00:00 0 
7f8c7b084000-7f8c7b087000 r-xp 00000000 ca:01 2060                       /lib/x86_64-linux-gnu/libdl-2.23.so
7f8c7b087000-7f8c7b286000 ---p 00003000 ca:01 2060                       /lib/x86_64-linux-gnu/libdl-2.23.so
7f8c7b286000-7f8c7b287000 r--p 00002000 ca:01 2060                       /lib/x86_64-linux-gnu/libdl-2.23.so
7f8c7b287000-7f8c7b288000 rw-p 00003000 ca:01 2060                       /lib/x86_64-linux-gnu/libdl-2.23.so
7f8c7b288000-7f8c7b2a1000 r-xp 00000000 ca:01 2187                       /lib/x86_64-linux-gnu/libz.so.1.2.8
7f8c7b2a1000-7f8c7b4a0000 ---p 00019000 ca:01 2187                       /lib/x86_64-linux-gnu/libz.so.1.2.8
7f8c7b4a0000-7f8c7b4a1000 r--p 00018000 ca:01 2187                       /lib/x86_64-linux-gnu/libz.so.1.2.8
7f8c7b4a1000-7f8c7b4a2000 rw-p 00019000 ca:01 2187                       /lib/x86_64-linux-gnu/libz.so.1.2.8
7f8c7b4a2000-7f8c7b661000 r-xp 00000000 ca:01 2066                       /lib/x86_64-linux-gnu/libc-2.23.so
7f8c7b661000-7f8c7b861000 ---p 001bf000 ca:01 2066                       /lib/x86_64-linux-gnu/libc-2.23.so
7f8c7b861000-7f8c7b865000 r--p 001bf000 ca:01 2066                       /lib/x86_64-linux-gnu/libc-2.23.so
7f8c7b865000-7f8c7b867000 rw-p 001c3000 ca:01 2066                       /lib/x86_64-linux-gnu/libc-2.23.so
7f8c7b867000-7f8c7b86b000 rw-p 00000000 00:00 0 
7f8c7b86b000-7f8c7b878000 r-xp 00000000 ca:01 256449                     /usr/lib/jvm/java-8-openjdk-amd64/jre/lib/amd64/jli/libjli.so
7f8c7b878000-7f8c7ba78000 ---p 0000d000 ca:01 256449                     /usr/lib/jvm/java-8-openjdk-amd64/jre/lib/amd64/jli/libjli.so
7f8c7ba78000-7f8c7ba79000 r--p 0000d000 ca:01 256449                     /usr/lib/jvm/java-8-openjdk-amd64/jre/lib/amd64/jli/libjli.so
7f8c7ba79000-7f8c7ba7a000 rw-p 0000e000 ca:01 256449                     /usr/lib/jvm/java-8-openjdk-amd64/jre/lib/amd64/jli/libjli.so
7f8c7ba7a000-7f8c7baa0000 r-xp 00000000 ca:01 2069                       /lib/x86_64-linux-gnu/ld-2.23.so
7f8c7bb88000-7f8c7bb90000 rw-s 00000000 ca:01 274909                     /tmp/hsperfdata_ubuntu/23136
7f8c7bb90000-7f8c7bb93000 ---p 00000000 00:00 0 
7f8c7bb93000-7f8c7bc96000 rw-p 00000000 00:00 0 
7f8c7bc9b000-7f8c7bc9c000 rw-p 00000000 00:00 0 
7f8c7bc9c000-7f8c7bc9d000 r--p 00000000 00:00 0 
7f8c7bc9d000-7f8c7bc9f000 rw-p 00000000 00:00 0 
7f8c7bc9f000-7f8c7bca0000 r--p 00025000 ca:01 2069                       /lib/x86_64-linux-gnu/ld-2.23.so
7f8c7bca0000-7f8c7bca1000 rw-p 00026000 ca:01 2069                       /lib/x86_64-linux-gnu/ld-2.23.so
7f8c7bca1000-7f8c7bca2000 rw-p 00000000 00:00 0 
7ffcf934f000-7ffcf9370000 rw-p 00000000 00:00 0                          [stack]
7ffcf9399000-7ffcf939b000 r--p 00000000 00:00 0                          [vvar]
7ffcf939b000-7ffcf939d000 r-xp 00000000 00:00 0                          [vdso]
ffffffffff600000-ffffffffff601000 r-xp 00000000 00:00 0                  [vsyscall]

VM Arguments:
jvm_args: -Dgrails.env=test -Dgrails.full.stacktrace -Dinfo.app.grailsVersion=3.1.1 -Dinfo.app.name=Plantilla -Dinfo.app.version=0.1 -Djava.security.manager=jarjar.org.gradle.process.internal.child.BootstrapSecurityManager -XX:+TieredCompilation -XX:TieredStopAtLevel=1 -XX:CICompilerCount=3 -Xms768m -Xmx768m -Dfile.encoding=UTF-8 -Duser.country=US -Duser.language=en -Duser.variant -ea 
java_command: jarjar.org.gradle.process.internal.launcher.GradleWorkerMain 'Gradle Test Executor 21'
java_class_path (initial): /home/ubuntu/.gradle/caches/2.9/workerMain/gradle-worker.jar
Launcher Type: SUN_STANDARD

Environment Variables:
PATH=/home/ubuntu/bin:/home/ubuntu/.local/bin:/home/ubuntu/.sdkman/candidates/grails/current/bin:/home/ubuntu/.sdkman/candidates/gradle/current/bin:/usr/local/sbin:/usr/local/bin:/usr/sbin:/usr/bin:/sbin:/bin:/usr/games:/usr/local/games:/snap/bin
SHELL=/bin/bash

Signal Handlers:
SIGSEGV: [libjvm.so+0xa67f40], sa_mask[0]=11111111011111111101111111111110, sa_flags=SA_RESTART|SA_SIGINFO
SIGBUS: [libjvm.so+0xa67f40], sa_mask[0]=11111111011111111101111111111110, sa_flags=SA_RESTART|SA_SIGINFO
SIGFPE: [libjvm.so+0x8b0ec0], sa_mask[0]=11111111011111111101111111111110, sa_flags=SA_RESTART|SA_SIGINFO
SIGPIPE: [libjvm.so+0x8b0ec0], sa_mask[0]=11111111011111111101111111111110, sa_flags=SA_RESTART|SA_SIGINFO
SIGXFSZ: [libjvm.so+0x8b0ec0], sa_mask[0]=11111111011111111101111111111110, sa_flags=SA_RESTART|SA_SIGINFO
SIGILL: [libjvm.so+0x8b0ec0], sa_mask[0]=11111111011111111101111111111110, sa_flags=SA_RESTART|SA_SIGINFO
SIGUSR1: SIG_DFL, sa_mask[0]=00000000000000000000000000000000, sa_flags=none
SIGUSR2: [libjvm.so+0x8b0d70], sa_mask[0]=00100000000000000000000000000000, sa_flags=SA_RESTART|SA_SIGINFO
SIGHUP: SIG_DFL, sa_mask[0]=00000000000000000000000000000000, sa_flags=none
SIGINT: SIG_DFL, sa_mask[0]=00000000000000000000000000000000, sa_flags=none
SIGTERM: SIG_DFL, sa_mask[0]=00000000000000000000000000000000, sa_flags=none
SIGQUIT: SIG_DFL, sa_mask[0]=00000000000000000000000000000000, sa_flags=none


---------------  S Y S T E M  ---------------

OS:DISTRIB_ID=Ubuntu
DISTRIB_RELEASE=16.04
DISTRIB_CODENAME=xenial
DISTRIB_DESCRIPTION="Ubuntu 16.04.2 LTS"

uname:Linux 4.4.0-1013-aws #22-Ubuntu SMP Fri Mar 31 15:41:31 UTC 2017 x86_64
libc:glibc 2.23 NPTL 2.23 
rlimit: STACK 8192k, CORE 0k, NPROC 3902, NOFILE 65536, AS infinity
load average:1.21 0.81 2.12

/proc/meminfo:
MemTotal:        1014460 kB
MemFree:           71600 kB
MemAvailable:      31008 kB
Buffers:            4752 kB
Cached:            42884 kB
SwapCached:            0 kB
Active:           862392 kB
Inactive:          20084 kB
Active(anon):     838172 kB
Inactive(anon):     2308 kB
Active(file):      24220 kB
Inactive(file):    17776 kB
Unevictable:        3656 kB
Mlocked:            3656 kB
SwapTotal:             0 kB
SwapFree:              0 kB
Dirty:              3324 kB
Writeback:             0 kB
AnonPages:        838512 kB
Mapped:            23244 kB
Shmem:              3204 kB
Slab:              36372 kB
SReclaimable:      19648 kB
SUnreclaim:        16724 kB
KernelStack:        3152 kB
PageTables:         5112 kB
NFS_Unstable:          0 kB
Bounce:                0 kB
WritebackTmp:          0 kB
CommitLimit:      507228 kB
Committed_AS:     904360 kB
VmallocTotal:   34359738367 kB
VmallocUsed:           0 kB
VmallocChunk:          0 kB
HardwareCorrupted:     0 kB
AnonHugePages:    268288 kB
CmaTotal:              0 kB
CmaFree:               0 kB
HugePages_Total:       0
HugePages_Free:        0
HugePages_Rsvd:        0
HugePages_Surp:        0
Hugepagesize:       2048 kB
DirectMap4k:       45056 kB
DirectMap2M:     1003520 kB


CPU:total 1 (initial active 1) (1 cores per cpu, 1 threads per core) family 6 model 63 stepping 2, cmov, cx8, fxsr, mmx, sse, sse2, sse3, ssse3, sse4.1, sse4.2, popcnt, avx, avx2, aes, clmul, erms, lzcnt, tsc, bmi1, bmi2

/proc/cpuinfo:
processor	: 0
vendor_id	: GenuineIntel
cpu family	: 6
model		: 63
model name	: Intel(R) Xeon(R) CPU E5-2676 v3 @ 2.40GHz
stepping	: 2
microcode	: 0x25
cpu MHz		: 2400.056
cache size	: 30720 KB
physical id	: 0
siblings	: 1
core id		: 0
cpu cores	: 1
apicid		: 0
initial apicid	: 0
fpu		: yes
fpu_exception	: yes
cpuid level	: 13
wp		: yes
flags		: fpu vme de pse tsc msr pae mce cx8 apic sep mtrr pge mca cmov pat pse36 clflush mmx fxsr sse sse2 ht syscall nx rdtscp lm constant_tsc rep_good nopl xtopology eagerfpu pni pclmulqdq ssse3 fma cx16 pcid sse4_1 sse4_2 x2apic movbe popcnt tsc_deadline_timer aes xsave avx f16c rdrand hypervisor lahf_lm abm fsgsbase bmi1 avx2 smep bmi2 erms invpcid xsaveopt
bugs		:
bogomips	: 4800.11
clflush size	: 64
cache_alignment	: 64
address sizes	: 46 bits physical, 48 bits virtual
power management:



Memory: 4k page, physical 1014460k(71600k free), swap 0k(0k free)

vm_info: OpenJDK 64-Bit Server VM (25.131-b11) for linux-amd64 JRE (1.8.0_131-8u131-b11-0ubuntu1.16.04.2-b11), built on May  6 2017 02:45:27 by "buildd" with gcc 5.4.0 20160609

time: Mon May 15 00:18:29 2017
elapsed time: 0 seconds (0d 0h 0m 0s)

