#
# There is insufficient memory for the Java Runtime Environment to continue.
# Native memory allocation (mmap) failed to map 536870912 bytes for committing reserved memory.
# Possible reasons:
#   The system is out of physical RAM or swap space
#   In 32 bit mode, the process size limit was hit
# Possible solutions:
#   Reduce memory load on the system
#   Increase physical memory or swap space
#   Check if swap backing store is full
#   Use 64 bit Java on a 64 bit OS
#   Decrease Java heap size (-Xmx/-Xms)
#   Decrease number of Java threads
#   Decrease Java thread stack sizes (-Xss)
#   Set larger code cache with -XX:ReservedCodeCacheSize=
# This output file may be truncated or incomplete.
#
#  Out of Memory Error (os_linux.cpp:2643), pid=23226, tid=0x00007f08d3726700
#
# JRE version:  (8.0_131-b11) (build )
# Java VM: OpenJDK 64-Bit Server VM (25.131-b11 mixed mode linux-amd64 compressed oops)
# Failed to write core dump. Core dumps have been disabled. To enable core dumping, try "ulimit -c unlimited" before starting Java again
#

---------------  T H R E A D  ---------------

Current thread (0x00007f08cc00a800):  JavaThread "Unknown thread" [_thread_in_vm, id=23228, stack(0x00007f08d3626000,0x00007f08d3727000)]

Stack: [0x00007f08d3626000,0x00007f08d3727000],  sp=0x00007f08d3725500,  free space=1021k
Native frames: (J=compiled Java code, j=interpreted, Vv=VM code, C=native code)
V  [libjvm.so+0xa673eb]
V  [libjvm.so+0x4c3bec]
V  [libjvm.so+0x8b58a0]
V  [libjvm.so+0x8afd1e]
V  [libjvm.so+0xa63ce4]
V  [libjvm.so+0x5ca970]
V  [libjvm.so+0xa02b54]
V  [libjvm.so+0x5cb73a]
V  [libjvm.so+0x5b719f]
V  [libjvm.so+0xa2a8e9]
V  [libjvm.so+0xa2ab32]
V  [libjvm.so+0x60efff]
V  [libjvm.so+0xa0feda]
V  [libjvm.so+0x6891e2]  JNI_CreateJavaVM+0x62
C  [libjli.so+0x2f2e]
C  [libjli.so+0x73dd]
C  [libpthread.so.0+0x76ba]  start_thread+0xca


---------------  P R O C E S S  ---------------

Java Threads: ( => current thread )

Other Threads:

=>0x00007f08cc00a800 (exited) JavaThread "Unknown thread" [_thread_in_vm, id=23228, stack(0x00007f08d3626000,0x00007f08d3727000)]

VM state:not at safepoint (not fully initialized)

VM Mutex/Monitor currently owned by a thread: None

GC Heap History (0 events):
No events

Deoptimization events (0 events):
No events

Internal exceptions (0 events):
No events

Events (0 events):
No events


Dynamic libraries:
00400000-00401000 r-xp 00000000 ca:01 256501                             /usr/lib/jvm/java-8-openjdk-amd64/jre/bin/java
00600000-00601000 r--p 00000000 ca:01 256501                             /usr/lib/jvm/java-8-openjdk-amd64/jre/bin/java
00601000-00602000 rw-p 00001000 ca:01 256501                             /usr/lib/jvm/java-8-openjdk-amd64/jre/bin/java
0211f000-02140000 rw-p 00000000 00:00 0                                  [heap]
d0000000-e0000000 rw-p 00000000 00:00 0 
7f08bcabf000-7f08bcb3f000 rw-p 00000000 00:00 0 
7f08bcb3f000-7f08bcc3f000 ---p 00000000 00:00 0 
7f08bcc3f000-7f08bcc4a000 rw-p 00000000 00:00 0 
7f08bcc4a000-7f08bd000000 ---p 00000000 00:00 0 
7f08bd000000-7f08bd270000 rwxp 00000000 00:00 0 
7f08bd270000-7f08cc000000 ---p 00000000 00:00 0 
7f08cc000000-7f08cc033000 rw-p 00000000 00:00 0 
7f08cc033000-7f08d0000000 ---p 00000000 00:00 0 
7f08d008e000-7f08d0096000 r-xp 00000000 ca:01 256441                     /usr/lib/jvm/java-8-openjdk-amd64/jre/lib/amd64/libzip.so
7f08d0096000-7f08d0295000 ---p 00008000 ca:01 256441                     /usr/lib/jvm/java-8-openjdk-amd64/jre/lib/amd64/libzip.so
7f08d0295000-7f08d0296000 r--p 00007000 ca:01 256441                     /usr/lib/jvm/java-8-openjdk-amd64/jre/lib/amd64/libzip.so
7f08d0296000-7f08d0297000 rw-p 00008000 ca:01 256441                     /usr/lib/jvm/java-8-openjdk-amd64/jre/lib/amd64/libzip.so
7f08d0297000-7f08d02a2000 r-xp 00000000 ca:01 2072                       /lib/x86_64-linux-gnu/libnss_files-2.23.so
7f08d02a2000-7f08d04a1000 ---p 0000b000 ca:01 2072                       /lib/x86_64-linux-gnu/libnss_files-2.23.so
7f08d04a1000-7f08d04a2000 r--p 0000a000 ca:01 2072                       /lib/x86_64-linux-gnu/libnss_files-2.23.so
7f08d04a2000-7f08d04a3000 rw-p 0000b000 ca:01 2072                       /lib/x86_64-linux-gnu/libnss_files-2.23.so
7f08d04a3000-7f08d04a9000 rw-p 00000000 00:00 0 
7f08d04a9000-7f08d04b4000 r-xp 00000000 ca:01 2061                       /lib/x86_64-linux-gnu/libnss_nis-2.23.so
7f08d04b4000-7f08d06b3000 ---p 0000b000 ca:01 2061                       /lib/x86_64-linux-gnu/libnss_nis-2.23.so
7f08d06b3000-7f08d06b4000 r--p 0000a000 ca:01 2061                       /lib/x86_64-linux-gnu/libnss_nis-2.23.so
7f08d06b4000-7f08d06b5000 rw-p 0000b000 ca:01 2061                       /lib/x86_64-linux-gnu/libnss_nis-2.23.so
7f08d06b5000-7f08d06cb000 r-xp 00000000 ca:01 2065                       /lib/x86_64-linux-gnu/libnsl-2.23.so
7f08d06cb000-7f08d08ca000 ---p 00016000 ca:01 2065                       /lib/x86_64-linux-gnu/libnsl-2.23.so
7f08d08ca000-7f08d08cb000 r--p 00015000 ca:01 2065                       /lib/x86_64-linux-gnu/libnsl-2.23.so
7f08d08cb000-7f08d08cc000 rw-p 00016000 ca:01 2065                       /lib/x86_64-linux-gnu/libnsl-2.23.so
7f08d08cc000-7f08d08ce000 rw-p 00000000 00:00 0 
7f08d08ce000-7f08d08d6000 r-xp 00000000 ca:01 2074                       /lib/x86_64-linux-gnu/libnss_compat-2.23.so
7f08d08d6000-7f08d0ad5000 ---p 00008000 ca:01 2074                       /lib/x86_64-linux-gnu/libnss_compat-2.23.so
7f08d0ad5000-7f08d0ad6000 r--p 00007000 ca:01 2074                       /lib/x86_64-linux-gnu/libnss_compat-2.23.so
7f08d0ad6000-7f08d0ad7000 rw-p 00008000 ca:01 2074                       /lib/x86_64-linux-gnu/libnss_compat-2.23.so
7f08d0ad7000-7f08d0b04000 r-xp 00000000 ca:01 256436                     /usr/lib/jvm/java-8-openjdk-amd64/jre/lib/amd64/libjava.so
7f08d0b04000-7f08d0d03000 ---p 0002d000 ca:01 256436                     /usr/lib/jvm/java-8-openjdk-amd64/jre/lib/amd64/libjava.so
7f08d0d03000-7f08d0d04000 r--p 0002c000 ca:01 256436                     /usr/lib/jvm/java-8-openjdk-amd64/jre/lib/amd64/libjava.so
7f08d0d04000-7f08d0d06000 rw-p 0002d000 ca:01 256436                     /usr/lib/jvm/java-8-openjdk-amd64/jre/lib/amd64/libjava.so
7f08d0d06000-7f08d0d15000 r-xp 00000000 ca:01 256433                     /usr/lib/jvm/java-8-openjdk-amd64/jre/lib/amd64/libverify.so
7f08d0d15000-7f08d0f14000 ---p 0000f000 ca:01 256433                     /usr/lib/jvm/java-8-openjdk-amd64/jre/lib/amd64/libverify.so
7f08d0f14000-7f08d0f16000 r--p 0000e000 ca:01 256433                     /usr/lib/jvm/java-8-openjdk-amd64/jre/lib/amd64/libverify.so
7f08d0f16000-7f08d0f17000 rw-p 00010000 ca:01 256433                     /usr/lib/jvm/java-8-openjdk-amd64/jre/lib/amd64/libverify.so
7f08d0f17000-7f08d0f1e000 r-xp 00000000 ca:01 2077                       /lib/x86_64-linux-gnu/librt-2.23.so
7f08d0f1e000-7f08d111d000 ---p 00007000 ca:01 2077                       /lib/x86_64-linux-gnu/librt-2.23.so
7f08d111d000-7f08d111e000 r--p 00006000 ca:01 2077                       /lib/x86_64-linux-gnu/librt-2.23.so
7f08d111e000-7f08d111f000 rw-p 00007000 ca:01 2077                       /lib/x86_64-linux-gnu/librt-2.23.so
7f08d111f000-7f08d1135000 r-xp 00000000 ca:01 2038                       /lib/x86_64-linux-gnu/libgcc_s.so.1
7f08d1135000-7f08d1334000 ---p 00016000 ca:01 2038                       /lib/x86_64-linux-gnu/libgcc_s.so.1
7f08d1334000-7f08d1335000 rw-p 00015000 ca:01 2038                       /lib/x86_64-linux-gnu/libgcc_s.so.1
7f08d1335000-7f08d143d000 r-xp 00000000 ca:01 2064                       /lib/x86_64-linux-gnu/libm-2.23.so
7f08d143d000-7f08d163c000 ---p 00108000 ca:01 2064                       /lib/x86_64-linux-gnu/libm-2.23.so
7f08d163c000-7f08d163d000 r--p 00107000 ca:01 2064                       /lib/x86_64-linux-gnu/libm-2.23.so
7f08d163d000-7f08d163e000 rw-p 00108000 ca:01 2064                       /lib/x86_64-linux-gnu/libm-2.23.so
7f08d163e000-7f08d17b0000 r-xp 00000000 ca:01 25778                      /usr/lib/x86_64-linux-gnu/libstdc++.so.6.0.21
7f08d17b0000-7f08d19b0000 ---p 00172000 ca:01 25778                      /usr/lib/x86_64-linux-gnu/libstdc++.so.6.0.21
7f08d19b0000-7f08d19ba000 r--p 00172000 ca:01 25778                      /usr/lib/x86_64-linux-gnu/libstdc++.so.6.0.21
7f08d19ba000-7f08d19bc000 rw-p 0017c000 ca:01 25778                      /usr/lib/x86_64-linux-gnu/libstdc++.so.6.0.21
7f08d19bc000-7f08d19c0000 rw-p 00000000 00:00 0 
7f08d19c0000-7f08d2611000 r-xp 00000000 ca:01 256432                     /usr/lib/jvm/java-8-openjdk-amd64/jre/lib/amd64/server/libjvm.so
7f08d2611000-7f08d2811000 ---p 00c51000 ca:01 256432                     /usr/lib/jvm/java-8-openjdk-amd64/jre/lib/amd64/server/libjvm.so
7f08d2811000-7f08d28a4000 r--p 00c51000 ca:01 256432                     /usr/lib/jvm/java-8-openjdk-amd64/jre/lib/amd64/server/libjvm.so
7f08d28a4000-7f08d28cd000 rw-p 00ce4000 ca:01 256432                     /usr/lib/jvm/java-8-openjdk-amd64/jre/lib/amd64/server/libjvm.so
7f08d28cd000-7f08d28fd000 rw-p 00000000 00:00 0 
7f08d28fd000-7f08d2915000 r-xp 00000000 ca:01 2082                       /lib/x86_64-linux-gnu/libpthread-2.23.so
7f08d2915000-7f08d2b14000 ---p 00018000 ca:01 2082                       /lib/x86_64-linux-gnu/libpthread-2.23.so
7f08d2b14000-7f08d2b15000 r--p 00017000 ca:01 2082                       /lib/x86_64-linux-gnu/libpthread-2.23.so
7f08d2b15000-7f08d2b16000 rw-p 00018000 ca:01 2082                       /lib/x86_64-linux-gnu/libpthread-2.23.so
7f08d2b16000-7f08d2b1a000 rw-p 00000000 00:00 0 
7f08d2b1a000-7f08d2b1d000 r-xp 00000000 ca:01 2060                       /lib/x86_64-linux-gnu/libdl-2.23.so
7f08d2b1d000-7f08d2d1c000 ---p 00003000 ca:01 2060                       /lib/x86_64-linux-gnu/libdl-2.23.so
7f08d2d1c000-7f08d2d1d000 r--p 00002000 ca:01 2060                       /lib/x86_64-linux-gnu/libdl-2.23.so
7f08d2d1d000-7f08d2d1e000 rw-p 00003000 ca:01 2060                       /lib/x86_64-linux-gnu/libdl-2.23.so
7f08d2d1e000-7f08d2d37000 r-xp 00000000 ca:01 2187                       /lib/x86_64-linux-gnu/libz.so.1.2.8
7f08d2d37000-7f08d2f36000 ---p 00019000 ca:01 2187                       /lib/x86_64-linux-gnu/libz.so.1.2.8
7f08d2f36000-7f08d2f37000 r--p 00018000 ca:01 2187                       /lib/x86_64-linux-gnu/libz.so.1.2.8
7f08d2f37000-7f08d2f38000 rw-p 00019000 ca:01 2187                       /lib/x86_64-linux-gnu/libz.so.1.2.8
7f08d2f38000-7f08d30f7000 r-xp 00000000 ca:01 2066                       /lib/x86_64-linux-gnu/libc-2.23.so
7f08d30f7000-7f08d32f7000 ---p 001bf000 ca:01 2066                       /lib/x86_64-linux-gnu/libc-2.23.so
7f08d32f7000-7f08d32fb000 r--p 001bf000 ca:01 2066                       /lib/x86_64-linux-gnu/libc-2.23.so
7f08d32fb000-7f08d32fd000 rw-p 001c3000 ca:01 2066                       /lib/x86_64-linux-gnu/libc-2.23.so
7f08d32fd000-7f08d3301000 rw-p 00000000 00:00 0 
7f08d3301000-7f08d330e000 r-xp 00000000 ca:01 256449                     /usr/lib/jvm/java-8-openjdk-amd64/jre/lib/amd64/jli/libjli.so
7f08d330e000-7f08d350e000 ---p 0000d000 ca:01 256449                     /usr/lib/jvm/java-8-openjdk-amd64/jre/lib/amd64/jli/libjli.so
7f08d350e000-7f08d350f000 r--p 0000d000 ca:01 256449                     /usr/lib/jvm/java-8-openjdk-amd64/jre/lib/amd64/jli/libjli.so
7f08d350f000-7f08d3510000 rw-p 0000e000 ca:01 256449                     /usr/lib/jvm/java-8-openjdk-amd64/jre/lib/amd64/jli/libjli.so
7f08d3510000-7f08d3536000 r-xp 00000000 ca:01 2069                       /lib/x86_64-linux-gnu/ld-2.23.so
7f08d361e000-7f08d3626000 rw-s 00000000 ca:01 274907                     /tmp/hsperfdata_ubuntu/23226
7f08d3626000-7f08d3629000 ---p 00000000 00:00 0 
7f08d3629000-7f08d372c000 rw-p 00000000 00:00 0 
7f08d3731000-7f08d3732000 rw-p 00000000 00:00 0 
7f08d3732000-7f08d3733000 r--p 00000000 00:00 0 
7f08d3733000-7f08d3735000 rw-p 00000000 00:00 0 
7f08d3735000-7f08d3736000 r--p 00025000 ca:01 2069                       /lib/x86_64-linux-gnu/ld-2.23.so
7f08d3736000-7f08d3737000 rw-p 00026000 ca:01 2069                       /lib/x86_64-linux-gnu/ld-2.23.so
7f08d3737000-7f08d3738000 rw-p 00000000 00:00 0 
7ffef1eec000-7ffef1f0d000 rw-p 00000000 00:00 0                          [stack]
7ffef1f2a000-7ffef1f2c000 r--p 00000000 00:00 0                          [vvar]
7ffef1f2c000-7ffef1f2e000 r-xp 00000000 00:00 0                          [vdso]
ffffffffff600000-ffffffffff601000 r-xp 00000000 00:00 0                  [vsyscall]

VM Arguments:
jvm_args: -Dgrails.env=test -Dgrails.full.stacktrace -Dinfo.app.grailsVersion=3.1.1 -Dinfo.app.name=Plantilla -Dinfo.app.version=0.1 -Djava.security.manager=jarjar.org.gradle.process.internal.child.BootstrapSecurityManager -XX:+TieredCompilation -XX:TieredStopAtLevel=1 -XX:CICompilerCount=3 -Xms768m -Xmx768m -Dfile.encoding=UTF-8 -Duser.country=US -Duser.language=en -Duser.variant -ea 
java_command: jarjar.org.gradle.process.internal.launcher.GradleWorkerMain 'Gradle Test Executor 5'
java_class_path (initial): /home/ubuntu/.gradle/caches/2.9/workerMain/gradle-worker.jar
Launcher Type: SUN_STANDARD

Environment Variables:
PATH=/home/ubuntu/bin:/home/ubuntu/.local/bin:/home/ubuntu/.sdkman/candidates/grails/current/bin:/home/ubuntu/.sdkman/candidates/gradle/current/bin:/usr/local/sbin:/usr/local/bin:/usr/sbin:/usr/bin:/sbin:/bin:/usr/games:/usr/local/games:/snap/bin
SHELL=/bin/bash

Signal Handlers:
SIGSEGV: [libjvm.so+0xa67f40], sa_mask[0]=11111111011111111101111111111110, sa_flags=SA_RESTART|SA_SIGINFO
SIGBUS: [libjvm.so+0xa67f40], sa_mask[0]=11111111011111111101111111111110, sa_flags=SA_RESTART|SA_SIGINFO
SIGFPE: [libjvm.so+0x8b0ec0], sa_mask[0]=11111111011111111101111111111110, sa_flags=SA_RESTART|SA_SIGINFO
SIGPIPE: [libjvm.so+0x8b0ec0], sa_mask[0]=11111111011111111101111111111110, sa_flags=SA_RESTART|SA_SIGINFO
SIGXFSZ: [libjvm.so+0x8b0ec0], sa_mask[0]=11111111011111111101111111111110, sa_flags=SA_RESTART|SA_SIGINFO
SIGILL: [libjvm.so+0x8b0ec0], sa_mask[0]=11111111011111111101111111111110, sa_flags=SA_RESTART|SA_SIGINFO
SIGUSR1: SIG_DFL, sa_mask[0]=00000000000000000000000000000000, sa_flags=none
SIGUSR2: [libjvm.so+0x8b0d70], sa_mask[0]=00100000000000000000000000000000, sa_flags=SA_RESTART|SA_SIGINFO
SIGHUP: SIG_DFL, sa_mask[0]=00000000000000000000000000000000, sa_flags=none
SIGINT: SIG_DFL, sa_mask[0]=00000000000000000000000000000000, sa_flags=none
SIGTERM: SIG_DFL, sa_mask[0]=00000000000000000000000000000000, sa_flags=none
SIGQUIT: SIG_DFL, sa_mask[0]=00000000000000000000000000000000, sa_flags=none


---------------  S Y S T E M  ---------------

OS:DISTRIB_ID=Ubuntu
DISTRIB_RELEASE=16.04
DISTRIB_CODENAME=xenial
DISTRIB_DESCRIPTION="Ubuntu 16.04.2 LTS"

uname:Linux 4.4.0-1013-aws #22-Ubuntu SMP Fri Mar 31 15:41:31 UTC 2017 x86_64
libc:glibc 2.23 NPTL 2.23 
rlimit: STACK 8192k, CORE 0k, NPROC 3902, NOFILE 65536, AS infinity
load average:1.29 0.87 2.09

/proc/meminfo:
MemTotal:        1014460 kB
MemFree:           61864 kB
MemAvailable:     393260 kB
Buffers:           11800 kB
Cached:           440272 kB
SwapCached:            0 kB
Active:           728788 kB
Inactive:         159440 kB
Active(anon):     439472 kB
Inactive(anon):     2308 kB
Active(file):     289316 kB
Inactive(file):   157132 kB
Unevictable:        3656 kB
Mlocked:            3656 kB
SwapTotal:             0 kB
SwapFree:              0 kB
Dirty:             30784 kB
Writeback:             0 kB
AnonPages:        439848 kB
Mapped:            29936 kB
Shmem:              3204 kB
Slab:              41868 kB
SReclaimable:      25352 kB
SUnreclaim:        16516 kB
KernelStack:        2832 kB
PageTables:         4024 kB
NFS_Unstable:          0 kB
Bounce:                0 kB
WritebackTmp:          0 kB
CommitLimit:      507228 kB
Committed_AS:     834432 kB
VmallocTotal:   34359738367 kB
VmallocUsed:           0 kB
VmallocChunk:          0 kB
HardwareCorrupted:     0 kB
AnonHugePages:    180224 kB
CmaTotal:              0 kB
CmaFree:               0 kB
HugePages_Total:       0
HugePages_Free:        0
HugePages_Rsvd:        0
HugePages_Surp:        0
Hugepagesize:       2048 kB
DirectMap4k:       45056 kB
DirectMap2M:     1003520 kB


CPU:total 1 (initial active 1) (1 cores per cpu, 1 threads per core) family 6 model 63 stepping 2, cmov, cx8, fxsr, mmx, sse, sse2, sse3, ssse3, sse4.1, sse4.2, popcnt, avx, avx2, aes, clmul, erms, lzcnt, tsc, bmi1, bmi2

/proc/cpuinfo:
processor	: 0
vendor_id	: GenuineIntel
cpu family	: 6
model		: 63
model name	: Intel(R) Xeon(R) CPU E5-2676 v3 @ 2.40GHz
stepping	: 2
microcode	: 0x25
cpu MHz		: 2400.056
cache size	: 30720 KB
physical id	: 0
siblings	: 1
core id		: 0
cpu cores	: 1
apicid		: 0
initial apicid	: 0
fpu		: yes
fpu_exception	: yes
cpuid level	: 13
wp		: yes
flags		: fpu vme de pse tsc msr pae mce cx8 apic sep mtrr pge mca cmov pat pse36 clflush mmx fxsr sse sse2 ht syscall nx rdtscp lm constant_tsc rep_good nopl xtopology eagerfpu pni pclmulqdq ssse3 fma cx16 pcid sse4_1 sse4_2 x2apic movbe popcnt tsc_deadline_timer aes xsave avx f16c rdrand hypervisor lahf_lm abm fsgsbase bmi1 avx2 smep bmi2 erms invpcid xsaveopt
bugs		:
bogomips	: 4800.11
clflush size	: 64
cache_alignment	: 64
address sizes	: 46 bits physical, 48 bits virtual
power management:



Memory: 4k page, physical 1014460k(61864k free), swap 0k(0k free)

vm_info: OpenJDK 64-Bit Server VM (25.131-b11) for linux-amd64 JRE (1.8.0_131-8u131-b11-0ubuntu1.16.04.2-b11), built on May  6 2017 02:45:27 by "buildd" with gcc 5.4.0 20160609

time: Mon May 15 00:19:06 2017
elapsed time: 0 seconds (0d 0h 0m 0s)

